[ 2017-04-01T18:38:52+08:00 ] 101.226.64.174 /
INFO: [ app_init ] --START--
INFO: Run Behavior\BuildLiteBehavior [ RunTime:0.000009s ]
INFO: [ app_init ] --END-- [ RunTime:0.000076s ]
INFO: [ app_begin ] --START--
INFO: Run Behavior\ReadHtmlCacheBehavior [ RunTime:0.000026s ]
INFO: [ app_begin ] --END-- [ RunTime:0.000047s ]
SQL: SHOW COLUMNS FROM `users` [ RunTime:0.2999s ]
SQL: SELECT * FROM `users` WHERE `iden` = null LIMIT 1   [ RunTime:0.0002s ]
SQL: SHOW COLUMNS FROM `videos` [ RunTime:0.0006s ]
SQL: SHOW COLUMNS FROM `videos_item` [ RunTime:0.0008s ]
SQL: SHOW COLUMNS FROM `categroies` [ RunTime:0.0006s ]
SQL: SELECT * FROM `videos` ORDER BY ctime desc LIMIT 0,3   [ RunTime:0.0004s ]
SQL: SELECT * FROM `videos` ORDER BY likescount desc,ctime desc LIMIT 0,3   [ RunTime:0.0001s ]
SQL: SELECT * FROM `videos` ORDER BY likescount desc,ctime desc LIMIT 0,8   [ RunTime:0.0001s ]
SQL: SELECT * FROM `categroies`  [ RunTime:0.0033s ]
SQL: SHOW COLUMNS FROM `views` [ RunTime:0.0008s ]
SQL: INSERT INTO `views` (`user_name`,`user_agent`,`user_ip`,`vtime`) VALUES ('保密','Mozilla/5.0 (iPhone; CPU iPhone OS 9_3_4 like Mac OS X) AppleWebKit/601.1.46 (KHTML, like Gecko) Mobile/13G35 QQ/6.5.3.410 V1_IPH_SQ_6.5.3_1_APP_A Pixel/750 Core/UIWebView NetType/2G Mem/117','101.226.64.174','1491043131') [ RunTime:0.0003s ]
INFO: [ view_parse ] --START--
INFO: [ template_filter ] --START--
INFO: Run Behavior\ContentReplaceBehavior [ RunTime:0.104691s ]
INFO: [ template_filter ] --END-- [ RunTime:0.104766s ]
INFO: Run Behavior\ParseTemplateBehavior [ RunTime:0.546526s ]
INFO: [ view_parse ] --END-- [ RunTime:0.546570s ]
INFO: [ view_filter ] --START--
INFO: Run Behavior\WriteHtmlCacheBehavior [ RunTime:0.000042s ]
INFO: [ view_filter ] --END-- [ RunTime:0.000053s ]
INFO: [ app_end ] --START--
INFO: Run Behavior\ShowPageTraceBehavior [ RunTime:0.000027s ]
INFO: [ app_end ] --END-- [ RunTime:0.000045s ]

