[ 2017-03-05T02:17:54+08:00 ] 112.90.82.218 /Search/index.html?keyword%252525252525252525252525253D%2525252525252525252525252525E6%252525252525252525252525252597%25252525252525252525252525258B%2525252525252525252525252525E8%2525252525252525252525252525BD%2525252525252525252525252525AC
INFO: [ app_init ] --START--
INFO: Run Behavior\BuildLiteBehavior [ RunTime:0.000008s ]
INFO: [ app_init ] --END-- [ RunTime:0.000070s ]
INFO: [ app_begin ] --START--
INFO: Run Behavior\ReadHtmlCacheBehavior [ RunTime:0.000027s ]
INFO: [ app_begin ] --END-- [ RunTime:0.000050s ]
ERR: 无法加载控制器:Search

[ 2017-03-05T07:01:03+08:00 ] 112.90.82.218 /Search/index.html?keyword%2525252525252525252525252525253D%25252525252525252525252525252525E6%2525252525252525252525252525252597%252525252525252525252525252525258B%25252525252525252525252525252525E8%25252525252525252525252525252525BD%25252525252525252525252525252525AC
INFO: [ app_init ] --START--
INFO: Run Behavior\BuildLiteBehavior [ RunTime:0.000010s ]
INFO: [ app_init ] --END-- [ RunTime:0.000070s ]
INFO: [ app_begin ] --START--
INFO: Run Behavior\ReadHtmlCacheBehavior [ RunTime:0.000093s ]
INFO: [ app_begin ] --END-- [ RunTime:0.000121s ]
ERR: 无法加载控制器:Search

[ 2017-03-05T16:46:24+08:00 ] 101.226.64.174 /Search/index.html?keyword%2525252525252525252525252525252525253D%25252525252525252525252525252525252525E6%2525252525252525252525252525252525252597%252525252525252525252525252525252525258B%25252525252525252525252525252525252525E8%25252525252525252525252525252525252525BD%25252525252525252525252525252525252525AC
INFO: [ app_init ] --START--
INFO: Run Behavior\BuildLiteBehavior [ RunTime:0.000009s ]
INFO: [ app_init ] --END-- [ RunTime:0.000080s ]
INFO: [ app_begin ] --START--
INFO: Run Behavior\ReadHtmlCacheBehavior [ RunTime:0.000030s ]
INFO: [ app_begin ] --END-- [ RunTime:0.000054s ]
ERR: 无法加载控制器:Search

