[ 2017-03-07T00:17:55+08:00 ] 183.57.53.222 /Passport/index.html
INFO: [ app_init ] --START--
INFO: Run Behavior\BuildLiteBehavior [ RunTime:0.000015s ]
INFO: [ app_init ] --END-- [ RunTime:0.000077s ]
INFO: [ app_begin ] --START--
INFO: Run Behavior\ReadHtmlCacheBehavior [ RunTime:0.000027s ]
INFO: [ app_begin ] --END-- [ RunTime:0.000048s ]
INFO: [ view_parse ] --START--
INFO: [ template_filter ] --START--
INFO: Run Behavior\ContentReplaceBehavior [ RunTime:0.000029s ]
INFO: [ template_filter ] --END-- [ RunTime:0.000048s ]
INFO: Run Behavior\ParseTemplateBehavior [ RunTime:0.001067s ]
INFO: [ view_parse ] --END-- [ RunTime:0.001089s ]
INFO: [ view_filter ] --START--
INFO: Run Behavior\WriteHtmlCacheBehavior [ RunTime:0.000063s ]
INFO: [ view_filter ] --END-- [ RunTime:0.000083s ]
INFO: [ app_end ] --START--
INFO: Run Behavior\ShowPageTraceBehavior [ RunTime:0.000028s ]
INFO: [ app_end ] --END-- [ RunTime:0.000043s ]

[ 2017-03-07T00:17:55+08:00 ] 183.57.53.222 /Play/index/vItemid/168/vid/11.html
INFO: [ app_init ] --START--
INFO: Run Behavior\BuildLiteBehavior [ RunTime:0.000008s ]
INFO: [ app_init ] --END-- [ RunTime:0.000064s ]
INFO: [ app_begin ] --START--
INFO: Run Behavior\ReadHtmlCacheBehavior [ RunTime:0.000024s ]
INFO: [ app_begin ] --END-- [ RunTime:0.000050s ]
SQL: SHOW COLUMNS FROM `users` [ RunTime:0.0008s ]
SQL: SELECT * FROM `users` WHERE `iden` = null LIMIT 1   [ RunTime:0.0001s ]
INFO: [ view_parse ] --START--
INFO: [ template_filter ] --START--
INFO: Run Behavior\ContentReplaceBehavior [ RunTime:0.000066s ]
INFO: [ template_filter ] --END-- [ RunTime:0.000110s ]
NOTIC: [8] Undefined variable: cid /data/wwwroot/share/Application/Runtime/Cache/Mobile/9d0b7fe8cc7d3d2b2a409fcd21a33865.php 第 21 行.
NOTIC: [8] Undefined variable: videosInfo /data/wwwroot/share/Application/Runtime/Cache/Mobile/9d0b7fe8cc7d3d2b2a409fcd21a33865.php 第 23 行.
NOTIC: [8] Undefined variable: isLike /data/wwwroot/share/Application/Runtime/Cache/Mobile/9d0b7fe8cc7d3d2b2a409fcd21a33865.php 第 25 行.
NOTIC: [8] Undefined variable: videosInfo /data/wwwroot/share/Application/Runtime/Cache/Mobile/9d0b7fe8cc7d3d2b2a409fcd21a33865.php 第 31 行.
NOTIC: [8] Undefined variable: videosItemInfo /data/wwwroot/share/Application/Runtime/Cache/Mobile/9d0b7fe8cc7d3d2b2a409fcd21a33865.php 第 31 行.
NOTIC: [8] Undefined variable: vItemid /data/wwwroot/share/Application/Runtime/Cache/Mobile/9d0b7fe8cc7d3d2b2a409fcd21a33865.php 第 31 行.
NOTIC: [8] Undefined variable: videosItemInfo /data/wwwroot/share/Application/Runtime/Cache/Mobile/9d0b7fe8cc7d3d2b2a409fcd21a33865.php 第 32 行.
NOTIC: [8] Undefined variable: vItemid /data/wwwroot/share/Application/Runtime/Cache/Mobile/9d0b7fe8cc7d3d2b2a409fcd21a33865.php 第 32 行.
NOTIC: [8] Undefined variable: videosItemInfo /data/wwwroot/share/Application/Runtime/Cache/Mobile/9d0b7fe8cc7d3d2b2a409fcd21a33865.php 第 33 行.
NOTIC: [8] Undefined variable: vItemid /data/wwwroot/share/Application/Runtime/Cache/Mobile/9d0b7fe8cc7d3d2b2a409fcd21a33865.php 第 33 行.
NOTIC: [8] Undefined variable: videosItemInfo /data/wwwroot/share/Application/Runtime/Cache/Mobile/9d0b7fe8cc7d3d2b2a409fcd21a33865.php 第 52 行.
NOTIC: [8] Undefined variable: videosInfo /data/wwwroot/share/Application/Runtime/Cache/Mobile/9d0b7fe8cc7d3d2b2a409fcd21a33865.php 第 72 行.
NOTIC: [8] Undefined variable: videosInfo /data/wwwroot/share/Application/Runtime/Cache/Mobile/9d0b7fe8cc7d3d2b2a409fcd21a33865.php 第 73 行.
NOTIC: [8] Undefined variable: videosInfo /data/wwwroot/share/Application/Runtime/Cache/Mobile/9d0b7fe8cc7d3d2b2a409fcd21a33865.php 第 75 行.
NOTIC: [8] Undefined variable: videosInfo /data/wwwroot/share/Application/Runtime/Cache/Mobile/9d0b7fe8cc7d3d2b2a409fcd21a33865.php 第 77 行.
NOTIC: [8] Undefined variable: getRelaVideos /data/wwwroot/share/Application/Runtime/Cache/Mobile/9d0b7fe8cc7d3d2b2a409fcd21a33865.php 第 83 行.
NOTIC: [8] Undefined variable: videosInfo /data/wwwroot/share/Application/Runtime/Cache/Mobile/9d0b7fe8cc7d3d2b2a409fcd21a33865.php 第 101 行.
INFO: Run Behavior\ParseTemplateBehavior [ RunTime:0.003227s ]
INFO: [ view_parse ] --END-- [ RunTime:0.003259s ]
INFO: [ view_filter ] --START--
INFO: Run Behavior\WriteHtmlCacheBehavior [ RunTime:0.000032s ]
INFO: [ view_filter ] --END-- [ RunTime:0.000051s ]
INFO: [ app_end ] --START--
INFO: Run Behavior\ShowPageTraceBehavior [ RunTime:0.000024s ]
INFO: [ app_end ] --END-- [ RunTime:0.000042s ]

[ 2017-03-07T00:18:03+08:00 ] 101.226.68.215 /Classify/index/cid/10.html
INFO: [ app_init ] --START--
INFO: Run Behavior\BuildLiteBehavior [ RunTime:0.000008s ]
INFO: [ app_init ] --END-- [ RunTime:0.000057s ]
INFO: [ app_begin ] --START--
INFO: Run Behavior\ReadHtmlCacheBehavior [ RunTime:0.000015s ]
INFO: [ app_begin ] --END-- [ RunTime:0.000029s ]
ERR: 无法加载控制器:Classify

[ 2017-03-07T00:40:15+08:00 ] 183.57.53.222 /Classify/index/cid/11.html
INFO: [ app_init ] --START--
INFO: Run Behavior\BuildLiteBehavior [ RunTime:0.000008s ]
INFO: [ app_init ] --END-- [ RunTime:0.000059s ]
INFO: [ app_begin ] --START--
INFO: Run Behavior\ReadHtmlCacheBehavior [ RunTime:0.000018s ]
INFO: [ app_begin ] --END-- [ RunTime:0.000033s ]
ERR: 无法加载控制器:Classify

[ 2017-03-07T00:56:11+08:00 ] 183.57.53.196 /Uploader/uploads/vid/15.html
INFO: [ app_init ] --START--
INFO: Run Behavior\BuildLiteBehavior [ RunTime:0.000007s ]
INFO: [ app_init ] --END-- [ RunTime:0.000071s ]
INFO: [ app_begin ] --START--
INFO: Run Behavior\ReadHtmlCacheBehavior [ RunTime:0.000027s ]
INFO: [ app_begin ] --END-- [ RunTime:0.000049s ]
ERR: 无法加载控制器:Uploader

[ 2017-03-07T00:56:12+08:00 ] 119.147.207.158 /Classify/index/cid/9.html
INFO: [ app_init ] --START--
INFO: Run Behavior\BuildLiteBehavior [ RunTime:0.000008s ]
INFO: [ app_init ] --END-- [ RunTime:0.000060s ]
INFO: [ app_begin ] --START--
INFO: Run Behavior\ReadHtmlCacheBehavior [ RunTime:0.000025s ]
INFO: [ app_begin ] --END-- [ RunTime:0.000048s ]
ERR: 无法加载控制器:Classify

[ 2017-03-07T01:16:37+08:00 ] 101.226.64.174 /Search/index.html?keyword%3D%25E5%258F%258D%25E8%25BD%25AC
INFO: [ app_init ] --START--
INFO: Run Behavior\BuildLiteBehavior [ RunTime:0.000006s ]
INFO: [ app_init ] --END-- [ RunTime:0.000048s ]
INFO: [ app_begin ] --START--
INFO: Run Behavior\ReadHtmlCacheBehavior [ RunTime:0.000021s ]
INFO: [ app_begin ] --END-- [ RunTime:0.000035s ]
ERR: 无法加载控制器:Search

[ 2017-03-07T04:40:05+08:00 ] 183.57.53.177 /Passport/index.html
INFO: [ app_init ] --START--
INFO: Run Behavior\BuildLiteBehavior [ RunTime:0.000009s ]
INFO: [ app_init ] --END-- [ RunTime:0.000061s ]
INFO: [ app_begin ] --START--
INFO: Run Behavior\ReadHtmlCacheBehavior [ RunTime:0.000019s ]
INFO: [ app_begin ] --END-- [ RunTime:0.000033s ]
INFO: [ view_parse ] --START--
INFO: [ template_filter ] --START--
INFO: Run Behavior\ContentReplaceBehavior [ RunTime:0.000031s ]
INFO: [ template_filter ] --END-- [ RunTime:0.000057s ]
INFO: Run Behavior\ParseTemplateBehavior [ RunTime:0.000975s ]
INFO: [ view_parse ] --END-- [ RunTime:0.000994s ]
INFO: [ view_filter ] --START--
INFO: Run Behavior\WriteHtmlCacheBehavior [ RunTime:0.000025s ]
INFO: [ view_filter ] --END-- [ RunTime:0.000034s ]
INFO: [ app_end ] --START--
INFO: Run Behavior\ShowPageTraceBehavior [ RunTime:0.000017s ]
INFO: [ app_end ] --END-- [ RunTime:0.000025s ]

[ 2017-03-07T06:44:47+08:00 ] 112.90.82.218 /Classify/index/cid/11.html
INFO: [ app_init ] --START--
INFO: Run Behavior\BuildLiteBehavior [ RunTime:0.000008s ]
INFO: [ app_init ] --END-- [ RunTime:0.000065s ]
INFO: [ app_begin ] --START--
INFO: Run Behavior\ReadHtmlCacheBehavior [ RunTime:0.000025s ]
INFO: [ app_begin ] --END-- [ RunTime:0.000047s ]
ERR: 无法加载控制器:Classify

[ 2017-03-07T07:04:45+08:00 ] 183.57.53.222 /Play/likeVideo.html?option%25253D1%252526vid%25253D15
INFO: [ app_init ] --START--
INFO: Run Behavior\BuildLiteBehavior [ RunTime:0.000007s ]
INFO: [ app_init ] --END-- [ RunTime:0.000067s ]
INFO: [ app_begin ] --START--
INFO: Run Behavior\ReadHtmlCacheBehavior [ RunTime:0.000035s ]
INFO: [ app_begin ] --END-- [ RunTime:0.000104s ]
SQL: SHOW COLUMNS FROM `users` [ RunTime:0.0009s ]
SQL: SELECT * FROM `users` WHERE `iden` = null LIMIT 1   [ RunTime:0.0001s ]
INFO: [ app_end ] --START--
INFO: Run Behavior\ShowPageTraceBehavior [ RunTime:0.000043s ]
INFO: [ app_end ] --END-- [ RunTime:0.000060s ]

