[ 2017-03-06T10:45:18+08:00 ] 183.57.53.197 /Search/index.html?keyword%2525252525252525252525252525252525252525252525253D%25252525252525252525252525252525252525252525252525E6%2525252525252525252525252525252525252525252525252597%252525252525252525252525252525252525252525252525258B%25252525252525252525252525252525252525252525252525E8%25252525252525252525252525252525252525252525252525BD%25252525252525252525252525252525252525252525252525AC
INFO: [ app_init ] --START--
INFO: Run Behavior\BuildLiteBehavior [ RunTime:0.000008s ]
INFO: [ app_init ] --END-- [ RunTime:0.000109s ]
INFO: [ app_begin ] --START--
INFO: Run Behavior\ReadHtmlCacheBehavior [ RunTime:0.000026s ]
INFO: [ app_begin ] --END-- [ RunTime:0.000046s ]
ERR: 无法加载控制器:Search

[ 2017-03-06T16:13:46+08:00 ] 183.57.53.197 /Search/index.html?keyword%25252525252525252525252525252525252525252525252525253D%252525252525252525252525252525252525252525252525252525E6%25252525252525252525252525252525252525252525252525252597%2525252525252525252525252525252525252525252525252525258B%252525252525252525252525252525252525252525252525252525E8%252525252525252525252525252525252525252525252525252525BD%252525252525252525252525252525252525252525252525252525AC
INFO: [ app_init ] --START--
INFO: Run Behavior\BuildLiteBehavior [ RunTime:0.000007s ]
INFO: [ app_init ] --END-- [ RunTime:0.000058s ]
INFO: [ app_begin ] --START--
INFO: Run Behavior\ReadHtmlCacheBehavior [ RunTime:0.000020s ]
INFO: [ app_begin ] --END-- [ RunTime:0.000036s ]
ERR: 无法加载控制器:Search

[ 2017-03-06T21:37:14+08:00 ] 183.166.46.42 /
INFO: [ app_init ] --START--
INFO: Run Behavior\BuildLiteBehavior [ RunTime:0.000009s ]
INFO: [ app_init ] --END-- [ RunTime:0.000357s ]
INFO: [ app_begin ] --START--
INFO: Run Behavior\ReadHtmlCacheBehavior [ RunTime:0.000039s ]
INFO: [ app_begin ] --END-- [ RunTime:0.000069s ]
SQL: SHOW COLUMNS FROM `users` [ RunTime:0.0013s ]
SQL: SELECT * FROM `users` WHERE `iden` = null LIMIT 1   [ RunTime:0.0003s ]
SQL: SHOW COLUMNS FROM `videos` [ RunTime:0.0008s ]
SQL: SHOW COLUMNS FROM `videos_item` [ RunTime:0.0007s ]
SQL: SHOW COLUMNS FROM `categroies` [ RunTime:0.0010s ]
SQL: SELECT * FROM `videos` ORDER BY ctime desc LIMIT 0,3   [ RunTime:0.0003s ]
SQL: SELECT * FROM `videos` ORDER BY likescount desc,ctime desc LIMIT 0,3   [ RunTime:0.0002s ]
SQL: SELECT * FROM `videos` ORDER BY likescount desc,ctime desc LIMIT 0,8   [ RunTime:0.0003s ]
SQL: SELECT * FROM `categroies`  [ RunTime:0.0003s ]
SQL: SHOW COLUMNS FROM `views` [ RunTime:0.0006s ]
SQL: INSERT INTO `views` (`user_name`,`user_agent`,`user_ip`,`vtime`) VALUES ('保密','Mozilla/5.0 (Linux; U; Android 5.1.1; zh-cn; OPPO R7sm Build/LMY47V) AppleWebKit/537.36 (KHTML, like Gecko) Version/4.0 Chrome/38.0.0.0 Mobile Safari/537.36 OppoBrowser/4.2.8','183.166.46.42','1488807434') [ RunTime:0.0003s ]
INFO: [ view_parse ] --START--
INFO: [ template_filter ] --START--
INFO: Run Behavior\ContentReplaceBehavior [ RunTime:0.000092s ]
INFO: [ template_filter ] --END-- [ RunTime:0.000141s ]
INFO: Run Behavior\ParseTemplateBehavior [ RunTime:0.025915s ]
INFO: [ view_parse ] --END-- [ RunTime:0.025958s ]
INFO: [ view_filter ] --START--
INFO: Run Behavior\WriteHtmlCacheBehavior [ RunTime:0.000086s ]
INFO: [ view_filter ] --END-- [ RunTime:0.000106s ]
INFO: [ app_end ] --START--
INFO: Run Behavior\ShowPageTraceBehavior [ RunTime:0.000032s ]
INFO: [ app_end ] --END-- [ RunTime:0.000052s ]

[ 2017-03-06T21:37:43+08:00 ] 183.166.46.42 /List/categroyVideos/cid/5.html
INFO: [ app_init ] --START--
INFO: Run Behavior\BuildLiteBehavior [ RunTime:0.000008s ]
INFO: [ app_init ] --END-- [ RunTime:0.000058s ]
INFO: [ app_begin ] --START--
INFO: Run Behavior\ReadHtmlCacheBehavior [ RunTime:0.000021s ]
INFO: [ app_begin ] --END-- [ RunTime:0.000043s ]
SQL: SHOW COLUMNS FROM `users` [ RunTime:0.0011s ]
SQL: SELECT * FROM `users` WHERE `iden` = null LIMIT 1   [ RunTime:0.0001s ]
SQL: SHOW COLUMNS FROM `categroies` [ RunTime:0.0006s ]
SQL: SELECT * FROM `categroies` WHERE `id` = 5 LIMIT 1   [ RunTime:0.0001s ]
INFO: [ view_parse ] --START--
INFO: [ template_filter ] --START--
INFO: Run Behavior\ContentReplaceBehavior [ RunTime:0.000045s ]
INFO: [ template_filter ] --END-- [ RunTime:0.000087s ]
NOTIC: [8] Undefined variable: flag /data/wwwroot/share/Application/Runtime/Cache/Mobile/758dc72a2f3c0f09895aca71f22806f2.php 第 37 行.
INFO: Run Behavior\ParseTemplateBehavior [ RunTime:0.009443s ]
INFO: [ view_parse ] --END-- [ RunTime:0.009472s ]
INFO: [ view_filter ] --START--
INFO: Run Behavior\WriteHtmlCacheBehavior [ RunTime:0.000025s ]
INFO: [ view_filter ] --END-- [ RunTime:0.000040s ]
INFO: [ app_end ] --START--
INFO: Run Behavior\ShowPageTraceBehavior [ RunTime:0.000019s ]
INFO: [ app_end ] --END-- [ RunTime:0.000038s ]

[ 2017-03-06T21:37:43+08:00 ] 183.166.46.42 /List/categroyVideos/cid/5.html?limit=10&offset=0&flag=
INFO: [ app_init ] --START--
INFO: Run Behavior\BuildLiteBehavior [ RunTime:0.000008s ]
INFO: [ app_init ] --END-- [ RunTime:0.000055s ]
INFO: [ app_begin ] --START--
INFO: Run Behavior\ReadHtmlCacheBehavior [ RunTime:0.000018s ]
INFO: [ app_begin ] --END-- [ RunTime:0.000036s ]
SQL: SHOW COLUMNS FROM `users` [ RunTime:0.0006s ]
SQL: SELECT * FROM `users` WHERE `iden` = null LIMIT 1   [ RunTime:0.0001s ]
SQL: SHOW COLUMNS FROM `videos` [ RunTime:0.0004s ]
SQL: SELECT * FROM videos v right join categroies_videos as c on c.vid = v.id  WHERE c.cid = 5 AND v.deleted_by = 0 ORDER BY likescount DESC , ctime DESC LIMIT 0,10   [ RunTime:0.0005s ]
INFO: [ view_parse ] --START--
INFO: [ template_filter ] --START--
INFO: Run Behavior\ContentReplaceBehavior [ RunTime:0.000029s ]
INFO: [ template_filter ] --END-- [ RunTime:0.000063s ]
INFO: Run Behavior\ParseTemplateBehavior [ RunTime:0.003877s ]
INFO: [ view_parse ] --END-- [ RunTime:0.003902s ]
INFO: [ view_filter ] --START--
INFO: Run Behavior\WriteHtmlCacheBehavior [ RunTime:0.000030s ]
INFO: [ view_filter ] --END-- [ RunTime:0.000046s ]
INFO: [ app_end ] --START--
INFO: Run Behavior\ShowPageTraceBehavior [ RunTime:0.000015s ]
INFO: [ app_end ] --END-- [ RunTime:0.000025s ]

[ 2017-03-06T21:37:46+08:00 ] 183.166.46.42 /Play/getVideosItem/vid/15.html
INFO: [ app_init ] --START--
INFO: Run Behavior\BuildLiteBehavior [ RunTime:0.000006s ]
INFO: [ app_init ] --END-- [ RunTime:0.000103s ]
INFO: [ app_begin ] --START--
INFO: Run Behavior\ReadHtmlCacheBehavior [ RunTime:0.000017s ]
INFO: [ app_begin ] --END-- [ RunTime:0.000031s ]
SQL: SHOW COLUMNS FROM `users` [ RunTime:0.0007s ]
SQL: SELECT * FROM `users` WHERE `iden` = null LIMIT 1   [ RunTime:0.0001s ]
SQL: SHOW COLUMNS FROM `videos` [ RunTime:0.0005s ]
NOTIC: [2] Missing argument 3 for Common\Model\VideosModel::getVideosItemByVid(), called in /data/wwwroot/share/Application/Mobile/Controller/PlayController.class.php on line 24 and defined /data/wwwroot/share/Application/Common/Model/VideosModel.class.php 第 61 行.
NOTIC: [8] Undefined variable: limit /data/wwwroot/share/Application/Common/Model/VideosModel.class.php 第 65 行.
SQL: SELECT * FROM videos v right join videos_item as vItem on vItem.vid = v.id  WHERE v.id = 15 AND v.deleted_by = 0  [ RunTime:0.0001s ]
SQL: SELECT v.*,u.username as vRes FROM videos v right join users as u on v.uid = u.id  WHERE v.id = 15 LIMIT 1   [ RunTime:0.0003s ]
SQL: SHOW COLUMNS FROM `categroies_videos` [ RunTime:0.0005s ]
SQL: SELECT * FROM `categroies_videos` WHERE `vid` = 15 LIMIT 1   [ RunTime:0.0001s ]
SQL: SELECT * FROM videos v right join categroies_videos as c on c.vid = v.id  WHERE c.cid = '5' ORDER BY likescount desc,ctime desc LIMIT 0,3   [ RunTime:0.0004s ]
INFO: [ view_parse ] --START--
INFO: [ template_filter ] --START--
INFO: Run Behavior\ContentReplaceBehavior [ RunTime:0.000067s ]
INFO: [ template_filter ] --END-- [ RunTime:0.000103s ]
INFO: Run Behavior\ParseTemplateBehavior [ RunTime:0.004924s ]
INFO: [ view_parse ] --END-- [ RunTime:0.004956s ]
INFO: [ view_filter ] --START--
INFO: Run Behavior\WriteHtmlCacheBehavior [ RunTime:0.000030s ]
INFO: [ view_filter ] --END-- [ RunTime:0.000047s ]
INFO: [ app_end ] --START--
INFO: Run Behavior\ShowPageTraceBehavior [ RunTime:0.000022s ]
INFO: [ app_end ] --END-- [ RunTime:0.000040s ]

[ 2017-03-06T21:37:49+08:00 ] 183.166.46.42 /Play/likeVideo.html?option=1&vid=15
INFO: [ app_init ] --START--
INFO: Run Behavior\BuildLiteBehavior [ RunTime:0.000011s ]
INFO: [ app_init ] --END-- [ RunTime:0.000099s ]
INFO: [ app_begin ] --START--
INFO: Run Behavior\ReadHtmlCacheBehavior [ RunTime:0.000025s ]
INFO: [ app_begin ] --END-- [ RunTime:0.000049s ]
SQL: SHOW COLUMNS FROM `users` [ RunTime:0.0008s ]
SQL: SELECT * FROM `users` WHERE `iden` = null LIMIT 1   [ RunTime:0.0001s ]
SQL: SHOW COLUMNS FROM `videos` [ RunTime:0.0015s ]
NOTIC: [8] Undefined index: username /data/wwwroot/share/Application/Mobile/Controller/PlayController.class.php 第 73 行.
INFO: [ app_end ] --START--
INFO: Run Behavior\ShowPageTraceBehavior [ RunTime:0.000031s ]
INFO: [ app_end ] --END-- [ RunTime:0.000053s ]

[ 2017-03-06T21:37:49+08:00 ] 183.166.46.42 /Passport/index.html
INFO: [ app_init ] --START--
INFO: Run Behavior\BuildLiteBehavior [ RunTime:0.000010s ]
INFO: [ app_init ] --END-- [ RunTime:0.000100s ]
INFO: [ app_begin ] --START--
INFO: Run Behavior\ReadHtmlCacheBehavior [ RunTime:0.000026s ]
INFO: [ app_begin ] --END-- [ RunTime:0.000051s ]
INFO: [ view_parse ] --START--
INFO: [ template_filter ] --START--
INFO: Run Behavior\ContentReplaceBehavior [ RunTime:0.000046s ]
INFO: [ template_filter ] --END-- [ RunTime:0.000095s ]
INFO: Run Behavior\ParseTemplateBehavior [ RunTime:0.003439s ]
INFO: [ view_parse ] --END-- [ RunTime:0.003471s ]
INFO: [ view_filter ] --START--
INFO: Run Behavior\WriteHtmlCacheBehavior [ RunTime:0.000031s ]
INFO: [ view_filter ] --END-- [ RunTime:0.000048s ]
INFO: [ app_end ] --START--
INFO: Run Behavior\ShowPageTraceBehavior [ RunTime:0.000024s ]
INFO: [ app_end ] --END-- [ RunTime:0.000041s ]

[ 2017-03-06T21:38:04+08:00 ] 183.166.46.42 /Passport/doLogin.html
INFO: [ app_init ] --START--
INFO: Run Behavior\BuildLiteBehavior [ RunTime:0.000009s ]
INFO: [ app_init ] --END-- [ RunTime:0.000061s ]
INFO: [ app_begin ] --START--
INFO: Run Behavior\ReadHtmlCacheBehavior [ RunTime:0.000025s ]
INFO: [ app_begin ] --END-- [ RunTime:0.000080s ]
SQL: SHOW COLUMNS FROM `users` [ RunTime:0.0007s ]
SQL: SELECT * FROM `users` WHERE `username` = 'root' LIMIT 1   [ RunTime:0.0002s ]
INFO: [ view_parse ] --START--
INFO: [ template_filter ] --START--
INFO: Run Behavior\ContentReplaceBehavior [ RunTime:0.000038s ]
INFO: [ template_filter ] --END-- [ RunTime:0.000086s ]
INFO: Run Behavior\ParseTemplateBehavior [ RunTime:0.022714s ]
INFO: [ view_parse ] --END-- [ RunTime:0.022743s ]
INFO: [ view_filter ] --START--
INFO: Run Behavior\WriteHtmlCacheBehavior [ RunTime:0.000030s ]
INFO: [ view_filter ] --END-- [ RunTime:0.000098s ]

[ 2017-03-06T21:38:12+08:00 ] 183.166.46.42 /Index/index.html
INFO: [ app_init ] --START--
INFO: Run Behavior\BuildLiteBehavior [ RunTime:0.000008s ]
INFO: [ app_init ] --END-- [ RunTime:0.000051s ]
INFO: [ app_begin ] --START--
INFO: Run Behavior\ReadHtmlCacheBehavior [ RunTime:0.000025s ]
INFO: [ app_begin ] --END-- [ RunTime:0.000046s ]
SQL: SHOW COLUMNS FROM `users` [ RunTime:0.0007s ]
SQL: SELECT * FROM `users` WHERE `iden` = null LIMIT 1   [ RunTime:0.0001s ]
SQL: SHOW COLUMNS FROM `videos` [ RunTime:0.0006s ]
SQL: SHOW COLUMNS FROM `videos_item` [ RunTime:0.0009s ]
SQL: SHOW COLUMNS FROM `categroies` [ RunTime:0.0006s ]
SQL: SELECT * FROM `videos` ORDER BY ctime desc LIMIT 0,3   [ RunTime:0.0001s ]
SQL: SELECT * FROM `videos` ORDER BY likescount desc,ctime desc LIMIT 0,3   [ RunTime:0.0002s ]
SQL: SELECT * FROM `videos` ORDER BY likescount desc,ctime desc LIMIT 0,8   [ RunTime:0.0001s ]
SQL: SELECT * FROM `categroies`  [ RunTime:0.0001s ]
SQL: SHOW COLUMNS FROM `views` [ RunTime:0.0007s ]
SQL: INSERT INTO `views` (`user_name`,`user_agent`,`user_ip`,`vtime`) VALUES ('保密','Mozilla/5.0 (Linux; U; Android 5.1.1; zh-cn; OPPO R7sm Build/LMY47V) AppleWebKit/537.36 (KHTML, like Gecko) Version/4.0 Chrome/38.0.0.0 Mobile Safari/537.36 OppoBrowser/4.2.8','183.166.46.42','1488807492') [ RunTime:0.0010s ]
INFO: [ view_parse ] --START--
INFO: [ template_filter ] --START--
INFO: Run Behavior\ContentReplaceBehavior [ RunTime:0.000099s ]
INFO: [ template_filter ] --END-- [ RunTime:0.000142s ]
INFO: Run Behavior\ParseTemplateBehavior [ RunTime:0.005848s ]
INFO: [ view_parse ] --END-- [ RunTime:0.005895s ]
INFO: [ view_filter ] --START--
INFO: Run Behavior\WriteHtmlCacheBehavior [ RunTime:0.000039s ]
INFO: [ view_filter ] --END-- [ RunTime:0.000064s ]
INFO: [ app_end ] --START--
INFO: Run Behavior\ShowPageTraceBehavior [ RunTime:0.000028s ]
INFO: [ app_end ] --END-- [ RunTime:0.000050s ]

[ 2017-03-06T21:38:19+08:00 ] 183.166.46.42 /Index/search.html?name=j
INFO: [ app_init ] --START--
INFO: Run Behavior\BuildLiteBehavior [ RunTime:0.000009s ]
INFO: [ app_init ] --END-- [ RunTime:0.000117s ]
INFO: [ app_begin ] --START--
INFO: Run Behavior\ReadHtmlCacheBehavior [ RunTime:0.000032s ]
INFO: [ app_begin ] --END-- [ RunTime:0.000057s ]
SQL: SHOW COLUMNS FROM `users` [ RunTime:0.0008s ]
SQL: SELECT * FROM `users` WHERE `iden` = null LIMIT 1   [ RunTime:0.0001s ]
SQL: SHOW COLUMNS FROM `videos` [ RunTime:0.0007s ]
NOTIC: [2] Missing argument 3 for Common\Model\VideosModel::findVideosByString(), called in /data/wwwroot/share/Application/Mobile/Controller/IndexController.class.php on line 49 and defined /data/wwwroot/share/Application/Common/Model/VideosModel.class.php 第 106 行.
NOTIC: [8] Undefined variable: limit /data/wwwroot/share/Application/Common/Model/VideosModel.class.php 第 108 行.
SQL: SELECT * FROM `videos` WHERE `name` LIKE '%j%'  [ RunTime:0.0004s ]
INFO: [ view_parse ] --START--
INFO: [ template_filter ] --START--
INFO: Run Behavior\ContentReplaceBehavior [ RunTime:0.000026s ]
INFO: [ template_filter ] --END-- [ RunTime:0.000072s ]
INFO: Run Behavior\ParseTemplateBehavior [ RunTime:0.021530s ]
INFO: [ view_parse ] --END-- [ RunTime:0.021560s ]
INFO: [ view_filter ] --START--
INFO: Run Behavior\WriteHtmlCacheBehavior [ RunTime:0.000035s ]
INFO: [ view_filter ] --END-- [ RunTime:0.000051s ]
INFO: [ app_end ] --START--
INFO: Run Behavior\ShowPageTraceBehavior [ RunTime:0.000026s ]
INFO: [ app_end ] --END-- [ RunTime:0.000041s ]

[ 2017-03-06T21:38:21+08:00 ] 183.166.46.42 /Index/search.html?name=ja
INFO: [ app_init ] --START--
INFO: Run Behavior\BuildLiteBehavior [ RunTime:0.000009s ]
INFO: [ app_init ] --END-- [ RunTime:0.000061s ]
INFO: [ app_begin ] --START--
INFO: Run Behavior\ReadHtmlCacheBehavior [ RunTime:0.000022s ]
INFO: [ app_begin ] --END-- [ RunTime:0.000044s ]
SQL: SHOW COLUMNS FROM `users` [ RunTime:0.0010s ]
SQL: SELECT * FROM `users` WHERE `iden` = null LIMIT 1   [ RunTime:0.0001s ]
SQL: SHOW COLUMNS FROM `videos` [ RunTime:0.0349s ]
NOTIC: [2] Missing argument 3 for Common\Model\VideosModel::findVideosByString(), called in /data/wwwroot/share/Application/Mobile/Controller/IndexController.class.php on line 49 and defined /data/wwwroot/share/Application/Common/Model/VideosModel.class.php 第 106 行.
NOTIC: [8] Undefined variable: limit /data/wwwroot/share/Application/Common/Model/VideosModel.class.php 第 108 行.
SQL: SELECT * FROM `videos` WHERE `name` LIKE '%ja%'  [ RunTime:0.0004s ]
INFO: [ view_parse ] --START--
INFO: [ template_filter ] --START--
INFO: Run Behavior\ContentReplaceBehavior [ RunTime:0.000029s ]
INFO: [ template_filter ] --END-- [ RunTime:0.000471s ]
INFO: Run Behavior\ParseTemplateBehavior [ RunTime:0.001659s ]
INFO: [ view_parse ] --END-- [ RunTime:0.001687s ]
INFO: [ view_filter ] --START--
INFO: Run Behavior\WriteHtmlCacheBehavior [ RunTime:0.000030s ]
INFO: [ view_filter ] --END-- [ RunTime:0.000044s ]
INFO: [ app_end ] --START--
INFO: Run Behavior\ShowPageTraceBehavior [ RunTime:0.000017s ]
INFO: [ app_end ] --END-- [ RunTime:0.000025s ]

[ 2017-03-06T21:38:23+08:00 ] 183.166.46.42 /Index/search.html?name=j
INFO: [ app_init ] --START--
INFO: Run Behavior\BuildLiteBehavior [ RunTime:0.000006s ]
INFO: [ app_init ] --END-- [ RunTime:0.000043s ]
INFO: [ app_begin ] --START--
INFO: Run Behavior\ReadHtmlCacheBehavior [ RunTime:0.000016s ]
INFO: [ app_begin ] --END-- [ RunTime:0.000032s ]
SQL: SHOW COLUMNS FROM `users` [ RunTime:0.0009s ]
SQL: SELECT * FROM `users` WHERE `iden` = null LIMIT 1   [ RunTime:0.0001s ]
SQL: SHOW COLUMNS FROM `videos` [ RunTime:0.0054s ]
NOTIC: [2] Missing argument 3 for Common\Model\VideosModel::findVideosByString(), called in /data/wwwroot/share/Application/Mobile/Controller/IndexController.class.php on line 49 and defined /data/wwwroot/share/Application/Common/Model/VideosModel.class.php 第 106 行.
NOTIC: [8] Undefined variable: limit /data/wwwroot/share/Application/Common/Model/VideosModel.class.php 第 108 行.
SQL: SELECT * FROM `videos` WHERE `name` LIKE '%j%'  [ RunTime:0.0001s ]
INFO: [ view_parse ] --START--
INFO: [ template_filter ] --START--
INFO: Run Behavior\ContentReplaceBehavior [ RunTime:0.000023s ]
INFO: [ template_filter ] --END-- [ RunTime:0.000050s ]
INFO: Run Behavior\ParseTemplateBehavior [ RunTime:0.002127s ]
INFO: [ view_parse ] --END-- [ RunTime:0.002153s ]
INFO: [ view_filter ] --START--
INFO: Run Behavior\WriteHtmlCacheBehavior [ RunTime:0.000030s ]
INFO: [ view_filter ] --END-- [ RunTime:0.000045s ]
INFO: [ app_end ] --START--
INFO: Run Behavior\ShowPageTraceBehavior [ RunTime:0.000019s ]
INFO: [ app_end ] --END-- [ RunTime:0.000036s ]

[ 2017-03-06T21:38:23+08:00 ] 183.166.46.42 /Index/search.html?name=
INFO: [ app_init ] --START--
INFO: Run Behavior\BuildLiteBehavior [ RunTime:0.000008s ]
INFO: [ app_init ] --END-- [ RunTime:0.000049s ]
INFO: [ app_begin ] --START--
INFO: Run Behavior\ReadHtmlCacheBehavior [ RunTime:0.000020s ]
INFO: [ app_begin ] --END-- [ RunTime:0.000039s ]
SQL: SHOW COLUMNS FROM `users` [ RunTime:0.0012s ]
SQL: SELECT * FROM `users` WHERE `iden` = null LIMIT 1   [ RunTime:0.0001s ]

[ 2017-03-06T21:38:29+08:00 ] 183.166.46.42 /Play/getVideosItem/vid/15.html
INFO: [ app_init ] --START--
INFO: Run Behavior\BuildLiteBehavior [ RunTime:0.000006s ]
INFO: [ app_init ] --END-- [ RunTime:0.000045s ]
INFO: [ app_begin ] --START--
INFO: Run Behavior\ReadHtmlCacheBehavior [ RunTime:0.000025s ]
INFO: [ app_begin ] --END-- [ RunTime:0.000041s ]
SQL: SHOW COLUMNS FROM `users` [ RunTime:0.0005s ]
SQL: SELECT * FROM `users` WHERE `iden` = null LIMIT 1   [ RunTime:0.0001s ]
SQL: SHOW COLUMNS FROM `videos` [ RunTime:0.0004s ]
NOTIC: [2] Missing argument 3 for Common\Model\VideosModel::getVideosItemByVid(), called in /data/wwwroot/share/Application/Mobile/Controller/PlayController.class.php on line 24 and defined /data/wwwroot/share/Application/Common/Model/VideosModel.class.php 第 61 行.
NOTIC: [8] Undefined variable: limit /data/wwwroot/share/Application/Common/Model/VideosModel.class.php 第 65 行.
SQL: SELECT * FROM videos v right join videos_item as vItem on vItem.vid = v.id  WHERE v.id = 15 AND v.deleted_by = 0  [ RunTime:0.0001s ]
SQL: SELECT v.*,u.username as vRes FROM videos v right join users as u on v.uid = u.id  WHERE v.id = 15 LIMIT 1   [ RunTime:0.0001s ]
SQL: SHOW COLUMNS FROM `categroies_videos` [ RunTime:0.0003s ]
SQL: SELECT * FROM `categroies_videos` WHERE `vid` = 15 LIMIT 1   [ RunTime:0.0022s ]
SQL: SELECT * FROM videos v right join categroies_videos as c on c.vid = v.id  WHERE c.cid = '5' ORDER BY likescount desc,ctime desc LIMIT 0,3   [ RunTime:0.0001s ]
INFO: [ view_parse ] --START--
INFO: [ template_filter ] --START--
INFO: Run Behavior\ContentReplaceBehavior [ RunTime:0.000073s ]
INFO: [ template_filter ] --END-- [ RunTime:0.000100s ]
INFO: Run Behavior\ParseTemplateBehavior [ RunTime:0.002476s ]
INFO: [ view_parse ] --END-- [ RunTime:0.002513s ]
INFO: [ view_filter ] --START--
INFO: Run Behavior\WriteHtmlCacheBehavior [ RunTime:0.000031s ]
INFO: [ view_filter ] --END-- [ RunTime:0.000047s ]
INFO: [ app_end ] --START--
INFO: Run Behavior\ShowPageTraceBehavior [ RunTime:0.000020s ]
INFO: [ app_end ] --END-- [ RunTime:0.000037s ]

[ 2017-03-06T21:38:52+08:00 ] 183.166.46.42 /Play/likeVideo.html?option=1&vid=15
INFO: [ app_init ] --START--
INFO: Run Behavior\BuildLiteBehavior [ RunTime:0.000006s ]
INFO: [ app_init ] --END-- [ RunTime:0.000052s ]
INFO: [ app_begin ] --START--
INFO: Run Behavior\ReadHtmlCacheBehavior [ RunTime:0.000014s ]
INFO: [ app_begin ] --END-- [ RunTime:0.000028s ]
SQL: SHOW COLUMNS FROM `users` [ RunTime:0.0006s ]
SQL: SELECT * FROM `users` WHERE `iden` = null LIMIT 1   [ RunTime:0.0001s ]
SQL: SHOW COLUMNS FROM `videos` [ RunTime:0.0006s ]
NOTIC: [8] Undefined index: username /data/wwwroot/share/Application/Mobile/Controller/PlayController.class.php 第 73 行.
INFO: [ app_end ] --START--
INFO: Run Behavior\ShowPageTraceBehavior [ RunTime:0.000027s ]
INFO: [ app_end ] --END-- [ RunTime:0.000047s ]

[ 2017-03-06T21:38:52+08:00 ] 183.166.46.42 /Passport/index.html
INFO: [ app_init ] --START--
INFO: Run Behavior\BuildLiteBehavior [ RunTime:0.000009s ]
INFO: [ app_init ] --END-- [ RunTime:0.000060s ]
INFO: [ app_begin ] --START--
INFO: Run Behavior\ReadHtmlCacheBehavior [ RunTime:0.000023s ]
INFO: [ app_begin ] --END-- [ RunTime:0.000044s ]
INFO: [ view_parse ] --START--
INFO: [ template_filter ] --START--
INFO: Run Behavior\ContentReplaceBehavior [ RunTime:0.000033s ]
INFO: [ template_filter ] --END-- [ RunTime:0.000056s ]
INFO: Run Behavior\ParseTemplateBehavior [ RunTime:0.001229s ]
INFO: [ view_parse ] --END-- [ RunTime:0.001255s ]
INFO: [ view_filter ] --START--
INFO: Run Behavior\WriteHtmlCacheBehavior [ RunTime:0.000037s ]
INFO: [ view_filter ] --END-- [ RunTime:0.000053s ]
INFO: [ app_end ] --START--
INFO: Run Behavior\ShowPageTraceBehavior [ RunTime:0.000020s ]
INFO: [ app_end ] --END-- [ RunTime:0.000052s ]

[ 2017-03-06T21:38:55+08:00 ] 183.166.46.42 /Index/index.html
INFO: [ app_init ] --START--
INFO: Run Behavior\BuildLiteBehavior [ RunTime:0.000007s ]
INFO: [ app_init ] --END-- [ RunTime:0.000043s ]
INFO: [ app_begin ] --START--
INFO: Run Behavior\ReadHtmlCacheBehavior [ RunTime:0.000021s ]
INFO: [ app_begin ] --END-- [ RunTime:0.000040s ]
SQL: SHOW COLUMNS FROM `users` [ RunTime:0.0006s ]
SQL: SELECT * FROM `users` WHERE `iden` = null LIMIT 1   [ RunTime:0.0001s ]
SQL: SHOW COLUMNS FROM `videos` [ RunTime:0.0007s ]
SQL: SHOW COLUMNS FROM `videos_item` [ RunTime:0.0005s ]
SQL: SHOW COLUMNS FROM `categroies` [ RunTime:0.0004s ]
SQL: SELECT * FROM `videos` ORDER BY ctime desc LIMIT 0,3   [ RunTime:0.0001s ]
SQL: SELECT * FROM `videos` ORDER BY likescount desc,ctime desc LIMIT 0,3   [ RunTime:0.0001s ]
SQL: SELECT * FROM `videos` ORDER BY likescount desc,ctime desc LIMIT 0,8   [ RunTime:0.0001s ]
SQL: SELECT * FROM `categroies`  [ RunTime:0.0001s ]
SQL: SHOW COLUMNS FROM `views` [ RunTime:0.0005s ]
SQL: INSERT INTO `views` (`user_name`,`user_agent`,`user_ip`,`vtime`) VALUES ('保密','Mozilla/5.0 (Linux; U; Android 5.1.1; zh-cn; OPPO R7sm Build/LMY47V) AppleWebKit/537.36 (KHTML, like Gecko) Version/4.0 Chrome/38.0.0.0 Mobile Safari/537.36 OppoBrowser/4.2.8','183.166.46.42','1488807535') [ RunTime:0.0004s ]
INFO: [ view_parse ] --START--
INFO: [ template_filter ] --START--
INFO: Run Behavior\ContentReplaceBehavior [ RunTime:0.000149s ]
INFO: [ template_filter ] --END-- [ RunTime:0.000186s ]
INFO: Run Behavior\ParseTemplateBehavior [ RunTime:0.006411s ]
INFO: [ view_parse ] --END-- [ RunTime:0.006444s ]
INFO: [ view_filter ] --START--
INFO: Run Behavior\WriteHtmlCacheBehavior [ RunTime:0.000035s ]
INFO: [ view_filter ] --END-- [ RunTime:0.000193s ]
INFO: [ app_end ] --START--
INFO: Run Behavior\ShowPageTraceBehavior [ RunTime:0.000027s ]
INFO: [ app_end ] --END-- [ RunTime:0.000045s ]

[ 2017-03-06T21:38:59+08:00 ] 183.166.46.42 /List/categroyVideos/cid/5.html
INFO: [ app_init ] --START--
INFO: Run Behavior\BuildLiteBehavior [ RunTime:0.000008s ]
INFO: [ app_init ] --END-- [ RunTime:0.000058s ]
INFO: [ app_begin ] --START--
INFO: Run Behavior\ReadHtmlCacheBehavior [ RunTime:0.000024s ]
INFO: [ app_begin ] --END-- [ RunTime:0.000046s ]
SQL: SHOW COLUMNS FROM `users` [ RunTime:0.0007s ]
SQL: SELECT * FROM `users` WHERE `iden` = null LIMIT 1   [ RunTime:0.0001s ]
SQL: SHOW COLUMNS FROM `categroies` [ RunTime:0.0006s ]
SQL: SELECT * FROM `categroies` WHERE `id` = 5 LIMIT 1   [ RunTime:0.0001s ]
INFO: [ view_parse ] --START--
INFO: [ template_filter ] --START--
INFO: Run Behavior\ContentReplaceBehavior [ RunTime:0.000034s ]
INFO: [ template_filter ] --END-- [ RunTime:0.000054s ]
NOTIC: [8] Undefined variable: flag /data/wwwroot/share/Application/Runtime/Cache/Mobile/758dc72a2f3c0f09895aca71f22806f2.php 第 37 行.
INFO: Run Behavior\ParseTemplateBehavior [ RunTime:0.001122s ]
INFO: [ view_parse ] --END-- [ RunTime:0.001147s ]
INFO: [ view_filter ] --START--
INFO: Run Behavior\WriteHtmlCacheBehavior [ RunTime:0.000024s ]
INFO: [ view_filter ] --END-- [ RunTime:0.000039s ]
INFO: [ app_end ] --START--
INFO: Run Behavior\ShowPageTraceBehavior [ RunTime:0.000017s ]
INFO: [ app_end ] --END-- [ RunTime:0.000030s ]

[ 2017-03-06T21:38:59+08:00 ] 183.166.46.42 /List/categroyVideos/cid/5.html?limit=10&offset=0&flag=
INFO: [ app_init ] --START--
INFO: Run Behavior\BuildLiteBehavior [ RunTime:0.000008s ]
INFO: [ app_init ] --END-- [ RunTime:0.000194s ]
INFO: [ app_begin ] --START--
INFO: Run Behavior\ReadHtmlCacheBehavior [ RunTime:0.000040s ]
INFO: [ app_begin ] --END-- [ RunTime:0.000062s ]
SQL: SHOW COLUMNS FROM `users` [ RunTime:0.0008s ]
SQL: SELECT * FROM `users` WHERE `iden` = null LIMIT 1   [ RunTime:0.0001s ]
SQL: SHOW COLUMNS FROM `videos` [ RunTime:0.0009s ]
SQL: SELECT * FROM videos v right join categroies_videos as c on c.vid = v.id  WHERE c.cid = 5 AND v.deleted_by = 0 ORDER BY likescount DESC , ctime DESC LIMIT 0,10   [ RunTime:0.0001s ]
INFO: [ view_parse ] --START--
INFO: [ template_filter ] --START--
INFO: Run Behavior\ContentReplaceBehavior [ RunTime:0.000036s ]
INFO: [ template_filter ] --END-- [ RunTime:0.000092s ]
INFO: Run Behavior\ParseTemplateBehavior [ RunTime:0.002006s ]
INFO: [ view_parse ] --END-- [ RunTime:0.002032s ]
INFO: [ view_filter ] --START--
INFO: Run Behavior\WriteHtmlCacheBehavior [ RunTime:0.000027s ]
INFO: [ view_filter ] --END-- [ RunTime:0.000042s ]
INFO: [ app_end ] --START--
INFO: Run Behavior\ShowPageTraceBehavior [ RunTime:0.000025s ]
INFO: [ app_end ] --END-- [ RunTime:0.000042s ]

[ 2017-03-06T21:39:01+08:00 ] 183.166.46.42 /Index/index.html
INFO: [ app_init ] --START--
INFO: Run Behavior\BuildLiteBehavior [ RunTime:0.000009s ]
INFO: [ app_init ] --END-- [ RunTime:0.000062s ]
INFO: [ app_begin ] --START--
INFO: Run Behavior\ReadHtmlCacheBehavior [ RunTime:0.000024s ]
INFO: [ app_begin ] --END-- [ RunTime:0.000047s ]
SQL: SHOW COLUMNS FROM `users` [ RunTime:0.0010s ]
SQL: SELECT * FROM `users` WHERE `iden` = null LIMIT 1   [ RunTime:0.0001s ]
SQL: SHOW COLUMNS FROM `videos` [ RunTime:0.0006s ]
SQL: SHOW COLUMNS FROM `videos_item` [ RunTime:0.0007s ]
SQL: SHOW COLUMNS FROM `categroies` [ RunTime:0.0006s ]
SQL: SELECT * FROM `videos` ORDER BY ctime desc LIMIT 0,3   [ RunTime:0.0001s ]
SQL: SELECT * FROM `videos` ORDER BY likescount desc,ctime desc LIMIT 0,3   [ RunTime:0.0001s ]
SQL: SELECT * FROM `videos` ORDER BY likescount desc,ctime desc LIMIT 0,8   [ RunTime:0.0001s ]
SQL: SELECT * FROM `categroies`  [ RunTime:0.0003s ]
SQL: SHOW COLUMNS FROM `views` [ RunTime:0.0006s ]
SQL: INSERT INTO `views` (`user_name`,`user_agent`,`user_ip`,`vtime`) VALUES ('保密','Mozilla/5.0 (Linux; U; Android 5.1.1; zh-cn; OPPO R7sm Build/LMY47V) AppleWebKit/537.36 (KHTML, like Gecko) Version/4.0 Chrome/38.0.0.0 Mobile Safari/537.36 OppoBrowser/4.2.8','183.166.46.42','1488807541') [ RunTime:0.0003s ]
INFO: [ view_parse ] --START--
INFO: [ template_filter ] --START--
INFO: Run Behavior\ContentReplaceBehavior [ RunTime:0.000076s ]
INFO: [ template_filter ] --END-- [ RunTime:0.000101s ]
INFO: Run Behavior\ParseTemplateBehavior [ RunTime:0.003968s ]
INFO: [ view_parse ] --END-- [ RunTime:0.003992s ]
INFO: [ view_filter ] --START--
INFO: Run Behavior\WriteHtmlCacheBehavior [ RunTime:0.000034s ]
INFO: [ view_filter ] --END-- [ RunTime:0.000044s ]
INFO: [ app_end ] --START--
INFO: Run Behavior\ShowPageTraceBehavior [ RunTime:0.000017s ]
INFO: [ app_end ] --END-- [ RunTime:0.000028s ]

