[ 2017-03-08T05:59:51+08:00 ] 183.57.53.177 /Play/likeVideo.html?option%25252525253D1%252525252526vid%25252525253D15
INFO: [ app_init ] --START--
INFO: Run Behavior\BuildLiteBehavior [ RunTime:0.000009s ]
INFO: [ app_init ] --END-- [ RunTime:0.136602s ]
INFO: [ app_begin ] --START--
INFO: Run Behavior\ReadHtmlCacheBehavior [ RunTime:0.000036s ]
INFO: [ app_begin ] --END-- [ RunTime:0.000059s ]
SQL: SHOW COLUMNS FROM `users` [ RunTime:0.0007s ]
SQL: SELECT * FROM `users` WHERE `iden` = null LIMIT 1   [ RunTime:0.0001s ]
INFO: [ app_end ] --START--
INFO: Run Behavior\ShowPageTraceBehavior [ RunTime:0.000049s ]
INFO: [ app_end ] --END-- [ RunTime:0.000067s ]

[ 2017-03-08T08:54:05+08:00 ] 101.226.64.174 /List/categroyVideos/cid/5.html
INFO: [ app_init ] --START--
INFO: Run Behavior\BuildLiteBehavior [ RunTime:0.000008s ]
INFO: [ app_init ] --END-- [ RunTime:0.000073s ]
INFO: [ app_begin ] --START--
INFO: Run Behavior\ReadHtmlCacheBehavior [ RunTime:0.000056s ]
INFO: [ app_begin ] --END-- [ RunTime:0.000084s ]
SQL: SHOW COLUMNS FROM `users` [ RunTime:0.0007s ]
SQL: SELECT * FROM `users` WHERE `iden` = null LIMIT 1   [ RunTime:0.0001s ]
SQL: SHOW COLUMNS FROM `categroies` [ RunTime:0.0011s ]
SQL: SELECT * FROM `categroies` WHERE `id` = 5 LIMIT 1   [ RunTime:0.0001s ]
INFO: [ view_parse ] --START--
INFO: [ template_filter ] --START--
INFO: Run Behavior\ContentReplaceBehavior [ RunTime:0.000058s ]
INFO: [ template_filter ] --END-- [ RunTime:0.000097s ]
NOTIC: [8] Undefined variable: flag /data/wwwroot/share/Application/Runtime/Cache/Mobile/758dc72a2f3c0f09895aca71f22806f2.php 第 37 行.
INFO: Run Behavior\ParseTemplateBehavior [ RunTime:0.859364s ]
INFO: [ view_parse ] --END-- [ RunTime:0.859403s ]
INFO: [ view_filter ] --START--
INFO: Run Behavior\WriteHtmlCacheBehavior [ RunTime:0.000394s ]
INFO: [ view_filter ] --END-- [ RunTime:0.000417s ]
INFO: [ app_end ] --START--
INFO: Run Behavior\ShowPageTraceBehavior [ RunTime:0.000032s ]
INFO: [ app_end ] --END-- [ RunTime:0.000049s ]

