[ 2016-09-23T13:09:38+08:00 ] 183.166.46.42 /
INFO: [ app_init ] --START--
INFO: Run Behavior\BuildLiteBehavior [ RunTime:0.000016s ]
INFO: [ app_init ] --END-- [ RunTime:0.000262s ]
INFO: [ app_begin ] --START--
INFO: Run Behavior\ReadHtmlCacheBehavior [ RunTime:0.000358s ]
INFO: [ app_begin ] --END-- [ RunTime:0.000409s ]
SQL: SHOW COLUMNS FROM `users` [ RunTime:0.0007s ]
SQL: SELECT * FROM `users` WHERE `iden` = null LIMIT 1   [ RunTime:0.0001s ]
SQL: SHOW COLUMNS FROM `videos` [ RunTime:0.0004s ]
SQL: SHOW COLUMNS FROM `videos_item` [ RunTime:0.0004s ]
SQL: SHOW COLUMNS FROM `categroies` [ RunTime:0.0004s ]
SQL: SELECT * FROM `videos` ORDER BY ctime desc LIMIT 0,4   [ RunTime:0.0003s ]
SQL: SELECT * FROM `videos` ORDER BY likescount desc,ctime desc LIMIT 0,4   [ RunTime:0.0002s ]
SQL: SELECT * FROM `categroies`  [ RunTime:0.0001s ]
SQL: SELECT * FROM `categroies` WHERE `pid` = 0  [ RunTime:0.0001s ]
SQL: SHOW COLUMNS FROM `videos` [ RunTime:0.0004s ]
SQL: SHOW COLUMNS FROM `categroies_videos` [ RunTime:0.0004s ]
SQL: SELECT * FROM `categroies`  [ RunTime:0.0001s ]
SQL: SELECT DISTINCT v.* FROM categroies_videos cv left join videos as v on v.id=cv.vid  WHERE cv.cid IN ('5','6','7','8','18','19','20','21','22','23') ORDER BY v.likescount DESC , v.ctime DESC LIMIT 0,3   [ RunTime:0.0005s ]
SQL: SELECT DISTINCT v.* FROM categroies_videos cv left join videos as v on v.id=cv.vid  WHERE cv.cid IN ('9','10','11','12','24','25','26','27','28') ORDER BY v.likescount DESC , v.ctime DESC LIMIT 0,3   [ RunTime:0.0003s ]
SQL: SELECT DISTINCT v.* FROM categroies_videos cv left join videos as v on v.id=cv.vid  WHERE cv.cid IN ('13','14','15','29','32') ORDER BY v.likescount DESC , v.ctime DESC LIMIT 0,3   [ RunTime:0.0003s ]
SQL: SELECT DISTINCT v.* FROM categroies_videos cv left join videos as v on v.id=cv.vid  WHERE cv.cid IN ('16','17','30','31') ORDER BY v.likescount DESC , v.ctime DESC LIMIT 0,3   [ RunTime:0.0003s ]
SQL: SELECT DISTINCT v.* FROM categroies_videos cv left join videos as v on v.id=cv.vid  WHERE cv.cid IN ('5','6','7','8','18','19','20','21','22','23') ORDER BY v.likescount DESC , v.ctime DESC LIMIT 0,4   [ RunTime:0.0003s ]
SQL: SELECT DISTINCT v.* FROM categroies_videos cv left join videos as v on v.id=cv.vid  WHERE cv.cid IN ('9','10','11','12','24','25','26','27','28') ORDER BY v.likescount DESC , v.ctime DESC LIMIT 0,4   [ RunTime:0.0004s ]
SQL: SELECT DISTINCT v.* FROM categroies_videos cv left join videos as v on v.id=cv.vid  WHERE cv.cid IN ('13','14','15','29','32') ORDER BY v.likescount DESC , v.ctime DESC LIMIT 0,4   [ RunTime:0.0004s ]
SQL: SELECT DISTINCT v.* FROM categroies_videos cv left join videos as v on v.id=cv.vid  WHERE cv.cid IN ('16','17','30','31') ORDER BY v.likescount DESC , v.ctime DESC LIMIT 0,4   [ RunTime:0.0003s ]
SQL: SHOW COLUMNS FROM `views` [ RunTime:0.0003s ]
SQL: INSERT INTO `views` (`user_name`,`user_agent`,`user_ip`,`vtime`) VALUES ('保密','Mozilla/5.0 (Windows NT 6.1; WOW64) AppleWebKit/537.36 (KHTML, like Gecko) Chrome/53.0.2785.116 Safari/537.36','183.166.46.42','1474607378') [ RunTime:0.0005s ]
INFO: [ view_parse ] --START--
INFO: [ template_filter ] --START--
INFO: Run Behavior\ContentReplaceBehavior [ RunTime:0.000102s ]
INFO: [ template_filter ] --END-- [ RunTime:0.000158s ]
INFO: Run Behavior\ParseTemplateBehavior [ RunTime:0.040539s ]
INFO: [ view_parse ] --END-- [ RunTime:0.040573s ]
INFO: [ view_filter ] --START--
INFO: Run Behavior\WriteHtmlCacheBehavior [ RunTime:0.000152s ]
INFO: [ view_filter ] --END-- [ RunTime:0.000176s ]
INFO: [ app_end ] --START--
INFO: Run Behavior\ShowPageTraceBehavior [ RunTime:0.000578s ]
INFO: [ app_end ] --END-- [ RunTime:0.000610s ]

[ 2016-09-23T13:09:49+08:00 ] 183.166.46.42 /
INFO: [ app_init ] --START--
INFO: Run Behavior\BuildLiteBehavior [ RunTime:0.000022s ]
INFO: [ app_init ] --END-- [ RunTime:0.000262s ]
INFO: [ app_begin ] --START--
INFO: Run Behavior\ReadHtmlCacheBehavior [ RunTime:0.000269s ]
INFO: [ app_begin ] --END-- [ RunTime:0.000302s ]
SQL: SHOW COLUMNS FROM `users` [ RunTime:0.0006s ]
SQL: SELECT * FROM `users` WHERE `iden` = null LIMIT 1   [ RunTime:0.0001s ]
SQL: SHOW COLUMNS FROM `videos` [ RunTime:0.0004s ]
SQL: SHOW COLUMNS FROM `videos_item` [ RunTime:0.0003s ]
SQL: SHOW COLUMNS FROM `categroies` [ RunTime:0.0003s ]
SQL: SELECT * FROM `videos` ORDER BY ctime desc LIMIT 0,4   [ RunTime:0.0001s ]
SQL: SELECT * FROM `videos` ORDER BY likescount desc,ctime desc LIMIT 0,4   [ RunTime:0.0001s ]
SQL: SELECT * FROM `categroies`  [ RunTime:0.0001s ]
SQL: SELECT * FROM `categroies` WHERE `pid` = 0  [ RunTime:0.0001s ]
SQL: SHOW COLUMNS FROM `videos` [ RunTime:0.0004s ]
SQL: SHOW COLUMNS FROM `categroies_videos` [ RunTime:0.0003s ]
SQL: SELECT * FROM `categroies`  [ RunTime:0.0001s ]
SQL: SELECT DISTINCT v.* FROM categroies_videos cv left join videos as v on v.id=cv.vid  WHERE cv.cid IN ('5','6','7','8','18','19','20','21','22','23') ORDER BY v.likescount DESC , v.ctime DESC LIMIT 0,3   [ RunTime:0.0001s ]
SQL: SELECT DISTINCT v.* FROM categroies_videos cv left join videos as v on v.id=cv.vid  WHERE cv.cid IN ('9','10','11','12','24','25','26','27','28') ORDER BY v.likescount DESC , v.ctime DESC LIMIT 0,3   [ RunTime:0.0001s ]
SQL: SELECT DISTINCT v.* FROM categroies_videos cv left join videos as v on v.id=cv.vid  WHERE cv.cid IN ('13','14','15','29','32') ORDER BY v.likescount DESC , v.ctime DESC LIMIT 0,3   [ RunTime:0.0001s ]
SQL: SELECT DISTINCT v.* FROM categroies_videos cv left join videos as v on v.id=cv.vid  WHERE cv.cid IN ('16','17','30','31') ORDER BY v.likescount DESC , v.ctime DESC LIMIT 0,3   [ RunTime:0.0001s ]
SQL: SELECT DISTINCT v.* FROM categroies_videos cv left join videos as v on v.id=cv.vid  WHERE cv.cid IN ('5','6','7','8','18','19','20','21','22','23') ORDER BY v.likescount DESC , v.ctime DESC LIMIT 0,4   [ RunTime:0.0001s ]
SQL: SELECT DISTINCT v.* FROM categroies_videos cv left join videos as v on v.id=cv.vid  WHERE cv.cid IN ('9','10','11','12','24','25','26','27','28') ORDER BY v.likescount DESC , v.ctime DESC LIMIT 0,4   [ RunTime:0.0001s ]
SQL: SELECT DISTINCT v.* FROM categroies_videos cv left join videos as v on v.id=cv.vid  WHERE cv.cid IN ('13','14','15','29','32') ORDER BY v.likescount DESC , v.ctime DESC LIMIT 0,4   [ RunTime:0.0001s ]
SQL: SELECT DISTINCT v.* FROM categroies_videos cv left join videos as v on v.id=cv.vid  WHERE cv.cid IN ('16','17','30','31') ORDER BY v.likescount DESC , v.ctime DESC LIMIT 0,4   [ RunTime:0.0001s ]
SQL: SHOW COLUMNS FROM `views` [ RunTime:0.0003s ]
SQL: INSERT INTO `views` (`user_name`,`user_agent`,`user_ip`,`vtime`) VALUES ('保密','Mozilla/5.0 (Windows NT 6.1; WOW64) AppleWebKit/537.36 (KHTML, like Gecko) Chrome/53.0.2785.116 Safari/537.36','183.166.46.42','1474607389') [ RunTime:0.0003s ]
INFO: [ view_parse ] --START--
INFO: [ template_filter ] --START--
INFO: Run Behavior\ContentReplaceBehavior [ RunTime:0.000069s ]
INFO: [ template_filter ] --END-- [ RunTime:0.000104s ]
INFO: Run Behavior\ParseTemplateBehavior [ RunTime:0.012900s ]
INFO: [ view_parse ] --END-- [ RunTime:0.012934s ]
INFO: [ view_filter ] --START--
INFO: Run Behavior\WriteHtmlCacheBehavior [ RunTime:0.000105s ]
INFO: [ view_filter ] --END-- [ RunTime:0.000130s ]
INFO: [ app_end ] --START--
INFO: Run Behavior\ShowPageTraceBehavior [ RunTime:0.000308s ]
INFO: [ app_end ] --END-- [ RunTime:0.000363s ]

[ 2016-09-23T13:10:04+08:00 ] 183.166.46.42 /Passport/regisger.html
INFO: [ app_init ] --START--
INFO: Run Behavior\BuildLiteBehavior [ RunTime:0.000012s ]
INFO: [ app_init ] --END-- [ RunTime:0.000280s ]
INFO: [ app_begin ] --START--
INFO: Run Behavior\ReadHtmlCacheBehavior [ RunTime:0.000284s ]
INFO: [ app_begin ] --END-- [ RunTime:0.000322s ]
INFO: [ view_parse ] --START--
INFO: [ template_filter ] --START--
INFO: Run Behavior\ContentReplaceBehavior [ RunTime:0.000036s ]
INFO: [ template_filter ] --END-- [ RunTime:0.000086s ]
INFO: Run Behavior\ParseTemplateBehavior [ RunTime:0.006073s ]
INFO: [ view_parse ] --END-- [ RunTime:0.006112s ]
INFO: [ view_filter ] --START--
INFO: Run Behavior\WriteHtmlCacheBehavior [ RunTime:0.000107s ]
INFO: [ view_filter ] --END-- [ RunTime:0.000129s ]
INFO: [ app_end ] --START--
INFO: Run Behavior\ShowPageTraceBehavior [ RunTime:0.000314s ]
INFO: [ app_end ] --END-- [ RunTime:0.000341s ]

[ 2016-09-23T20:52:52+08:00 ] 183.166.46.42 /
INFO: [ app_init ] --START--
INFO: Run Behavior\BuildLiteBehavior [ RunTime:0.000012s ]
INFO: [ app_init ] --END-- [ RunTime:0.000218s ]
INFO: [ app_begin ] --START--
INFO: Run Behavior\ReadHtmlCacheBehavior [ RunTime:0.000308s ]
INFO: [ app_begin ] --END-- [ RunTime:0.000340s ]
SQL: SHOW COLUMNS FROM `users` [ RunTime:0.0005s ]
SQL: SELECT * FROM `users` WHERE `iden` = null LIMIT 1   [ RunTime:0.0001s ]
SQL: SHOW COLUMNS FROM `videos` [ RunTime:0.0004s ]
SQL: SHOW COLUMNS FROM `videos_item` [ RunTime:0.0003s ]
SQL: SHOW COLUMNS FROM `categroies` [ RunTime:0.0004s ]
SQL: SELECT * FROM `videos` ORDER BY ctime desc LIMIT 0,4   [ RunTime:0.0001s ]
SQL: SELECT * FROM `videos` ORDER BY likescount desc,ctime desc LIMIT 0,4   [ RunTime:0.0001s ]
SQL: SELECT * FROM `categroies`  [ RunTime:0.0001s ]
SQL: SELECT * FROM `categroies` WHERE `pid` = 0  [ RunTime:0.0001s ]
SQL: SHOW COLUMNS FROM `videos` [ RunTime:0.0003s ]
SQL: SHOW COLUMNS FROM `categroies_videos` [ RunTime:0.0003s ]
SQL: SELECT * FROM `categroies`  [ RunTime:0.0001s ]
SQL: SELECT DISTINCT v.* FROM categroies_videos cv left join videos as v on v.id=cv.vid  WHERE cv.cid IN ('5','6','7','8','18','19','20','21','22','23') ORDER BY v.likescount DESC , v.ctime DESC LIMIT 0,3   [ RunTime:0.0001s ]
SQL: SELECT DISTINCT v.* FROM categroies_videos cv left join videos as v on v.id=cv.vid  WHERE cv.cid IN ('9','10','11','12','24','25','26','27','28') ORDER BY v.likescount DESC , v.ctime DESC LIMIT 0,3   [ RunTime:0.0001s ]
SQL: SELECT DISTINCT v.* FROM categroies_videos cv left join videos as v on v.id=cv.vid  WHERE cv.cid IN ('13','14','15','29','32') ORDER BY v.likescount DESC , v.ctime DESC LIMIT 0,3   [ RunTime:0.0001s ]
SQL: SELECT DISTINCT v.* FROM categroies_videos cv left join videos as v on v.id=cv.vid  WHERE cv.cid IN ('16','17','30','31') ORDER BY v.likescount DESC , v.ctime DESC LIMIT 0,3   [ RunTime:0.0001s ]
SQL: SELECT DISTINCT v.* FROM categroies_videos cv left join videos as v on v.id=cv.vid  WHERE cv.cid IN ('5','6','7','8','18','19','20','21','22','23') ORDER BY v.likescount DESC , v.ctime DESC LIMIT 0,4   [ RunTime:0.0001s ]
SQL: SELECT DISTINCT v.* FROM categroies_videos cv left join videos as v on v.id=cv.vid  WHERE cv.cid IN ('9','10','11','12','24','25','26','27','28') ORDER BY v.likescount DESC , v.ctime DESC LIMIT 0,4   [ RunTime:0.0001s ]
SQL: SELECT DISTINCT v.* FROM categroies_videos cv left join videos as v on v.id=cv.vid  WHERE cv.cid IN ('13','14','15','29','32') ORDER BY v.likescount DESC , v.ctime DESC LIMIT 0,4   [ RunTime:0.0001s ]
SQL: SELECT DISTINCT v.* FROM categroies_videos cv left join videos as v on v.id=cv.vid  WHERE cv.cid IN ('16','17','30','31') ORDER BY v.likescount DESC , v.ctime DESC LIMIT 0,4   [ RunTime:0.0001s ]
SQL: SHOW COLUMNS FROM `views` [ RunTime:0.0004s ]
SQL: INSERT INTO `views` (`user_name`,`user_agent`,`user_ip`,`vtime`) VALUES ('保密','Mozilla/5.0 (Windows NT 6.1; WOW64; rv:49.0) Gecko/20100101 Firefox/49.0','183.166.46.42','1474635171') [ RunTime:0.0002s ]
INFO: [ view_parse ] --START--
INFO: [ template_filter ] --START--
INFO: Run Behavior\ContentReplaceBehavior [ RunTime:0.000069s ]
INFO: [ template_filter ] --END-- [ RunTime:0.000130s ]
INFO: Run Behavior\ParseTemplateBehavior [ RunTime:0.013133s ]
INFO: [ view_parse ] --END-- [ RunTime:0.013167s ]
INFO: [ view_filter ] --START--
INFO: Run Behavior\WriteHtmlCacheBehavior [ RunTime:0.000119s ]
INFO: [ view_filter ] --END-- [ RunTime:0.000142s ]
INFO: [ app_end ] --START--
INFO: Run Behavior\ShowPageTraceBehavior [ RunTime:0.000325s ]
INFO: [ app_end ] --END-- [ RunTime:0.000354s ]

[ 2016-09-23T20:53:03+08:00 ] 183.166.46.42 /
INFO: [ app_init ] --START--
INFO: Run Behavior\BuildLiteBehavior [ RunTime:0.000012s ]
INFO: [ app_init ] --END-- [ RunTime:0.000257s ]
INFO: [ app_begin ] --START--
INFO: Run Behavior\ReadHtmlCacheBehavior [ RunTime:0.000325s ]
INFO: [ app_begin ] --END-- [ RunTime:0.000361s ]
SQL: SHOW COLUMNS FROM `users` [ RunTime:0.0005s ]
SQL: SELECT * FROM `users` WHERE `iden` = null LIMIT 1   [ RunTime:0.0001s ]
SQL: SHOW COLUMNS FROM `videos` [ RunTime:0.0004s ]
SQL: SHOW COLUMNS FROM `videos_item` [ RunTime:0.0004s ]
SQL: SHOW COLUMNS FROM `categroies` [ RunTime:0.0003s ]
SQL: SELECT * FROM `videos` ORDER BY ctime desc LIMIT 0,4   [ RunTime:0.0001s ]
SQL: SELECT * FROM `videos` ORDER BY likescount desc,ctime desc LIMIT 0,4   [ RunTime:0.0001s ]
SQL: SELECT * FROM `categroies`  [ RunTime:0.0001s ]
SQL: SELECT * FROM `categroies` WHERE `pid` = 0  [ RunTime:0.0001s ]
SQL: SHOW COLUMNS FROM `videos` [ RunTime:0.0003s ]
SQL: SHOW COLUMNS FROM `categroies_videos` [ RunTime:0.0003s ]
SQL: SELECT * FROM `categroies`  [ RunTime:0.0001s ]
SQL: SELECT DISTINCT v.* FROM categroies_videos cv left join videos as v on v.id=cv.vid  WHERE cv.cid IN ('5','6','7','8','18','19','20','21','22','23') ORDER BY v.likescount DESC , v.ctime DESC LIMIT 0,3   [ RunTime:0.0001s ]
SQL: SELECT DISTINCT v.* FROM categroies_videos cv left join videos as v on v.id=cv.vid  WHERE cv.cid IN ('9','10','11','12','24','25','26','27','28') ORDER BY v.likescount DESC , v.ctime DESC LIMIT 0,3   [ RunTime:0.0001s ]
SQL: SELECT DISTINCT v.* FROM categroies_videos cv left join videos as v on v.id=cv.vid  WHERE cv.cid IN ('13','14','15','29','32') ORDER BY v.likescount DESC , v.ctime DESC LIMIT 0,3   [ RunTime:0.0001s ]
SQL: SELECT DISTINCT v.* FROM categroies_videos cv left join videos as v on v.id=cv.vid  WHERE cv.cid IN ('16','17','30','31') ORDER BY v.likescount DESC , v.ctime DESC LIMIT 0,3   [ RunTime:0.0001s ]
SQL: SELECT DISTINCT v.* FROM categroies_videos cv left join videos as v on v.id=cv.vid  WHERE cv.cid IN ('5','6','7','8','18','19','20','21','22','23') ORDER BY v.likescount DESC , v.ctime DESC LIMIT 0,4   [ RunTime:0.0001s ]
SQL: SELECT DISTINCT v.* FROM categroies_videos cv left join videos as v on v.id=cv.vid  WHERE cv.cid IN ('9','10','11','12','24','25','26','27','28') ORDER BY v.likescount DESC , v.ctime DESC LIMIT 0,4   [ RunTime:0.0001s ]
SQL: SELECT DISTINCT v.* FROM categroies_videos cv left join videos as v on v.id=cv.vid  WHERE cv.cid IN ('13','14','15','29','32') ORDER BY v.likescount DESC , v.ctime DESC LIMIT 0,4   [ RunTime:0.0001s ]
SQL: SELECT DISTINCT v.* FROM categroies_videos cv left join videos as v on v.id=cv.vid  WHERE cv.cid IN ('16','17','30','31') ORDER BY v.likescount DESC , v.ctime DESC LIMIT 0,4   [ RunTime:0.0001s ]
SQL: SHOW COLUMNS FROM `views` [ RunTime:0.0004s ]
SQL: INSERT INTO `views` (`user_name`,`user_agent`,`user_ip`,`vtime`) VALUES ('保密','Mozilla/5.0 (Windows NT 6.1; WOW64; rv:49.0) Gecko/20100101 Firefox/49.0','183.166.46.42','1474635183') [ RunTime:0.0002s ]
INFO: [ view_parse ] --START--
INFO: [ template_filter ] --START--
INFO: Run Behavior\ContentReplaceBehavior [ RunTime:0.000066s ]
INFO: [ template_filter ] --END-- [ RunTime:0.000278s ]
INFO: Run Behavior\ParseTemplateBehavior [ RunTime:0.013868s ]
INFO: [ view_parse ] --END-- [ RunTime:0.013915s ]
INFO: [ view_filter ] --START--
INFO: Run Behavior\WriteHtmlCacheBehavior [ RunTime:0.000137s ]
INFO: [ view_filter ] --END-- [ RunTime:0.000174s ]
INFO: [ app_end ] --START--
INFO: Run Behavior\ShowPageTraceBehavior [ RunTime:0.000318s ]
INFO: [ app_end ] --END-- [ RunTime:0.000347s ]

[ 2016-09-23T20:53:08+08:00 ] 183.166.46.42 /
INFO: [ app_init ] --START--
INFO: Run Behavior\BuildLiteBehavior [ RunTime:0.000012s ]
INFO: [ app_init ] --END-- [ RunTime:0.000228s ]
INFO: [ app_begin ] --START--
INFO: Run Behavior\ReadHtmlCacheBehavior [ RunTime:0.000324s ]
INFO: [ app_begin ] --END-- [ RunTime:0.000359s ]
SQL: SHOW COLUMNS FROM `users` [ RunTime:0.0005s ]
SQL: SELECT * FROM `users` WHERE `iden` = null LIMIT 1   [ RunTime:0.0001s ]
SQL: SHOW COLUMNS FROM `videos` [ RunTime:0.0004s ]
SQL: SHOW COLUMNS FROM `videos_item` [ RunTime:0.0003s ]
SQL: SHOW COLUMNS FROM `categroies` [ RunTime:0.0003s ]
SQL: SELECT * FROM `videos` ORDER BY ctime desc LIMIT 0,4   [ RunTime:0.0001s ]
SQL: SELECT * FROM `videos` ORDER BY likescount desc,ctime desc LIMIT 0,4   [ RunTime:0.0001s ]
SQL: SELECT * FROM `categroies`  [ RunTime:0.0001s ]
SQL: SELECT * FROM `categroies` WHERE `pid` = 0  [ RunTime:0.0001s ]
SQL: SHOW COLUMNS FROM `videos` [ RunTime:0.0004s ]
SQL: SHOW COLUMNS FROM `categroies_videos` [ RunTime:0.0003s ]
SQL: SELECT * FROM `categroies`  [ RunTime:0.0001s ]
SQL: SELECT DISTINCT v.* FROM categroies_videos cv left join videos as v on v.id=cv.vid  WHERE cv.cid IN ('5','6','7','8','18','19','20','21','22','23') ORDER BY v.likescount DESC , v.ctime DESC LIMIT 0,3   [ RunTime:0.0001s ]
SQL: SELECT DISTINCT v.* FROM categroies_videos cv left join videos as v on v.id=cv.vid  WHERE cv.cid IN ('9','10','11','12','24','25','26','27','28') ORDER BY v.likescount DESC , v.ctime DESC LIMIT 0,3   [ RunTime:0.0001s ]
SQL: SELECT DISTINCT v.* FROM categroies_videos cv left join videos as v on v.id=cv.vid  WHERE cv.cid IN ('13','14','15','29','32') ORDER BY v.likescount DESC , v.ctime DESC LIMIT 0,3   [ RunTime:0.0001s ]
SQL: SELECT DISTINCT v.* FROM categroies_videos cv left join videos as v on v.id=cv.vid  WHERE cv.cid IN ('16','17','30','31') ORDER BY v.likescount DESC , v.ctime DESC LIMIT 0,3   [ RunTime:0.0001s ]
SQL: SELECT DISTINCT v.* FROM categroies_videos cv left join videos as v on v.id=cv.vid  WHERE cv.cid IN ('5','6','7','8','18','19','20','21','22','23') ORDER BY v.likescount DESC , v.ctime DESC LIMIT 0,4   [ RunTime:0.0001s ]
SQL: SELECT DISTINCT v.* FROM categroies_videos cv left join videos as v on v.id=cv.vid  WHERE cv.cid IN ('9','10','11','12','24','25','26','27','28') ORDER BY v.likescount DESC , v.ctime DESC LIMIT 0,4   [ RunTime:0.0001s ]
SQL: SELECT DISTINCT v.* FROM categroies_videos cv left join videos as v on v.id=cv.vid  WHERE cv.cid IN ('13','14','15','29','32') ORDER BY v.likescount DESC , v.ctime DESC LIMIT 0,4   [ RunTime:0.0001s ]
SQL: SELECT DISTINCT v.* FROM categroies_videos cv left join videos as v on v.id=cv.vid  WHERE cv.cid IN ('16','17','30','31') ORDER BY v.likescount DESC , v.ctime DESC LIMIT 0,4   [ RunTime:0.0001s ]
SQL: SHOW COLUMNS FROM `views` [ RunTime:0.0003s ]
SQL: INSERT INTO `views` (`user_name`,`user_agent`,`user_ip`,`vtime`) VALUES ('保密','Mozilla/5.0 (Windows NT 6.1; WOW64; rv:49.0) Gecko/20100101 Firefox/49.0','183.166.46.42','1474635188') [ RunTime:0.0147s ]
INFO: [ view_parse ] --START--
INFO: [ template_filter ] --START--
INFO: Run Behavior\ContentReplaceBehavior [ RunTime:0.000056s ]
INFO: [ template_filter ] --END-- [ RunTime:0.000106s ]
INFO: Run Behavior\ParseTemplateBehavior [ RunTime:0.012986s ]
INFO: [ view_parse ] --END-- [ RunTime:0.013024s ]
INFO: [ view_filter ] --START--
INFO: Run Behavior\WriteHtmlCacheBehavior [ RunTime:0.000113s ]
INFO: [ view_filter ] --END-- [ RunTime:0.000136s ]
INFO: [ app_end ] --START--
INFO: Run Behavior\ShowPageTraceBehavior [ RunTime:0.000422s ]
INFO: [ app_end ] --END-- [ RunTime:0.000450s ]

