[ 2016-09-03T02:22:16+08:00 ] 180.153.201.66 /share/Uploader/uploads/vid/8.html
INFO: [ app_init ] --START--
INFO: Run Behavior\BuildLiteBehavior [ RunTime:0.000010s ]
INFO: [ app_init ] --END-- [ RunTime:0.000230s ]
INFO: [ app_begin ] --START--
INFO: Run Behavior\ReadHtmlCacheBehavior [ RunTime:0.000376s ]
INFO: [ app_begin ] --END-- [ RunTime:0.000427s ]
SQL: SHOW COLUMNS FROM `users` [ RunTime:0.0006s ]
SQL: SELECT * FROM `users` WHERE `iden` = null LIMIT 1   [ RunTime:0.0001s ]
SQL: SHOW COLUMNS FROM `videos_item` [ RunTime:0.0003s ]
NOTIC: [8] Undefined index: extension /data/wwwroot/default/share/Application/Home/Controller/UploaderController.class.php 第 218 行.
NOTIC: [8] Undefined index: size /data/wwwroot/default/share/Application/Home/Controller/UploaderController.class.php 第 245 行.
NOTIC: [8] Undefined index: extension /data/wwwroot/default/share/Application/Home/Controller/UploaderController.class.php 第 246 行.
NOTIC: [8] Undefined index: id /data/wwwroot/default/share/Application/Home/Controller/UploaderController.class.php 第 247 行.
SQL: INSERT INTO `videos_item` (`name`,`addr`,`timelength`,`vid`,`size`) VALUES ('','data/uploads/videos/2016/09/03/14728405368203630d69a28ba2.','','8','0') [ RunTime:0.0003s ]

[ 2016-09-03T02:27:52+08:00 ] 180.153.214.191 /share/Uploader/upload/vid/6.html
INFO: [ app_init ] --START--
INFO: Run Behavior\BuildLiteBehavior [ RunTime:0.000010s ]
INFO: [ app_init ] --END-- [ RunTime:0.000248s ]
INFO: [ app_begin ] --START--
INFO: Run Behavior\ReadHtmlCacheBehavior [ RunTime:0.000302s ]
INFO: [ app_begin ] --END-- [ RunTime:0.000347s ]
SQL: SHOW COLUMNS FROM `users` [ RunTime:0.0004s ]
SQL: SELECT * FROM `users` WHERE `iden` = null LIMIT 1   [ RunTime:0.0001s ]
INFO: [ view_parse ] --START--
INFO: [ template_filter ] --START--
INFO: Run Behavior\ContentReplaceBehavior [ RunTime:0.000040s ]
INFO: [ template_filter ] --END-- [ RunTime:0.000069s ]
INFO: Run Behavior\ParseTemplateBehavior [ RunTime:0.004402s ]
INFO: [ view_parse ] --END-- [ RunTime:0.004450s ]
INFO: [ view_filter ] --START--
INFO: Run Behavior\WriteHtmlCacheBehavior [ RunTime:0.000140s ]
INFO: [ view_filter ] --END-- [ RunTime:0.000171s ]
INFO: [ app_end ] --START--
INFO: Run Behavior\ShowPageTraceBehavior [ RunTime:0.000288s ]
INFO: [ app_end ] --END-- [ RunTime:0.000316s ]

[ 2016-09-03T02:45:47+08:00 ] 101.226.61.207 /share/Uploader/upload/vid/5.html
INFO: [ app_init ] --START--
INFO: Run Behavior\BuildLiteBehavior [ RunTime:0.000009s ]
INFO: [ app_init ] --END-- [ RunTime:0.000248s ]
INFO: [ app_begin ] --START--
INFO: Run Behavior\ReadHtmlCacheBehavior [ RunTime:0.000327s ]
INFO: [ app_begin ] --END-- [ RunTime:0.000359s ]
SQL: SHOW COLUMNS FROM `users` [ RunTime:0.0004s ]
SQL: SELECT * FROM `users` WHERE `iden` = null LIMIT 1   [ RunTime:0.0001s ]
INFO: [ view_parse ] --START--
INFO: [ template_filter ] --START--
INFO: Run Behavior\ContentReplaceBehavior [ RunTime:0.000038s ]
INFO: [ template_filter ] --END-- [ RunTime:0.000064s ]
INFO: Run Behavior\ParseTemplateBehavior [ RunTime:0.004111s ]
INFO: [ view_parse ] --END-- [ RunTime:0.004144s ]
INFO: [ view_filter ] --START--
INFO: Run Behavior\WriteHtmlCacheBehavior [ RunTime:0.000096s ]
INFO: [ view_filter ] --END-- [ RunTime:0.000117s ]
INFO: [ app_end ] --START--
INFO: Run Behavior\ShowPageTraceBehavior [ RunTime:0.000244s ]
INFO: [ app_end ] --END-- [ RunTime:0.000268s ]

[ 2016-09-03T03:40:51+08:00 ] 61.151.228.22 /share/Uploader/uploads/vid/4.html
INFO: [ app_init ] --START--
INFO: Run Behavior\BuildLiteBehavior [ RunTime:0.000009s ]
INFO: [ app_init ] --END-- [ RunTime:0.000230s ]
INFO: [ app_begin ] --START--
INFO: Run Behavior\ReadHtmlCacheBehavior [ RunTime:0.000305s ]
INFO: [ app_begin ] --END-- [ RunTime:0.000357s ]
SQL: SHOW COLUMNS FROM `users` [ RunTime:0.0004s ]
SQL: SELECT * FROM `users` WHERE `iden` = null LIMIT 1   [ RunTime:0.0001s ]
SQL: SHOW COLUMNS FROM `videos_item` [ RunTime:0.0003s ]
NOTIC: [8] Undefined index: extension /data/wwwroot/default/share/Application/Home/Controller/UploaderController.class.php 第 218 行.
NOTIC: [8] Undefined index: size /data/wwwroot/default/share/Application/Home/Controller/UploaderController.class.php 第 245 行.
NOTIC: [8] Undefined index: extension /data/wwwroot/default/share/Application/Home/Controller/UploaderController.class.php 第 246 行.
NOTIC: [8] Undefined index: id /data/wwwroot/default/share/Application/Home/Controller/UploaderController.class.php 第 247 行.
SQL: INSERT INTO `videos_item` (`name`,`addr`,`timelength`,`vid`,`size`) VALUES ('','data/uploads/videos/2016/09/03/1472845251c37ae45731317db0.','','4','0') [ RunTime:0.0003s ]

[ 2016-09-03T07:32:03+08:00 ] 180.153.214.178 /share/Uploader/upload/vid/12.html
INFO: [ app_init ] --START--
INFO: Run Behavior\BuildLiteBehavior [ RunTime:0.000011s ]
INFO: [ app_init ] --END-- [ RunTime:0.000261s ]
INFO: [ app_begin ] --START--
INFO: Run Behavior\ReadHtmlCacheBehavior [ RunTime:0.000287s ]
INFO: [ app_begin ] --END-- [ RunTime:0.000322s ]
SQL: SHOW COLUMNS FROM `users` [ RunTime:0.0005s ]
SQL: SELECT * FROM `users` WHERE `iden` = null LIMIT 1   [ RunTime:0.0001s ]
INFO: [ view_parse ] --START--
INFO: [ template_filter ] --START--
INFO: Run Behavior\ContentReplaceBehavior [ RunTime:0.000045s ]
INFO: [ template_filter ] --END-- [ RunTime:0.000086s ]
INFO: Run Behavior\ParseTemplateBehavior [ RunTime:0.004750s ]
INFO: [ view_parse ] --END-- [ RunTime:0.004782s ]
INFO: [ view_filter ] --START--
INFO: Run Behavior\WriteHtmlCacheBehavior [ RunTime:0.000124s ]
INFO: [ view_filter ] --END-- [ RunTime:0.000146s ]
INFO: [ app_end ] --START--
INFO: Run Behavior\ShowPageTraceBehavior [ RunTime:0.000277s ]
INFO: [ app_end ] --END-- [ RunTime:0.000305s ]

[ 2016-09-03T08:34:56+08:00 ] 101.226.61.207 /share/Uploader/uploads/vid/6.html
INFO: [ app_init ] --START--
INFO: Run Behavior\BuildLiteBehavior [ RunTime:0.000010s ]
INFO: [ app_init ] --END-- [ RunTime:0.000242s ]
INFO: [ app_begin ] --START--
INFO: Run Behavior\ReadHtmlCacheBehavior [ RunTime:0.000300s ]
INFO: [ app_begin ] --END-- [ RunTime:0.000335s ]
SQL: SHOW COLUMNS FROM `users` [ RunTime:0.0005s ]
SQL: SELECT * FROM `users` WHERE `iden` = null LIMIT 1   [ RunTime:0.0001s ]
SQL: SHOW COLUMNS FROM `videos_item` [ RunTime:0.0003s ]
NOTIC: [8] Undefined index: extension /data/wwwroot/default/share/Application/Home/Controller/UploaderController.class.php 第 218 行.
NOTIC: [8] Undefined index: size /data/wwwroot/default/share/Application/Home/Controller/UploaderController.class.php 第 245 行.
NOTIC: [8] Undefined index: extension /data/wwwroot/default/share/Application/Home/Controller/UploaderController.class.php 第 246 行.
NOTIC: [8] Undefined index: id /data/wwwroot/default/share/Application/Home/Controller/UploaderController.class.php 第 247 行.
SQL: INSERT INTO `videos_item` (`name`,`addr`,`timelength`,`vid`,`size`) VALUES ('','data/uploads/videos/2016/09/03/14728628961b95579d3fbb4240.','','6','0') [ RunTime:0.0004s ]

