[ 2016-08-22T12:29:56+08:00 ] 112.26.227.139 /share/
INFO: [ app_init ] --START--
INFO: Run Behavior\BuildLiteBehavior [ RunTime:0.000011s ]
INFO: [ app_init ] --END-- [ RunTime:0.000227s ]
INFO: [ app_begin ] --START--
INFO: Run Behavior\ReadHtmlCacheBehavior [ RunTime:0.000295s ]
INFO: [ app_begin ] --END-- [ RunTime:0.000330s ]
SQL: SHOW COLUMNS FROM `users` [ RunTime:0.0006s ]
SQL: SELECT * FROM `users` WHERE `iden` = null LIMIT 1   [ RunTime:0.0002s ]
SQL: SHOW COLUMNS FROM `videos` [ RunTime:0.0003s ]
SQL: SHOW COLUMNS FROM `videos_item` [ RunTime:0.0004s ]
SQL: SHOW COLUMNS FROM `categroies` [ RunTime:0.0004s ]
SQL: SELECT * FROM `videos` ORDER BY ctime desc LIMIT 0,4   [ RunTime:0.0001s ]
SQL: SELECT * FROM `videos` ORDER BY likescount desc,ctime desc LIMIT 0,4   [ RunTime:0.0001s ]
SQL: SELECT * FROM `categroies`  [ RunTime:0.0001s ]
SQL: SELECT * FROM `categroies` WHERE `pid` = 0  [ RunTime:0.0000s ]
SQL: SHOW COLUMNS FROM `videos` [ RunTime:0.0003s ]
SQL: SHOW COLUMNS FROM `categroies_videos` [ RunTime:0.0003s ]
SQL: SELECT * FROM `categroies`  [ RunTime:0.0001s ]
SQL: SELECT DISTINCT v.* FROM categroies_videos cv left join videos as v on v.id=cv.vid  WHERE cv.cid IN ('5','6','7','8','18','19','20','21','22','23') ORDER BY v.likescount DESC , v.ctime DESC LIMIT 0,3   [ RunTime:0.0001s ]
SQL: SELECT DISTINCT v.* FROM categroies_videos cv left join videos as v on v.id=cv.vid  WHERE cv.cid IN ('9','10','11','12','24','25','26','27','28') ORDER BY v.likescount DESC , v.ctime DESC LIMIT 0,3   [ RunTime:0.0001s ]
SQL: SELECT DISTINCT v.* FROM categroies_videos cv left join videos as v on v.id=cv.vid  WHERE cv.cid IN ('13','14','15','29') ORDER BY v.likescount DESC , v.ctime DESC LIMIT 0,3   [ RunTime:0.0001s ]
SQL: SELECT DISTINCT v.* FROM categroies_videos cv left join videos as v on v.id=cv.vid  WHERE cv.cid IN ('16','17','30','31') ORDER BY v.likescount DESC , v.ctime DESC LIMIT 0,3   [ RunTime:0.0001s ]
SQL: SELECT DISTINCT v.* FROM categroies_videos cv left join videos as v on v.id=cv.vid  WHERE cv.cid IN ('5','6','7','8','18','19','20','21','22','23') ORDER BY v.likescount DESC , v.ctime DESC LIMIT 0,4   [ RunTime:0.0001s ]
SQL: SELECT DISTINCT v.* FROM categroies_videos cv left join videos as v on v.id=cv.vid  WHERE cv.cid IN ('9','10','11','12','24','25','26','27','28') ORDER BY v.likescount DESC , v.ctime DESC LIMIT 0,4   [ RunTime:0.0001s ]
SQL: SELECT DISTINCT v.* FROM categroies_videos cv left join videos as v on v.id=cv.vid  WHERE cv.cid IN ('13','14','15','29') ORDER BY v.likescount DESC , v.ctime DESC LIMIT 0,4   [ RunTime:0.0001s ]
SQL: SELECT DISTINCT v.* FROM categroies_videos cv left join videos as v on v.id=cv.vid  WHERE cv.cid IN ('16','17','30','31') ORDER BY v.likescount DESC , v.ctime DESC LIMIT 0,4   [ RunTime:0.0001s ]
SQL: SHOW COLUMNS FROM `views` [ RunTime:0.0003s ]
SQL: INSERT INTO `views` (`user_name`,`user_agent`,`user_ip`,`vtime`) VALUES ('保密','Mozilla/5.0 (Windows NT 6.1; WOW64) AppleWebKit/537.36 (KHTML, like Gecko) Chrome/52.0.2743.116 Safari/537.36','112.26.227.139','1471840195') [ RunTime:0.0003s ]
INFO: [ view_parse ] --START--
INFO: [ template_filter ] --START--
INFO: Run Behavior\ContentReplaceBehavior [ RunTime:0.000061s ]
INFO: [ template_filter ] --END-- [ RunTime:0.000101s ]
INFO: Run Behavior\ParseTemplateBehavior [ RunTime:0.103818s ]
INFO: [ view_parse ] --END-- [ RunTime:0.103850s ]
INFO: [ view_filter ] --START--
INFO: Run Behavior\WriteHtmlCacheBehavior [ RunTime:0.005074s ]
INFO: [ view_filter ] --END-- [ RunTime:0.005114s ]
INFO: [ app_end ] --START--
INFO: Run Behavior\ShowPageTraceBehavior [ RunTime:0.016775s ]
INFO: [ app_end ] --END-- [ RunTime:0.016816s ]

[ 2016-08-22T12:30:38+08:00 ] 112.26.227.139 /share/Classify/index/cid/1.html
INFO: [ app_init ] --START--
INFO: Run Behavior\BuildLiteBehavior [ RunTime:0.000014s ]
INFO: [ app_init ] --END-- [ RunTime:0.000324s ]
INFO: [ app_begin ] --START--
INFO: Run Behavior\ReadHtmlCacheBehavior [ RunTime:0.000551s ]
INFO: [ app_begin ] --END-- [ RunTime:0.000608s ]
SQL: SHOW COLUMNS FROM `users` [ RunTime:0.0006s ]
SQL: SELECT * FROM `users` WHERE `iden` = null LIMIT 1   [ RunTime:0.0001s ]
SQL: SHOW COLUMNS FROM `categroies` [ RunTime:0.0003s ]
SQL: SHOW COLUMNS FROM `videos` [ RunTime:0.0004s ]
SQL: SELECT * FROM `categroies`  [ RunTime:0.0001s ]
SQL: SELECT * FROM `categroies` WHERE `pid` = 1  [ RunTime:0.0002s ]
SQL: SHOW COLUMNS FROM `videos` [ RunTime:0.0004s ]
SQL: SHOW COLUMNS FROM `categroies_videos` [ RunTime:0.0003s ]
SQL: SELECT count(DISTINCT v.id) as c FROM categroies_videos cv left join videos as v on v.id=cv.vid  WHERE cv.cid IN ('5','6','7','8','18','19','20','21','22','23') LIMIT 1   [ RunTime:0.0003s ]
SQL: SELECT DISTINCT v.* FROM categroies_videos cv left join videos as v on v.id=cv.vid  WHERE cv.cid IN ('5','6','7','8','18','19','20','21','22','23') ORDER BY v.likescount DESC , v.ctime DESC LIMIT 0,16   [ RunTime:0.0005s ]
INFO: [ view_parse ] --START--
INFO: [ template_filter ] --START--
INFO: Run Behavior\ContentReplaceBehavior [ RunTime:0.000050s ]
INFO: [ template_filter ] --END-- [ RunTime:0.000083s ]
NOTIC: [8] Undefined variable: child /data/wwwroot/default/share/Application/Runtime/Cache/Home/3641db9fb6fc6f4b6dae2e94da9f4737.php 第 70 行.
INFO: Run Behavior\ParseTemplateBehavior [ RunTime:0.010577s ]
INFO: [ view_parse ] --END-- [ RunTime:0.010625s ]
INFO: [ view_filter ] --START--
INFO: Run Behavior\WriteHtmlCacheBehavior [ RunTime:0.000099s ]
INFO: [ view_filter ] --END-- [ RunTime:0.000134s ]
INFO: [ app_end ] --START--
INFO: Run Behavior\ShowPageTraceBehavior [ RunTime:0.000338s ]
INFO: [ app_end ] --END-- [ RunTime:0.000367s ]

