[ 2017-03-17T20:36:29+08:00 ] 183.166.46.42 /
INFO: [ app_init ] --START--
INFO: Run Behavior\BuildLiteBehavior [ RunTime:0.000017s ]
INFO: [ app_init ] --END-- [ RunTime:0.148572s ]
INFO: [ app_begin ] --START--
INFO: Run Behavior\ReadHtmlCacheBehavior [ RunTime:0.000037s ]
INFO: [ app_begin ] --END-- [ RunTime:0.000059s ]
SQL: SHOW COLUMNS FROM `users` [ RunTime:0.0332s ]
SQL: SELECT * FROM `users` WHERE `iden` = null LIMIT 1   [ RunTime:0.0001s ]
SQL: SHOW COLUMNS FROM `videos` [ RunTime:0.0005s ]
SQL: SHOW COLUMNS FROM `videos_item` [ RunTime:0.0004s ]
SQL: SHOW COLUMNS FROM `categroies` [ RunTime:0.0003s ]
SQL: SELECT * FROM `videos` ORDER BY ctime desc LIMIT 0,4   [ RunTime:0.0001s ]
SQL: SELECT * FROM `videos` ORDER BY likescount desc,ctime desc LIMIT 0,4   [ RunTime:0.0001s ]
SQL: SELECT * FROM `categroies`  [ RunTime:0.0001s ]
SQL: SELECT * FROM `categroies` WHERE `pid` = 0  [ RunTime:0.0001s ]
SQL: SHOW COLUMNS FROM `videos` [ RunTime:0.0004s ]
SQL: SHOW COLUMNS FROM `categroies_videos` [ RunTime:0.0003s ]
SQL: SELECT * FROM `categroies`  [ RunTime:0.0001s ]
SQL: SELECT DISTINCT v.* FROM categroies_videos cv left join videos as v on v.id=cv.vid  WHERE cv.cid IN ('5','6','7','8','18','19','20','21','22','23') ORDER BY v.likescount DESC , v.ctime DESC LIMIT 0,3   [ RunTime:0.0001s ]
SQL: SELECT DISTINCT v.* FROM categroies_videos cv left join videos as v on v.id=cv.vid  WHERE cv.cid IN ('9','10','11','12','24','25','26','27','28') ORDER BY v.likescount DESC , v.ctime DESC LIMIT 0,3   [ RunTime:0.0001s ]
SQL: SELECT DISTINCT v.* FROM categroies_videos cv left join videos as v on v.id=cv.vid  WHERE cv.cid IN ('13','14','15','29','32') ORDER BY v.likescount DESC , v.ctime DESC LIMIT 0,3   [ RunTime:0.0001s ]
SQL: SELECT DISTINCT v.* FROM categroies_videos cv left join videos as v on v.id=cv.vid  WHERE cv.cid IN ('16','17','30','31') ORDER BY v.likescount DESC , v.ctime DESC LIMIT 0,3   [ RunTime:0.0001s ]
SQL: SELECT DISTINCT v.* FROM categroies_videos cv left join videos as v on v.id=cv.vid  WHERE cv.cid IN ('5','6','7','8','18','19','20','21','22','23') ORDER BY v.likescount DESC , v.ctime DESC LIMIT 0,4   [ RunTime:0.0001s ]
SQL: SELECT DISTINCT v.* FROM categroies_videos cv left join videos as v on v.id=cv.vid  WHERE cv.cid IN ('9','10','11','12','24','25','26','27','28') ORDER BY v.likescount DESC , v.ctime DESC LIMIT 0,4   [ RunTime:0.0002s ]
SQL: SELECT DISTINCT v.* FROM categroies_videos cv left join videos as v on v.id=cv.vid  WHERE cv.cid IN ('13','14','15','29','32') ORDER BY v.likescount DESC , v.ctime DESC LIMIT 0,4   [ RunTime:0.0001s ]
SQL: SELECT DISTINCT v.* FROM categroies_videos cv left join videos as v on v.id=cv.vid  WHERE cv.cid IN ('16','17','30','31') ORDER BY v.likescount DESC , v.ctime DESC LIMIT 0,4   [ RunTime:0.0001s ]
SQL: SHOW COLUMNS FROM `views` [ RunTime:0.0005s ]
SQL: INSERT INTO `views` (`user_name`,`user_agent`,`user_ip`,`vtime`) VALUES ('保密','Mozilla/5.0 (Windows NT 10.0; WOW64) AppleWebKit/537.36 (KHTML, like Gecko) Chrome/56.0.2924.87 Safari/537.36','183.166.46.42','1489754189') [ RunTime:0.1403s ]
INFO: [ view_parse ] --START--
INFO: [ template_filter ] --START--
INFO: Run Behavior\ContentReplaceBehavior [ RunTime:0.000128s ]
INFO: [ template_filter ] --END-- [ RunTime:0.000189s ]
INFO: Run Behavior\ParseTemplateBehavior [ RunTime:0.177983s ]
INFO: [ view_parse ] --END-- [ RunTime:0.178056s ]
INFO: [ view_filter ] --START--
INFO: Run Behavior\WriteHtmlCacheBehavior [ RunTime:0.000070s ]
INFO: [ view_filter ] --END-- [ RunTime:0.000089s ]
INFO: [ app_end ] --START--
INFO: Run Behavior\ShowPageTraceBehavior [ RunTime:0.000039s ]
INFO: [ app_end ] --END-- [ RunTime:0.000059s ]

[ 2017-03-17T23:10:32+08:00 ] 180.153.206.21 /
INFO: [ app_init ] --START--
INFO: Run Behavior\BuildLiteBehavior [ RunTime:0.000010s ]
INFO: [ app_init ] --END-- [ RunTime:0.000087s ]
INFO: [ app_begin ] --START--
INFO: Run Behavior\ReadHtmlCacheBehavior [ RunTime:0.000029s ]
INFO: [ app_begin ] --END-- [ RunTime:0.000052s ]
SQL: SHOW COLUMNS FROM `users` [ RunTime:0.0007s ]
SQL: SELECT * FROM `users` WHERE `iden` = null LIMIT 1   [ RunTime:0.0001s ]
SQL: SHOW COLUMNS FROM `videos` [ RunTime:0.0005s ]
SQL: SHOW COLUMNS FROM `videos_item` [ RunTime:0.0009s ]
SQL: SHOW COLUMNS FROM `categroies` [ RunTime:0.0004s ]
SQL: SELECT * FROM `videos` ORDER BY ctime desc LIMIT 0,4   [ RunTime:0.0004s ]
SQL: SELECT * FROM `videos` ORDER BY likescount desc,ctime desc LIMIT 0,4   [ RunTime:0.0001s ]
SQL: SELECT * FROM `categroies`  [ RunTime:0.0001s ]
SQL: SELECT * FROM `categroies` WHERE `pid` = 0  [ RunTime:0.0001s ]
SQL: SHOW COLUMNS FROM `videos` [ RunTime:0.0008s ]
SQL: SHOW COLUMNS FROM `categroies_videos` [ RunTime:0.0004s ]
SQL: SELECT * FROM `categroies`  [ RunTime:0.0001s ]
SQL: SELECT DISTINCT v.* FROM categroies_videos cv left join videos as v on v.id=cv.vid  WHERE cv.cid IN ('5','6','7','8','18','19','20','21','22','23') ORDER BY v.likescount DESC , v.ctime DESC LIMIT 0,3   [ RunTime:0.0001s ]
SQL: SELECT DISTINCT v.* FROM categroies_videos cv left join videos as v on v.id=cv.vid  WHERE cv.cid IN ('9','10','11','12','24','25','26','27','28') ORDER BY v.likescount DESC , v.ctime DESC LIMIT 0,3   [ RunTime:0.0002s ]
SQL: SELECT DISTINCT v.* FROM categroies_videos cv left join videos as v on v.id=cv.vid  WHERE cv.cid IN ('13','14','15','29','32') ORDER BY v.likescount DESC , v.ctime DESC LIMIT 0,3   [ RunTime:0.0001s ]
SQL: SELECT DISTINCT v.* FROM categroies_videos cv left join videos as v on v.id=cv.vid  WHERE cv.cid IN ('16','17','30','31') ORDER BY v.likescount DESC , v.ctime DESC LIMIT 0,3   [ RunTime:0.0001s ]
SQL: SELECT DISTINCT v.* FROM categroies_videos cv left join videos as v on v.id=cv.vid  WHERE cv.cid IN ('5','6','7','8','18','19','20','21','22','23') ORDER BY v.likescount DESC , v.ctime DESC LIMIT 0,4   [ RunTime:0.0001s ]
SQL: SELECT DISTINCT v.* FROM categroies_videos cv left join videos as v on v.id=cv.vid  WHERE cv.cid IN ('9','10','11','12','24','25','26','27','28') ORDER BY v.likescount DESC , v.ctime DESC LIMIT 0,4   [ RunTime:0.0001s ]
SQL: SELECT DISTINCT v.* FROM categroies_videos cv left join videos as v on v.id=cv.vid  WHERE cv.cid IN ('13','14','15','29','32') ORDER BY v.likescount DESC , v.ctime DESC LIMIT 0,4   [ RunTime:0.0001s ]
SQL: SELECT DISTINCT v.* FROM categroies_videos cv left join videos as v on v.id=cv.vid  WHERE cv.cid IN ('16','17','30','31') ORDER BY v.likescount DESC , v.ctime DESC LIMIT 0,4   [ RunTime:0.0001s ]
SQL: SHOW COLUMNS FROM `views` [ RunTime:0.0005s ]
SQL: INSERT INTO `views` (`user_name`,`user_agent`,`user_ip`,`vtime`) VALUES ('保密','Mozilla/5.0 (Windows NT 6.1; WOW64) AppleWebKit/537.36 (KHTML, like Gecko) Chrome/56.0.2924.87 Safari/537.36','180.153.206.21','1489763432') [ RunTime:0.0004s ]
INFO: [ view_parse ] --START--
INFO: [ template_filter ] --START--
INFO: Run Behavior\ContentReplaceBehavior [ RunTime:0.000128s ]
INFO: [ template_filter ] --END-- [ RunTime:0.000178s ]
INFO: Run Behavior\ParseTemplateBehavior [ RunTime:0.007840s ]
INFO: [ view_parse ] --END-- [ RunTime:0.007884s ]
INFO: [ view_filter ] --START--
INFO: Run Behavior\WriteHtmlCacheBehavior [ RunTime:0.000041s ]
INFO: [ view_filter ] --END-- [ RunTime:0.000052s ]
INFO: [ app_end ] --START--
INFO: Run Behavior\ShowPageTraceBehavior [ RunTime:0.000033s ]
INFO: [ app_end ] --END-- [ RunTime:0.000055s ]

