[ 2017-03-01T02:13:33+08:00 ] 101.226.33.217 /List/getAllVideos.html?limit%25252525252525252525253D10%252525252525252525252526offset%25252525252525252525253D0%252525252525252525252526flag%25252525252525252525253D
INFO: [ app_init ] --START--
INFO: Run Behavior\BuildLiteBehavior [ RunTime:0.000007s ]
INFO: [ app_init ] --END-- [ RunTime:0.000049s ]
INFO: [ app_begin ] --START--
INFO: Run Behavior\ReadHtmlCacheBehavior [ RunTime:0.000018s ]
INFO: [ app_begin ] --END-- [ RunTime:0.000037s ]
ERR: 无法加载控制器:List

[ 2017-03-01T02:13:44+08:00 ] 110.187.24.84 /List/getAllVideos.html?limit%25252525252525252525253D10%252525252525252525252526offset%25252525252525252525253D0%252525252525252525252526flag%25252525252525252525253D
INFO: [ app_init ] --START--
INFO: Run Behavior\BuildLiteBehavior [ RunTime:0.000008s ]
INFO: [ app_init ] --END-- [ RunTime:0.000050s ]
INFO: [ app_begin ] --START--
INFO: Run Behavior\ReadHtmlCacheBehavior [ RunTime:0.000031s ]
INFO: [ app_begin ] --END-- [ RunTime:0.000050s ]
ERR: 无法加载控制器:List

[ 2017-03-01T05:23:16+08:00 ] 140.207.185.111 /List/getAllVideos.html?limit%2525252525252525252525253D10%25252525252525252525252526offset%2525252525252525252525253D0%25252525252525252525252526flag%2525252525252525252525253D
INFO: [ app_init ] --START--
INFO: Run Behavior\BuildLiteBehavior [ RunTime:0.000007s ]
INFO: [ app_init ] --END-- [ RunTime:0.000057s ]
INFO: [ app_begin ] --START--
INFO: Run Behavior\ReadHtmlCacheBehavior [ RunTime:0.000036s ]
INFO: [ app_begin ] --END-- [ RunTime:0.000083s ]
ERR: 无法加载控制器:List

[ 2017-03-01T05:23:27+08:00 ] 113.58.232.10 /List/getAllVideos.html?limit%2525252525252525252525253D10%25252525252525252525252526offset%2525252525252525252525253D0%25252525252525252525252526flag%2525252525252525252525253D
INFO: [ app_init ] --START--
INFO: Run Behavior\BuildLiteBehavior [ RunTime:0.000010s ]
INFO: [ app_init ] --END-- [ RunTime:0.000074s ]
INFO: [ app_begin ] --START--
INFO: Run Behavior\ReadHtmlCacheBehavior [ RunTime:0.000027s ]
INFO: [ app_begin ] --END-- [ RunTime:0.000056s ]
ERR: 无法加载控制器:List

[ 2017-03-01T08:05:38+08:00 ] 61.151.226.199 /List/getAllVideos.html?limit%252525252525252525252525253D10%2525252525252525252525252526offset%252525252525252525252525253D0%2525252525252525252525252526flag%252525252525252525252525253D
INFO: [ app_init ] --START--
INFO: Run Behavior\BuildLiteBehavior [ RunTime:0.000007s ]
INFO: [ app_init ] --END-- [ RunTime:0.000070s ]
INFO: [ app_begin ] --START--
INFO: Run Behavior\ReadHtmlCacheBehavior [ RunTime:0.000022s ]
INFO: [ app_begin ] --END-- [ RunTime:0.000040s ]
ERR: 无法加载控制器:List

[ 2017-03-01T11:23:10+08:00 ] 180.153.214.199 /List/getAllVideos.html?limit%25252525252525252525252525253D10%252525252525252525252525252526offset%25252525252525252525252525253D0%252525252525252525252525252526flag%25252525252525252525252525253D
INFO: [ app_init ] --START--
INFO: Run Behavior\BuildLiteBehavior [ RunTime:0.000007s ]
INFO: [ app_init ] --END-- [ RunTime:0.000078s ]
INFO: [ app_begin ] --START--
INFO: Run Behavior\ReadHtmlCacheBehavior [ RunTime:0.000028s ]
INFO: [ app_begin ] --END-- [ RunTime:0.000047s ]
ERR: 无法加载控制器:List

[ 2017-03-01T11:23:22+08:00 ] 123.207.152.168 /List/getAllVideos.html?limit%25252525252525252525252525253D10%252525252525252525252525252526offset%25252525252525252525252525253D0%252525252525252525252525252526flag%25252525252525252525252525253D
INFO: [ app_init ] --START--
INFO: Run Behavior\BuildLiteBehavior [ RunTime:0.000008s ]
INFO: [ app_init ] --END-- [ RunTime:0.000051s ]
INFO: [ app_begin ] --START--
INFO: Run Behavior\ReadHtmlCacheBehavior [ RunTime:0.000022s ]
INFO: [ app_begin ] --END-- [ RunTime:0.000039s ]
ERR: 无法加载控制器:List

[ 2017-03-01T14:24:22+08:00 ] 140.207.185.109 /List/getAllVideos.html?limit%2525252525252525252525252525253D10%25252525252525252525252525252526offset%2525252525252525252525252525253D0%25252525252525252525252525252526flag%2525252525252525252525252525253D
INFO: [ app_init ] --START--
INFO: Run Behavior\BuildLiteBehavior [ RunTime:0.000008s ]
INFO: [ app_init ] --END-- [ RunTime:0.000056s ]
INFO: [ app_begin ] --START--
INFO: Run Behavior\ReadHtmlCacheBehavior [ RunTime:0.000022s ]
INFO: [ app_begin ] --END-- [ RunTime:0.000040s ]
ERR: 无法加载控制器:List

