[ 2017-03-03T01:04:14+08:00 ] 101.226.89.120 /Play/index/vItemid/84/vid/8.html
INFO: [ app_init ] --START--
INFO: Run Behavior\BuildLiteBehavior [ RunTime:0.000008s ]
INFO: [ app_init ] --END-- [ RunTime:0.000097s ]
INFO: [ app_begin ] --START--
INFO: Run Behavior\ReadHtmlCacheBehavior [ RunTime:0.000023s ]
INFO: [ app_begin ] --END-- [ RunTime:0.000041s ]
SQL: SHOW COLUMNS FROM `users` [ RunTime:0.0006s ]
SQL: SELECT * FROM `users` WHERE `iden` = null LIMIT 1   [ RunTime:0.0001s ]
SQL: SHOW COLUMNS FROM `videos` [ RunTime:0.0004s ]
SQL: SHOW COLUMNS FROM `categroies` [ RunTime:0.0004s ]
SQL: SELECT v.*,u.username as vRes FROM videos v right join users as u on v.uid = u.id  WHERE v.id = '8' LIMIT 1   [ RunTime:0.0001s ]
NOTIC: [2] Missing argument 3 for Common\Model\VideosModel::getVideosItemByVid(), called in /data/wwwroot/share/Application/Home/Controller/PlayController.class.php on line 21 and defined /data/wwwroot/share/Application/Common/Model/VideosModel.class.php 第 61 行.
NOTIC: [8] Undefined variable: limit /data/wwwroot/share/Application/Common/Model/VideosModel.class.php 第 65 行.
SQL: SELECT * FROM videos v right join videos_item as vItem on vItem.vid = v.id  WHERE v.id = 8 AND v.deleted_by = 0  [ RunTime:0.0001s ]
SQL: SHOW COLUMNS FROM `categroies_videos` [ RunTime:0.0004s ]
SQL: SELECT * FROM `categroies_videos` WHERE `vid` = 8 LIMIT 1   [ RunTime:0.0001s ]
SQL: SELECT * FROM videos v right join categroies_videos as c on c.vid = v.id  WHERE c.cid = '5' ORDER BY likescount desc,ctime desc LIMIT 0,4   [ RunTime:0.0001s ]
SQL: SELECT * FROM `categroies_videos` WHERE `vid` = 8 LIMIT 1   [ RunTime:0.0001s ]
SQL: SELECT * FROM `categroies` WHERE `id` = 5 LIMIT 1   [ RunTime:0.0001s ]
INFO: [ view_parse ] --START--
INFO: [ template_filter ] --START--
INFO: Run Behavior\ContentReplaceBehavior [ RunTime:0.000070s ]
INFO: [ template_filter ] --END-- [ RunTime:0.000112s ]
INFO: Run Behavior\ParseTemplateBehavior [ RunTime:0.003469s ]
INFO: [ view_parse ] --END-- [ RunTime:0.003491s ]
INFO: [ view_filter ] --START--
INFO: Run Behavior\WriteHtmlCacheBehavior [ RunTime:0.000027s ]
INFO: [ view_filter ] --END-- [ RunTime:0.000041s ]
INFO: [ app_end ] --START--
INFO: Run Behavior\ShowPageTraceBehavior [ RunTime:0.000022s ]
INFO: [ app_end ] --END-- [ RunTime:0.000039s ]

[ 2017-03-03T01:17:22+08:00 ] 101.226.33.227 /Detail/index/vid/8.html
INFO: [ app_init ] --START--
INFO: Run Behavior\BuildLiteBehavior [ RunTime:0.000005s ]
INFO: [ app_init ] --END-- [ RunTime:0.000035s ]
INFO: [ app_begin ] --START--
INFO: Run Behavior\ReadHtmlCacheBehavior [ RunTime:0.000016s ]
INFO: [ app_begin ] --END-- [ RunTime:0.000032s ]
SQL: SHOW COLUMNS FROM `users` [ RunTime:0.0011s ]
SQL: SELECT * FROM `users` WHERE `iden` = null LIMIT 1   [ RunTime:0.0011s ]
SQL: SHOW COLUMNS FROM `videos` [ RunTime:0.0011s ]
SQL: SHOW COLUMNS FROM `categroies` [ RunTime:0.0008s ]
SQL: SELECT v.*,u.username as vRes FROM videos v right join users as u on v.uid = u.id  WHERE v.id = '8' LIMIT 1   [ RunTime:0.0008s ]
NOTIC: [2] Missing argument 3 for Common\Model\VideosModel::getVideosItemByVid(), called in /data/wwwroot/share/Application/Home/Controller/DetailController.class.php on line 21 and defined /data/wwwroot/share/Application/Common/Model/VideosModel.class.php 第 61 行.
NOTIC: [8] Undefined variable: limit /data/wwwroot/share/Application/Common/Model/VideosModel.class.php 第 65 行.
SQL: SELECT * FROM videos v right join videos_item as vItem on vItem.vid = v.id  WHERE v.id = 8 AND v.deleted_by = 0  [ RunTime:0.0009s ]
SQL: SHOW COLUMNS FROM `categroies_videos` [ RunTime:0.0007s ]
SQL: SELECT * FROM `categroies_videos` WHERE `vid` = 8 LIMIT 1   [ RunTime:0.0003s ]
SQL: SELECT * FROM videos v right join categroies_videos as c on c.vid = v.id  WHERE c.cid = '5' ORDER BY likescount desc,ctime desc LIMIT 0,4   [ RunTime:0.0004s ]
SQL: SELECT * FROM `categroies_videos` WHERE `vid` = 8 LIMIT 1   [ RunTime:0.0037s ]
SQL: SELECT * FROM `categroies` WHERE `id` = 5 LIMIT 1   [ RunTime:0.0039s ]
INFO: [ view_parse ] --START--
INFO: [ template_filter ] --START--
INFO: Run Behavior\ContentReplaceBehavior [ RunTime:0.000066s ]
INFO: [ template_filter ] --END-- [ RunTime:0.000087s ]
INFO: Run Behavior\ParseTemplateBehavior [ RunTime:0.003009s ]
INFO: [ view_parse ] --END-- [ RunTime:0.003031s ]
INFO: [ view_filter ] --START--
INFO: Run Behavior\WriteHtmlCacheBehavior [ RunTime:0.000021s ]
INFO: [ view_filter ] --END-- [ RunTime:0.000034s ]
INFO: [ app_end ] --START--
INFO: Run Behavior\ShowPageTraceBehavior [ RunTime:0.000018s ]
INFO: [ app_end ] --END-- [ RunTime:0.000033s ]

[ 2017-03-03T01:17:22+08:00 ] 101.226.102.97 /Detail/index/vid/8.html
INFO: [ app_init ] --START--
INFO: Run Behavior\BuildLiteBehavior [ RunTime:0.000007s ]
INFO: [ app_init ] --END-- [ RunTime:0.000056s ]
INFO: [ app_begin ] --START--
INFO: Run Behavior\ReadHtmlCacheBehavior [ RunTime:0.000022s ]
INFO: [ app_begin ] --END-- [ RunTime:0.000040s ]
SQL: SHOW COLUMNS FROM `users` [ RunTime:0.0007s ]
SQL: SELECT * FROM `users` WHERE `iden` = null LIMIT 1   [ RunTime:0.0007s ]
SQL: SHOW COLUMNS FROM `videos` [ RunTime:0.0011s ]
SQL: SHOW COLUMNS FROM `categroies` [ RunTime:0.0010s ]
SQL: SELECT v.*,u.username as vRes FROM videos v right join users as u on v.uid = u.id  WHERE v.id = '8' LIMIT 1   [ RunTime:0.0011s ]
NOTIC: [2] Missing argument 3 for Common\Model\VideosModel::getVideosItemByVid(), called in /data/wwwroot/share/Application/Home/Controller/DetailController.class.php on line 21 and defined /data/wwwroot/share/Application/Common/Model/VideosModel.class.php 第 61 行.
NOTIC: [8] Undefined variable: limit /data/wwwroot/share/Application/Common/Model/VideosModel.class.php 第 65 行.
SQL: SELECT * FROM videos v right join videos_item as vItem on vItem.vid = v.id  WHERE v.id = 8 AND v.deleted_by = 0  [ RunTime:0.0008s ]
SQL: SHOW COLUMNS FROM `categroies_videos` [ RunTime:0.0009s ]
SQL: SELECT * FROM `categroies_videos` WHERE `vid` = 8 LIMIT 1   [ RunTime:0.0007s ]
SQL: SELECT * FROM videos v right join categroies_videos as c on c.vid = v.id  WHERE c.cid = '5' ORDER BY likescount desc,ctime desc LIMIT 0,4   [ RunTime:0.0007s ]
SQL: SELECT * FROM `categroies_videos` WHERE `vid` = 8 LIMIT 1   [ RunTime:0.0003s ]
SQL: SELECT * FROM `categroies` WHERE `id` = 5 LIMIT 1   [ RunTime:0.0004s ]
INFO: [ view_parse ] --START--
INFO: [ template_filter ] --START--
INFO: Run Behavior\ContentReplaceBehavior [ RunTime:0.000075s ]
INFO: [ template_filter ] --END-- [ RunTime:0.000099s ]
INFO: Run Behavior\ParseTemplateBehavior [ RunTime:0.003039s ]
INFO: [ view_parse ] --END-- [ RunTime:0.003060s ]
INFO: [ view_filter ] --START--
INFO: Run Behavior\WriteHtmlCacheBehavior [ RunTime:0.000027s ]
INFO: [ view_filter ] --END-- [ RunTime:0.000041s ]
INFO: [ app_end ] --START--
INFO: Run Behavior\ShowPageTraceBehavior [ RunTime:0.000023s ]
INFO: [ app_end ] --END-- [ RunTime:0.000038s ]

[ 2017-03-03T01:17:22+08:00 ] 180.153.205.254 /Detail/index/vid/8.html
INFO: [ app_init ] --START--
INFO: Run Behavior\BuildLiteBehavior [ RunTime:0.000005s ]
INFO: [ app_init ] --END-- [ RunTime:0.000042s ]
INFO: [ app_begin ] --START--
INFO: Run Behavior\ReadHtmlCacheBehavior [ RunTime:0.000024s ]
INFO: [ app_begin ] --END-- [ RunTime:0.000066s ]
SQL: SHOW COLUMNS FROM `users` [ RunTime:0.0007s ]
SQL: SELECT * FROM `users` WHERE `iden` = null LIMIT 1   [ RunTime:0.0011s ]
SQL: SHOW COLUMNS FROM `videos` [ RunTime:0.0011s ]
SQL: SHOW COLUMNS FROM `categroies` [ RunTime:0.0011s ]
SQL: SELECT v.*,u.username as vRes FROM videos v right join users as u on v.uid = u.id  WHERE v.id = '8' LIMIT 1   [ RunTime:0.0007s ]
NOTIC: [2] Missing argument 3 for Common\Model\VideosModel::getVideosItemByVid(), called in /data/wwwroot/share/Application/Home/Controller/DetailController.class.php on line 21 and defined /data/wwwroot/share/Application/Common/Model/VideosModel.class.php 第 61 行.
NOTIC: [8] Undefined variable: limit /data/wwwroot/share/Application/Common/Model/VideosModel.class.php 第 65 行.
SQL: SELECT * FROM videos v right join videos_item as vItem on vItem.vid = v.id  WHERE v.id = 8 AND v.deleted_by = 0  [ RunTime:0.0009s ]
SQL: SHOW COLUMNS FROM `categroies_videos` [ RunTime:0.0007s ]
SQL: SELECT * FROM `categroies_videos` WHERE `vid` = 8 LIMIT 1   [ RunTime:0.0007s ]
SQL: SELECT * FROM videos v right join categroies_videos as c on c.vid = v.id  WHERE c.cid = '5' ORDER BY likescount desc,ctime desc LIMIT 0,4   [ RunTime:0.0003s ]
SQL: SELECT * FROM `categroies_videos` WHERE `vid` = 8 LIMIT 1   [ RunTime:0.0003s ]
SQL: SELECT * FROM `categroies` WHERE `id` = 5 LIMIT 1   [ RunTime:0.0037s ]
INFO: [ view_parse ] --START--
INFO: [ template_filter ] --START--
INFO: Run Behavior\ContentReplaceBehavior [ RunTime:0.000058s ]
INFO: [ template_filter ] --END-- [ RunTime:0.000081s ]
INFO: Run Behavior\ParseTemplateBehavior [ RunTime:0.009055s ]
INFO: [ view_parse ] --END-- [ RunTime:0.009085s ]
INFO: [ view_filter ] --START--
INFO: Run Behavior\WriteHtmlCacheBehavior [ RunTime:0.000036s ]
INFO: [ view_filter ] --END-- [ RunTime:0.000073s ]
INFO: [ app_end ] --START--
INFO: Run Behavior\ShowPageTraceBehavior [ RunTime:0.000034s ]
INFO: [ app_end ] --END-- [ RunTime:0.000067s ]

[ 2017-03-03T01:17:22+08:00 ] 180.153.214.198 /Detail/index/vid/8.html
INFO: [ app_init ] --START--
INFO: Run Behavior\BuildLiteBehavior [ RunTime:0.000006s ]
INFO: [ app_init ] --END-- [ RunTime:0.000064s ]
INFO: [ app_begin ] --START--
INFO: Run Behavior\ReadHtmlCacheBehavior [ RunTime:0.000017s ]
INFO: [ app_begin ] --END-- [ RunTime:0.000034s ]
SQL: SHOW COLUMNS FROM `users` [ RunTime:0.0006s ]
SQL: SELECT * FROM `users` WHERE `iden` = null LIMIT 1   [ RunTime:0.0001s ]
SQL: SHOW COLUMNS FROM `videos` [ RunTime:0.0004s ]
SQL: SHOW COLUMNS FROM `categroies` [ RunTime:0.0004s ]
SQL: SELECT v.*,u.username as vRes FROM videos v right join users as u on v.uid = u.id  WHERE v.id = '8' LIMIT 1   [ RunTime:0.0001s ]
NOTIC: [2] Missing argument 3 for Common\Model\VideosModel::getVideosItemByVid(), called in /data/wwwroot/share/Application/Home/Controller/DetailController.class.php on line 21 and defined /data/wwwroot/share/Application/Common/Model/VideosModel.class.php 第 61 行.
NOTIC: [8] Undefined variable: limit /data/wwwroot/share/Application/Common/Model/VideosModel.class.php 第 65 行.
SQL: SELECT * FROM videos v right join videos_item as vItem on vItem.vid = v.id  WHERE v.id = 8 AND v.deleted_by = 0  [ RunTime:0.0002s ]
SQL: SHOW COLUMNS FROM `categroies_videos` [ RunTime:0.0003s ]
SQL: SELECT * FROM `categroies_videos` WHERE `vid` = 8 LIMIT 1   [ RunTime:0.0001s ]
SQL: SELECT * FROM videos v right join categroies_videos as c on c.vid = v.id  WHERE c.cid = '5' ORDER BY likescount desc,ctime desc LIMIT 0,4   [ RunTime:0.0001s ]
SQL: SELECT * FROM `categroies_videos` WHERE `vid` = 8 LIMIT 1   [ RunTime:0.0001s ]
SQL: SELECT * FROM `categroies` WHERE `id` = 5 LIMIT 1   [ RunTime:0.0001s ]
INFO: [ view_parse ] --START--
INFO: [ template_filter ] --START--
INFO: Run Behavior\ContentReplaceBehavior [ RunTime:0.000081s ]
INFO: [ template_filter ] --END-- [ RunTime:0.000109s ]
INFO: Run Behavior\ParseTemplateBehavior [ RunTime:0.002737s ]
INFO: [ view_parse ] --END-- [ RunTime:0.002757s ]
INFO: [ view_filter ] --START--
INFO: Run Behavior\WriteHtmlCacheBehavior [ RunTime:0.000019s ]
INFO: [ view_filter ] --END-- [ RunTime:0.000034s ]
INFO: [ app_end ] --START--
INFO: Run Behavior\ShowPageTraceBehavior [ RunTime:0.000017s ]
INFO: [ app_end ] --END-- [ RunTime:0.000032s ]

[ 2017-03-03T01:41:10+08:00 ] 112.65.193.15 /Search/index.html?keyword%3D%25E6%2597%258B%25E8%25BD%25AC
INFO: [ app_init ] --START--
INFO: Run Behavior\BuildLiteBehavior [ RunTime:0.000008s ]
INFO: [ app_init ] --END-- [ RunTime:0.000069s ]
INFO: [ app_begin ] --START--
INFO: Run Behavior\ReadHtmlCacheBehavior [ RunTime:0.000034s ]
INFO: [ app_begin ] --END-- [ RunTime:0.000059s ]
SQL: SHOW COLUMNS FROM `users` [ RunTime:0.0006s ]
SQL: SELECT * FROM `users` WHERE `iden` = null LIMIT 1   [ RunTime:0.0001s ]
SQL: SHOW COLUMNS FROM `videos` [ RunTime:0.0005s ]
SQL: SHOW COLUMNS FROM `categroies` [ RunTime:0.0004s ]
SQL: SELECT COUNT(*) AS tp_count FROM `videos` WHERE `name` LIKE '%%' LIMIT 1   [ RunTime:0.0003s ]
SQL: SELECT * FROM `videos` WHERE `name` LIKE '%%' LIMIT 0,9   [ RunTime:0.0002s ]
SQL: SELECT * FROM `categroies` WHERE `pid` <> 0  [ RunTime:0.0001s ]
INFO: [ view_parse ] --START--
INFO: [ template_filter ] --START--
INFO: Run Behavior\ContentReplaceBehavior [ RunTime:0.000068s ]
INFO: [ template_filter ] --END-- [ RunTime:0.000090s ]
INFO: Run Behavior\ParseTemplateBehavior [ RunTime:0.003087s ]
INFO: [ view_parse ] --END-- [ RunTime:0.003108s ]
INFO: [ view_filter ] --START--
INFO: Run Behavior\WriteHtmlCacheBehavior [ RunTime:0.000028s ]
INFO: [ view_filter ] --END-- [ RunTime:0.000064s ]
INFO: [ app_end ] --START--
INFO: Run Behavior\ShowPageTraceBehavior [ RunTime:0.000026s ]
INFO: [ app_end ] --END-- [ RunTime:0.000042s ]

[ 2017-03-03T01:53:11+08:00 ] 101.226.89.116 /
INFO: [ app_init ] --START--
INFO: Run Behavior\BuildLiteBehavior [ RunTime:0.000007s ]
INFO: [ app_init ] --END-- [ RunTime:0.000064s ]
INFO: [ app_begin ] --START--
INFO: Run Behavior\ReadHtmlCacheBehavior [ RunTime:0.000031s ]
INFO: [ app_begin ] --END-- [ RunTime:0.000048s ]
SQL: SHOW COLUMNS FROM `users` [ RunTime:0.0006s ]
SQL: SELECT * FROM `users` WHERE `iden` = null LIMIT 1   [ RunTime:0.0001s ]
SQL: SHOW COLUMNS FROM `videos` [ RunTime:0.0039s ]
SQL: SHOW COLUMNS FROM `videos_item` [ RunTime:0.0109s ]
SQL: SHOW COLUMNS FROM `categroies` [ RunTime:0.0069s ]
SQL: SELECT * FROM `videos` ORDER BY ctime desc LIMIT 0,4   [ RunTime:0.0087s ]
SQL: SELECT * FROM `videos` ORDER BY likescount desc,ctime desc LIMIT 0,4   [ RunTime:0.0110s ]
SQL: SELECT * FROM `categroies`  [ RunTime:0.0043s ]
SQL: SELECT * FROM `categroies` WHERE `pid` = 0  [ RunTime:0.0001s ]
SQL: SHOW COLUMNS FROM `videos` [ RunTime:0.0007s ]
SQL: SHOW COLUMNS FROM `categroies_videos` [ RunTime:0.0004s ]
SQL: SELECT * FROM `categroies`  [ RunTime:0.0001s ]
SQL: SELECT DISTINCT v.* FROM categroies_videos cv left join videos as v on v.id=cv.vid  WHERE cv.cid IN ('5','6','7','8','18','19','20','21','22','23') ORDER BY v.likescount DESC , v.ctime DESC LIMIT 0,3   [ RunTime:0.0001s ]
SQL: SELECT DISTINCT v.* FROM categroies_videos cv left join videos as v on v.id=cv.vid  WHERE cv.cid IN ('9','10','11','12','24','25','26','27','28') ORDER BY v.likescount DESC , v.ctime DESC LIMIT 0,3   [ RunTime:0.0001s ]
SQL: SELECT DISTINCT v.* FROM categroies_videos cv left join videos as v on v.id=cv.vid  WHERE cv.cid IN ('13','14','15','29','32') ORDER BY v.likescount DESC , v.ctime DESC LIMIT 0,3   [ RunTime:0.0001s ]
SQL: SELECT DISTINCT v.* FROM categroies_videos cv left join videos as v on v.id=cv.vid  WHERE cv.cid IN ('16','17','30','31') ORDER BY v.likescount DESC , v.ctime DESC LIMIT 0,3   [ RunTime:0.0001s ]
SQL: SELECT DISTINCT v.* FROM categroies_videos cv left join videos as v on v.id=cv.vid  WHERE cv.cid IN ('5','6','7','8','18','19','20','21','22','23') ORDER BY v.likescount DESC , v.ctime DESC LIMIT 0,4   [ RunTime:0.0001s ]
SQL: SELECT DISTINCT v.* FROM categroies_videos cv left join videos as v on v.id=cv.vid  WHERE cv.cid IN ('9','10','11','12','24','25','26','27','28') ORDER BY v.likescount DESC , v.ctime DESC LIMIT 0,4   [ RunTime:0.0001s ]
SQL: SELECT DISTINCT v.* FROM categroies_videos cv left join videos as v on v.id=cv.vid  WHERE cv.cid IN ('13','14','15','29','32') ORDER BY v.likescount DESC , v.ctime DESC LIMIT 0,4   [ RunTime:0.0001s ]
SQL: SELECT DISTINCT v.* FROM categroies_videos cv left join videos as v on v.id=cv.vid  WHERE cv.cid IN ('16','17','30','31') ORDER BY v.likescount DESC , v.ctime DESC LIMIT 0,4   [ RunTime:0.0001s ]
SQL: SHOW COLUMNS FROM `views` [ RunTime:0.0004s ]
SQL: INSERT INTO `views` (`user_name`,`user_agent`,`user_ip`,`vtime`) VALUES ('保密','Mozilla/5.0 (Windows NT 6.1; WOW64; rv:50.0) Gecko/20100101 Firefox/50.0','101.226.89.116','1488477191') [ RunTime:0.0003s ]
INFO: [ view_parse ] --START--
INFO: [ template_filter ] --START--
INFO: Run Behavior\ContentReplaceBehavior [ RunTime:0.000090s ]
INFO: [ template_filter ] --END-- [ RunTime:0.000113s ]
INFO: Run Behavior\ParseTemplateBehavior [ RunTime:0.007697s ]
INFO: [ view_parse ] --END-- [ RunTime:0.007719s ]
INFO: [ view_filter ] --START--
INFO: Run Behavior\WriteHtmlCacheBehavior [ RunTime:0.000040s ]
INFO: [ view_filter ] --END-- [ RunTime:0.000053s ]
INFO: [ app_end ] --START--
INFO: Run Behavior\ShowPageTraceBehavior [ RunTime:0.000026s ]
INFO: [ app_end ] --END-- [ RunTime:0.000043s ]

[ 2017-03-03T02:31:44+08:00 ] 101.226.125.16 /Index/index.html
INFO: [ app_init ] --START--
INFO: Run Behavior\BuildLiteBehavior [ RunTime:0.000008s ]
INFO: [ app_init ] --END-- [ RunTime:0.000062s ]
INFO: [ app_begin ] --START--
INFO: Run Behavior\ReadHtmlCacheBehavior [ RunTime:0.000027s ]
INFO: [ app_begin ] --END-- [ RunTime:0.000070s ]
SQL: SHOW COLUMNS FROM `users` [ RunTime:0.0005s ]
SQL: SELECT * FROM `users` WHERE `iden` = null LIMIT 1   [ RunTime:0.0001s ]
SQL: SHOW COLUMNS FROM `videos` [ RunTime:0.0004s ]
SQL: SHOW COLUMNS FROM `videos_item` [ RunTime:0.0004s ]
SQL: SHOW COLUMNS FROM `categroies` [ RunTime:0.0005s ]
SQL: SELECT * FROM `videos` ORDER BY ctime desc LIMIT 0,4   [ RunTime:0.0001s ]
SQL: SELECT * FROM `videos` ORDER BY likescount desc,ctime desc LIMIT 0,4   [ RunTime:0.0001s ]
SQL: SELECT * FROM `categroies`  [ RunTime:0.0001s ]
SQL: SELECT * FROM `categroies` WHERE `pid` = 0  [ RunTime:0.0001s ]
SQL: SHOW COLUMNS FROM `videos` [ RunTime:0.0004s ]
SQL: SHOW COLUMNS FROM `categroies_videos` [ RunTime:0.0005s ]
SQL: SELECT * FROM `categroies`  [ RunTime:0.0001s ]
SQL: SELECT DISTINCT v.* FROM categroies_videos cv left join videos as v on v.id=cv.vid  WHERE cv.cid IN ('5','6','7','8','18','19','20','21','22','23') ORDER BY v.likescount DESC , v.ctime DESC LIMIT 0,3   [ RunTime:0.0001s ]
SQL: SELECT DISTINCT v.* FROM categroies_videos cv left join videos as v on v.id=cv.vid  WHERE cv.cid IN ('9','10','11','12','24','25','26','27','28') ORDER BY v.likescount DESC , v.ctime DESC LIMIT 0,3   [ RunTime:0.0001s ]
SQL: SELECT DISTINCT v.* FROM categroies_videos cv left join videos as v on v.id=cv.vid  WHERE cv.cid IN ('13','14','15','29','32') ORDER BY v.likescount DESC , v.ctime DESC LIMIT 0,3   [ RunTime:0.0001s ]
SQL: SELECT DISTINCT v.* FROM categroies_videos cv left join videos as v on v.id=cv.vid  WHERE cv.cid IN ('16','17','30','31') ORDER BY v.likescount DESC , v.ctime DESC LIMIT 0,3   [ RunTime:0.0001s ]
SQL: SELECT DISTINCT v.* FROM categroies_videos cv left join videos as v on v.id=cv.vid  WHERE cv.cid IN ('5','6','7','8','18','19','20','21','22','23') ORDER BY v.likescount DESC , v.ctime DESC LIMIT 0,4   [ RunTime:0.0001s ]
SQL: SELECT DISTINCT v.* FROM categroies_videos cv left join videos as v on v.id=cv.vid  WHERE cv.cid IN ('9','10','11','12','24','25','26','27','28') ORDER BY v.likescount DESC , v.ctime DESC LIMIT 0,4   [ RunTime:0.0001s ]
SQL: SELECT DISTINCT v.* FROM categroies_videos cv left join videos as v on v.id=cv.vid  WHERE cv.cid IN ('13','14','15','29','32') ORDER BY v.likescount DESC , v.ctime DESC LIMIT 0,4   [ RunTime:0.0001s ]
SQL: SELECT DISTINCT v.* FROM categroies_videos cv left join videos as v on v.id=cv.vid  WHERE cv.cid IN ('16','17','30','31') ORDER BY v.likescount DESC , v.ctime DESC LIMIT 0,4   [ RunTime:0.0001s ]
SQL: SHOW COLUMNS FROM `views` [ RunTime:0.0004s ]
SQL: INSERT INTO `views` (`user_name`,`user_agent`,`user_ip`,`vtime`) VALUES ('保密','Mozilla/5.0 (Windows NT 6.1; WOW64; Trident/7.0; SLCC2; .NET CLR 2.0.50727; .NET CLR 3.5.30729; .NET CLR 3.0.30729; Media Center PC 6.0; .NET4.0C; .NET4.0E; InfoPath.3; rv:11.0) like Gecko','101.226.125.16','1488479504') [ RunTime:0.0003s ]
INFO: [ view_parse ] --START--
INFO: [ template_filter ] --START--
INFO: Run Behavior\ContentReplaceBehavior [ RunTime:0.000108s ]
INFO: [ template_filter ] --END-- [ RunTime:0.000133s ]
INFO: Run Behavior\ParseTemplateBehavior [ RunTime:0.007401s ]
INFO: [ view_parse ] --END-- [ RunTime:0.007425s ]
INFO: [ view_filter ] --START--
INFO: Run Behavior\WriteHtmlCacheBehavior [ RunTime:0.000031s ]
INFO: [ view_filter ] --END-- [ RunTime:0.000046s ]
INFO: [ app_end ] --START--
INFO: Run Behavior\ShowPageTraceBehavior [ RunTime:0.000026s ]
INFO: [ app_end ] --END-- [ RunTime:0.000042s ]

[ 2017-03-03T04:06:37+08:00 ] 101.226.51.227 /List/getAllVideos.html?limit%252525252525252525252525252525252525253D10%2525252525252525252525252525252525252526offset%252525252525252525252525252525252525253D0%2525252525252525252525252525252525252526flag%252525252525252525252525252525252525253D
INFO: [ app_init ] --START--
INFO: Run Behavior\BuildLiteBehavior [ RunTime:0.000008s ]
INFO: [ app_init ] --END-- [ RunTime:0.000053s ]
INFO: [ app_begin ] --START--
INFO: Run Behavior\ReadHtmlCacheBehavior [ RunTime:0.000019s ]
INFO: [ app_begin ] --END-- [ RunTime:0.000038s ]
ERR: 无法加载控制器:List

[ 2017-03-03T04:06:48+08:00 ] 120.84.101.16 /List/getAllVideos.html?limit%252525252525252525252525252525252525253D10%2525252525252525252525252525252525252526offset%252525252525252525252525252525252525253D0%2525252525252525252525252525252525252526flag%252525252525252525252525252525252525253D
INFO: [ app_init ] --START--
INFO: Run Behavior\BuildLiteBehavior [ RunTime:0.000007s ]
INFO: [ app_init ] --END-- [ RunTime:0.000079s ]
INFO: [ app_begin ] --START--
INFO: Run Behavior\ReadHtmlCacheBehavior [ RunTime:0.000020s ]
INFO: [ app_begin ] --END-- [ RunTime:0.000047s ]
ERR: 无法加载控制器:List

[ 2017-03-03T06:49:06+08:00 ] 180.153.212.13 /Index/index.html
INFO: [ app_init ] --START--
INFO: Run Behavior\BuildLiteBehavior [ RunTime:0.000008s ]
INFO: [ app_init ] --END-- [ RunTime:0.000057s ]
INFO: [ app_begin ] --START--
INFO: Run Behavior\ReadHtmlCacheBehavior [ RunTime:0.000023s ]
INFO: [ app_begin ] --END-- [ RunTime:0.000041s ]
SQL: SHOW COLUMNS FROM `users` [ RunTime:0.0149s ]
SQL: SELECT * FROM `users` WHERE `iden` = null LIMIT 1   [ RunTime:0.0001s ]
SQL: SHOW COLUMNS FROM `videos` [ RunTime:0.0004s ]
SQL: SHOW COLUMNS FROM `videos_item` [ RunTime:0.0005s ]
SQL: SHOW COLUMNS FROM `categroies` [ RunTime:0.0004s ]
SQL: SELECT * FROM `videos` ORDER BY ctime desc LIMIT 0,4   [ RunTime:0.0002s ]
SQL: SELECT * FROM `videos` ORDER BY likescount desc,ctime desc LIMIT 0,4   [ RunTime:0.0001s ]
SQL: SELECT * FROM `categroies`  [ RunTime:0.0001s ]
SQL: SELECT * FROM `categroies` WHERE `pid` = 0  [ RunTime:0.0001s ]
SQL: SHOW COLUMNS FROM `videos` [ RunTime:0.0005s ]
SQL: SHOW COLUMNS FROM `categroies_videos` [ RunTime:0.0004s ]
SQL: SELECT * FROM `categroies`  [ RunTime:0.0001s ]
SQL: SELECT DISTINCT v.* FROM categroies_videos cv left join videos as v on v.id=cv.vid  WHERE cv.cid IN ('5','6','7','8','18','19','20','21','22','23') ORDER BY v.likescount DESC , v.ctime DESC LIMIT 0,3   [ RunTime:0.0001s ]
SQL: SELECT DISTINCT v.* FROM categroies_videos cv left join videos as v on v.id=cv.vid  WHERE cv.cid IN ('9','10','11','12','24','25','26','27','28') ORDER BY v.likescount DESC , v.ctime DESC LIMIT 0,3   [ RunTime:0.0001s ]
SQL: SELECT DISTINCT v.* FROM categroies_videos cv left join videos as v on v.id=cv.vid  WHERE cv.cid IN ('13','14','15','29','32') ORDER BY v.likescount DESC , v.ctime DESC LIMIT 0,3   [ RunTime:0.0001s ]
SQL: SELECT DISTINCT v.* FROM categroies_videos cv left join videos as v on v.id=cv.vid  WHERE cv.cid IN ('16','17','30','31') ORDER BY v.likescount DESC , v.ctime DESC LIMIT 0,3   [ RunTime:0.0001s ]
SQL: SELECT DISTINCT v.* FROM categroies_videos cv left join videos as v on v.id=cv.vid  WHERE cv.cid IN ('5','6','7','8','18','19','20','21','22','23') ORDER BY v.likescount DESC , v.ctime DESC LIMIT 0,4   [ RunTime:0.0001s ]
SQL: SELECT DISTINCT v.* FROM categroies_videos cv left join videos as v on v.id=cv.vid  WHERE cv.cid IN ('9','10','11','12','24','25','26','27','28') ORDER BY v.likescount DESC , v.ctime DESC LIMIT 0,4   [ RunTime:0.0001s ]
SQL: SELECT DISTINCT v.* FROM categroies_videos cv left join videos as v on v.id=cv.vid  WHERE cv.cid IN ('13','14','15','29','32') ORDER BY v.likescount DESC , v.ctime DESC LIMIT 0,4   [ RunTime:0.0001s ]
SQL: SELECT DISTINCT v.* FROM categroies_videos cv left join videos as v on v.id=cv.vid  WHERE cv.cid IN ('16','17','30','31') ORDER BY v.likescount DESC , v.ctime DESC LIMIT 0,4   [ RunTime:0.0001s ]
SQL: SHOW COLUMNS FROM `views` [ RunTime:0.0005s ]
SQL: INSERT INTO `views` (`user_name`,`user_agent`,`user_ip`,`vtime`) VALUES ('保密','Mozilla/5.0 (Windows NT 6.1; WOW64; rv:50.0) Gecko/20100101 Firefox/50.0','180.153.212.13','1488494946') [ RunTime:0.0004s ]
INFO: [ view_parse ] --START--
INFO: [ template_filter ] --START--
INFO: Run Behavior\ContentReplaceBehavior [ RunTime:0.000249s ]
INFO: [ template_filter ] --END-- [ RunTime:0.000279s ]
INFO: Run Behavior\ParseTemplateBehavior [ RunTime:0.008065s ]
INFO: [ view_parse ] --END-- [ RunTime:0.008091s ]
INFO: [ view_filter ] --START--
INFO: Run Behavior\WriteHtmlCacheBehavior [ RunTime:0.000033s ]
INFO: [ view_filter ] --END-- [ RunTime:0.000048s ]
INFO: [ app_end ] --START--
INFO: Run Behavior\ShowPageTraceBehavior [ RunTime:0.000029s ]
INFO: [ app_end ] --END-- [ RunTime:0.000052s ]

[ 2017-03-03T06:56:03+08:00 ] 101.226.33.223 /List/getAllVideos.html?limit%25252525252525252525252525252525252525253D10%252525252525252525252525252525252525252526offset%25252525252525252525252525252525252525253D0%252525252525252525252525252525252525252526flag%25252525252525252525252525252525252525253D
INFO: [ app_init ] --START--
INFO: Run Behavior\BuildLiteBehavior [ RunTime:0.000008s ]
INFO: [ app_init ] --END-- [ RunTime:0.000050s ]
INFO: [ app_begin ] --START--
INFO: Run Behavior\ReadHtmlCacheBehavior [ RunTime:0.000017s ]
INFO: [ app_begin ] --END-- [ RunTime:0.000036s ]
ERR: 无法加载控制器:List

[ 2017-03-03T09:37:11+08:00 ] 180.153.81.203 /List/getAllVideos.html?limit%2525252525252525252525252525252525252525253D10%25252525252525252525252525252525252525252526offset%2525252525252525252525252525252525252525253D0%25252525252525252525252525252525252525252526flag%2525252525252525252525252525252525252525253D
INFO: [ app_init ] --START--
INFO: Run Behavior\BuildLiteBehavior [ RunTime:0.000007s ]
INFO: [ app_init ] --END-- [ RunTime:0.000055s ]
INFO: [ app_begin ] --START--
INFO: Run Behavior\ReadHtmlCacheBehavior [ RunTime:0.000034s ]
INFO: [ app_begin ] --END-- [ RunTime:0.000057s ]
ERR: 无法加载控制器:List

[ 2017-03-03T10:56:08+08:00 ] 140.207.185.109 /Search/index.html?keyword%253D%2525E6%252597%25258B%2525E8%2525BD%2525AC
INFO: [ app_init ] --START--
INFO: Run Behavior\BuildLiteBehavior [ RunTime:0.000007s ]
INFO: [ app_init ] --END-- [ RunTime:0.000061s ]
INFO: [ app_begin ] --START--
INFO: Run Behavior\ReadHtmlCacheBehavior [ RunTime:0.000023s ]
INFO: [ app_begin ] --END-- [ RunTime:0.000042s ]
SQL: SHOW COLUMNS FROM `users` [ RunTime:0.0006s ]
SQL: SELECT * FROM `users` WHERE `iden` = null LIMIT 1   [ RunTime:0.0001s ]
SQL: SHOW COLUMNS FROM `videos` [ RunTime:0.0004s ]
SQL: SHOW COLUMNS FROM `categroies` [ RunTime:0.0005s ]
SQL: SELECT COUNT(*) AS tp_count FROM `videos` WHERE `name` LIKE '%%' LIMIT 1   [ RunTime:0.0001s ]
SQL: SELECT * FROM `videos` WHERE `name` LIKE '%%' LIMIT 0,9   [ RunTime:0.0001s ]
SQL: SELECT * FROM `categroies` WHERE `pid` <> 0  [ RunTime:0.0001s ]
INFO: [ view_parse ] --START--
INFO: [ template_filter ] --START--
INFO: Run Behavior\ContentReplaceBehavior [ RunTime:0.000067s ]
INFO: [ template_filter ] --END-- [ RunTime:0.000089s ]
INFO: Run Behavior\ParseTemplateBehavior [ RunTime:0.003153s ]
INFO: [ view_parse ] --END-- [ RunTime:0.003174s ]
INFO: [ view_filter ] --START--
INFO: Run Behavior\WriteHtmlCacheBehavior [ RunTime:0.000029s ]
INFO: [ view_filter ] --END-- [ RunTime:0.000042s ]
INFO: [ app_end ] --START--
INFO: Run Behavior\ShowPageTraceBehavior [ RunTime:0.000219s ]
INFO: [ app_end ] --END-- [ RunTime:0.000239s ]

[ 2017-03-03T13:43:16+08:00 ] 101.226.89.115 /Search/index.html?keyword%25253D%252525E6%25252597%2525258B%252525E8%252525BD%252525AC
INFO: [ app_init ] --START--
INFO: Run Behavior\BuildLiteBehavior [ RunTime:0.000008s ]
INFO: [ app_init ] --END-- [ RunTime:0.000068s ]
INFO: [ app_begin ] --START--
INFO: Run Behavior\ReadHtmlCacheBehavior [ RunTime:0.000028s ]
INFO: [ app_begin ] --END-- [ RunTime:0.000048s ]
SQL: SHOW COLUMNS FROM `users` [ RunTime:0.0007s ]
SQL: SELECT * FROM `users` WHERE `iden` = null LIMIT 1   [ RunTime:0.0001s ]
SQL: SHOW COLUMNS FROM `videos` [ RunTime:0.0005s ]
SQL: SHOW COLUMNS FROM `categroies` [ RunTime:0.0004s ]
SQL: SELECT COUNT(*) AS tp_count FROM `videos` WHERE `name` LIKE '%%' LIMIT 1   [ RunTime:0.0001s ]
SQL: SELECT * FROM `videos` WHERE `name` LIKE '%%' LIMIT 0,9   [ RunTime:0.0001s ]
SQL: SELECT * FROM `categroies` WHERE `pid` <> 0  [ RunTime:0.0001s ]
INFO: [ view_parse ] --START--
INFO: [ template_filter ] --START--
INFO: Run Behavior\ContentReplaceBehavior [ RunTime:0.000089s ]
INFO: [ template_filter ] --END-- [ RunTime:0.000116s ]
INFO: Run Behavior\ParseTemplateBehavior [ RunTime:0.004899s ]
INFO: [ view_parse ] --END-- [ RunTime:0.004921s ]
INFO: [ view_filter ] --START--
INFO: Run Behavior\WriteHtmlCacheBehavior [ RunTime:0.000031s ]
INFO: [ view_filter ] --END-- [ RunTime:0.000046s ]
INFO: [ app_end ] --START--
INFO: Run Behavior\ShowPageTraceBehavior [ RunTime:0.000027s ]
INFO: [ app_end ] --END-- [ RunTime:0.000044s ]

[ 2017-03-03T17:01:28+08:00 ] 101.226.69.246 /Search/index.html?keyword%2525253D%25252525E6%2525252597%252525258B%25252525E8%25252525BD%25252525AC
INFO: [ app_init ] --START--
INFO: Run Behavior\BuildLiteBehavior [ RunTime:0.000010s ]
INFO: [ app_init ] --END-- [ RunTime:0.000123s ]
INFO: [ app_begin ] --START--
INFO: Run Behavior\ReadHtmlCacheBehavior [ RunTime:0.000050s ]
INFO: [ app_begin ] --END-- [ RunTime:0.000084s ]
SQL: SHOW COLUMNS FROM `users` [ RunTime:0.0038s ]
SQL: SELECT * FROM `users` WHERE `iden` = null LIMIT 1   [ RunTime:0.0001s ]
SQL: SHOW COLUMNS FROM `videos` [ RunTime:0.0010s ]
SQL: SHOW COLUMNS FROM `categroies` [ RunTime:0.0015s ]
SQL: SELECT COUNT(*) AS tp_count FROM `videos` WHERE `name` LIKE '%%' LIMIT 1   [ RunTime:0.0001s ]
SQL: SELECT * FROM `videos` WHERE `name` LIKE '%%' LIMIT 0,9   [ RunTime:0.0001s ]
SQL: SELECT * FROM `categroies` WHERE `pid` <> 0  [ RunTime:0.0001s ]
INFO: [ view_parse ] --START--
INFO: [ template_filter ] --START--
INFO: Run Behavior\ContentReplaceBehavior [ RunTime:0.000171s ]
INFO: [ template_filter ] --END-- [ RunTime:0.000216s ]
INFO: Run Behavior\ParseTemplateBehavior [ RunTime:0.009857s ]
INFO: [ view_parse ] --END-- [ RunTime:0.009889s ]
INFO: [ view_filter ] --START--
INFO: Run Behavior\WriteHtmlCacheBehavior [ RunTime:0.000053s ]
INFO: [ view_filter ] --END-- [ RunTime:0.000071s ]
INFO: [ app_end ] --START--
INFO: Run Behavior\ShowPageTraceBehavior [ RunTime:0.000037s ]
INFO: [ app_end ] --END-- [ RunTime:0.000054s ]

[ 2017-03-03T19:46:48+08:00 ] 183.166.46.42 /
INFO: [ app_init ] --START--
INFO: Run Behavior\BuildLiteBehavior [ RunTime:0.000009s ]
INFO: [ app_init ] --END-- [ RunTime:0.000069s ]
INFO: [ app_begin ] --START--
INFO: Run Behavior\ReadHtmlCacheBehavior [ RunTime:0.000019s ]
INFO: [ app_begin ] --END-- [ RunTime:0.000033s ]
SQL: SHOW COLUMNS FROM `users` [ RunTime:0.0008s ]
SQL: SELECT * FROM `users` WHERE `iden` = null LIMIT 1   [ RunTime:0.0001s ]
SQL: SHOW COLUMNS FROM `videos` [ RunTime:0.0006s ]
SQL: SHOW COLUMNS FROM `videos_item` [ RunTime:0.0005s ]
SQL: SHOW COLUMNS FROM `categroies` [ RunTime:0.0004s ]
SQL: SELECT * FROM `videos` ORDER BY ctime desc LIMIT 0,4   [ RunTime:0.0001s ]
SQL: SELECT * FROM `videos` ORDER BY likescount desc,ctime desc LIMIT 0,4   [ RunTime:0.0001s ]
SQL: SELECT * FROM `categroies`  [ RunTime:0.0001s ]
SQL: SELECT * FROM `categroies` WHERE `pid` = 0  [ RunTime:0.0001s ]
SQL: SHOW COLUMNS FROM `videos` [ RunTime:0.0006s ]
SQL: SHOW COLUMNS FROM `categroies_videos` [ RunTime:0.0004s ]
SQL: SELECT * FROM `categroies`  [ RunTime:0.0001s ]
SQL: SELECT DISTINCT v.* FROM categroies_videos cv left join videos as v on v.id=cv.vid  WHERE cv.cid IN ('5','6','7','8','18','19','20','21','22','23') ORDER BY v.likescount DESC , v.ctime DESC LIMIT 0,3   [ RunTime:0.0002s ]
SQL: SELECT DISTINCT v.* FROM categroies_videos cv left join videos as v on v.id=cv.vid  WHERE cv.cid IN ('9','10','11','12','24','25','26','27','28') ORDER BY v.likescount DESC , v.ctime DESC LIMIT 0,3   [ RunTime:0.0001s ]
SQL: SELECT DISTINCT v.* FROM categroies_videos cv left join videos as v on v.id=cv.vid  WHERE cv.cid IN ('13','14','15','29','32') ORDER BY v.likescount DESC , v.ctime DESC LIMIT 0,3   [ RunTime:0.0001s ]
SQL: SELECT DISTINCT v.* FROM categroies_videos cv left join videos as v on v.id=cv.vid  WHERE cv.cid IN ('16','17','30','31') ORDER BY v.likescount DESC , v.ctime DESC LIMIT 0,3   [ RunTime:0.0001s ]
SQL: SELECT DISTINCT v.* FROM categroies_videos cv left join videos as v on v.id=cv.vid  WHERE cv.cid IN ('5','6','7','8','18','19','20','21','22','23') ORDER BY v.likescount DESC , v.ctime DESC LIMIT 0,4   [ RunTime:0.0001s ]
SQL: SELECT DISTINCT v.* FROM categroies_videos cv left join videos as v on v.id=cv.vid  WHERE cv.cid IN ('9','10','11','12','24','25','26','27','28') ORDER BY v.likescount DESC , v.ctime DESC LIMIT 0,4   [ RunTime:0.0001s ]
SQL: SELECT DISTINCT v.* FROM categroies_videos cv left join videos as v on v.id=cv.vid  WHERE cv.cid IN ('13','14','15','29','32') ORDER BY v.likescount DESC , v.ctime DESC LIMIT 0,4   [ RunTime:0.0001s ]
SQL: SELECT DISTINCT v.* FROM categroies_videos cv left join videos as v on v.id=cv.vid  WHERE cv.cid IN ('16','17','30','31') ORDER BY v.likescount DESC , v.ctime DESC LIMIT 0,4   [ RunTime:0.0001s ]
SQL: SHOW COLUMNS FROM `views` [ RunTime:0.0005s ]
SQL: INSERT INTO `views` (`user_name`,`user_agent`,`user_ip`,`vtime`) VALUES ('保密','Mozilla/5.0 (Windows NT 10.0; WOW64) AppleWebKit/537.36 (KHTML, like Gecko) Chrome/56.0.2924.87 Safari/537.36','183.166.46.42','1488541608') [ RunTime:0.0010s ]
INFO: [ view_parse ] --START--
INFO: [ template_filter ] --START--
INFO: Run Behavior\ContentReplaceBehavior [ RunTime:0.000122s ]
INFO: [ template_filter ] --END-- [ RunTime:0.000169s ]
INFO: Run Behavior\ParseTemplateBehavior [ RunTime:0.009376s ]
INFO: [ view_parse ] --END-- [ RunTime:0.009406s ]
INFO: [ view_filter ] --START--
INFO: Run Behavior\WriteHtmlCacheBehavior [ RunTime:0.000053s ]
INFO: [ view_filter ] --END-- [ RunTime:0.000074s ]
INFO: [ app_end ] --START--
INFO: Run Behavior\ShowPageTraceBehavior [ RunTime:0.000028s ]
INFO: [ app_end ] --END-- [ RunTime:0.000043s ]

[ 2017-03-03T19:46:53+08:00 ] 183.166.46.42 /admin
INFO: [ app_init ] --START--
INFO: Run Behavior\BuildLiteBehavior [ RunTime:0.000007s ]
INFO: [ app_init ] --END-- [ RunTime:0.000060s ]
INFO: [ app_begin ] --START--
INFO: Run Behavior\ReadHtmlCacheBehavior [ RunTime:0.000016s ]
INFO: [ app_begin ] --END-- [ RunTime:0.000034s ]
ERR: 无法加载控制器:Admin

[ 2017-03-03T19:48:03+08:00 ] 183.166.46.42 /
INFO: [ app_init ] --START--
INFO: Run Behavior\BuildLiteBehavior [ RunTime:0.000007s ]
INFO: [ app_init ] --END-- [ RunTime:0.000081s ]
INFO: [ app_begin ] --START--
INFO: Run Behavior\ReadHtmlCacheBehavior [ RunTime:0.000018s ]
INFO: [ app_begin ] --END-- [ RunTime:0.000032s ]
SQL: SHOW COLUMNS FROM `users` [ RunTime:0.0009s ]
SQL: SELECT * FROM `users` WHERE `iden` = null LIMIT 1   [ RunTime:0.0001s ]
SQL: SHOW COLUMNS FROM `videos` [ RunTime:0.0005s ]
SQL: SHOW COLUMNS FROM `videos_item` [ RunTime:0.0005s ]
SQL: SHOW COLUMNS FROM `categroies` [ RunTime:0.0007s ]
SQL: SELECT * FROM `videos` ORDER BY ctime desc LIMIT 0,4   [ RunTime:0.0031s ]
SQL: SELECT * FROM `videos` ORDER BY likescount desc,ctime desc LIMIT 0,4   [ RunTime:0.0001s ]
SQL: SELECT * FROM `categroies`  [ RunTime:0.0001s ]
SQL: SELECT * FROM `categroies` WHERE `pid` = 0  [ RunTime:0.0001s ]
SQL: SHOW COLUMNS FROM `videos` [ RunTime:0.0005s ]
SQL: SHOW COLUMNS FROM `categroies_videos` [ RunTime:0.0003s ]
SQL: SELECT * FROM `categroies`  [ RunTime:0.0001s ]
SQL: SELECT DISTINCT v.* FROM categroies_videos cv left join videos as v on v.id=cv.vid  WHERE cv.cid IN ('5','6','7','8','18','19','20','21','22','23') ORDER BY v.likescount DESC , v.ctime DESC LIMIT 0,3   [ RunTime:0.0001s ]
SQL: SELECT DISTINCT v.* FROM categroies_videos cv left join videos as v on v.id=cv.vid  WHERE cv.cid IN ('9','10','11','12','24','25','26','27','28') ORDER BY v.likescount DESC , v.ctime DESC LIMIT 0,3   [ RunTime:0.0001s ]
SQL: SELECT DISTINCT v.* FROM categroies_videos cv left join videos as v on v.id=cv.vid  WHERE cv.cid IN ('13','14','15','29','32') ORDER BY v.likescount DESC , v.ctime DESC LIMIT 0,3   [ RunTime:0.0001s ]
SQL: SELECT DISTINCT v.* FROM categroies_videos cv left join videos as v on v.id=cv.vid  WHERE cv.cid IN ('16','17','30','31') ORDER BY v.likescount DESC , v.ctime DESC LIMIT 0,3   [ RunTime:0.0001s ]
SQL: SELECT DISTINCT v.* FROM categroies_videos cv left join videos as v on v.id=cv.vid  WHERE cv.cid IN ('5','6','7','8','18','19','20','21','22','23') ORDER BY v.likescount DESC , v.ctime DESC LIMIT 0,4   [ RunTime:0.0001s ]
SQL: SELECT DISTINCT v.* FROM categroies_videos cv left join videos as v on v.id=cv.vid  WHERE cv.cid IN ('9','10','11','12','24','25','26','27','28') ORDER BY v.likescount DESC , v.ctime DESC LIMIT 0,4   [ RunTime:0.0001s ]
SQL: SELECT DISTINCT v.* FROM categroies_videos cv left join videos as v on v.id=cv.vid  WHERE cv.cid IN ('13','14','15','29','32') ORDER BY v.likescount DESC , v.ctime DESC LIMIT 0,4   [ RunTime:0.0001s ]
SQL: SELECT DISTINCT v.* FROM categroies_videos cv left join videos as v on v.id=cv.vid  WHERE cv.cid IN ('16','17','30','31') ORDER BY v.likescount DESC , v.ctime DESC LIMIT 0,4   [ RunTime:0.0001s ]
SQL: SHOW COLUMNS FROM `views` [ RunTime:0.0019s ]
SQL: INSERT INTO `views` (`user_name`,`user_agent`,`user_ip`,`vtime`) VALUES ('保密','Mozilla/5.0 (Windows NT 10.0; WOW64) AppleWebKit/537.36 (KHTML, like Gecko) Chrome/56.0.2924.87 Safari/537.36','183.166.46.42','1488541683') [ RunTime:0.0004s ]
INFO: [ view_parse ] --START--
INFO: [ template_filter ] --START--
INFO: Run Behavior\ContentReplaceBehavior [ RunTime:0.000117s ]
INFO: [ template_filter ] --END-- [ RunTime:0.000161s ]
INFO: Run Behavior\ParseTemplateBehavior [ RunTime:0.009866s ]
INFO: [ view_parse ] --END-- [ RunTime:0.009903s ]
INFO: [ view_filter ] --START--
INFO: Run Behavior\WriteHtmlCacheBehavior [ RunTime:0.000066s ]
INFO: [ view_filter ] --END-- [ RunTime:0.000085s ]
INFO: [ app_end ] --START--
INFO: Run Behavior\ShowPageTraceBehavior [ RunTime:0.000029s ]
INFO: [ app_end ] --END-- [ RunTime:0.000047s ]

[ 2017-03-03T19:48:05+08:00 ] 183.166.46.42 /Passport/index.html
INFO: [ app_init ] --START--
INFO: Run Behavior\BuildLiteBehavior [ RunTime:0.000009s ]
INFO: [ app_init ] --END-- [ RunTime:0.000073s ]
INFO: [ app_begin ] --START--
INFO: Run Behavior\ReadHtmlCacheBehavior [ RunTime:0.000028s ]
INFO: [ app_begin ] --END-- [ RunTime:0.000055s ]
INFO: [ view_parse ] --START--
INFO: [ template_filter ] --START--
INFO: Run Behavior\ContentReplaceBehavior [ RunTime:0.000049s ]
INFO: [ template_filter ] --END-- [ RunTime:0.000099s ]
INFO: Run Behavior\ParseTemplateBehavior [ RunTime:0.017824s ]
INFO: [ view_parse ] --END-- [ RunTime:0.017854s ]
INFO: [ view_filter ] --START--
INFO: Run Behavior\WriteHtmlCacheBehavior [ RunTime:0.000032s ]
INFO: [ view_filter ] --END-- [ RunTime:0.000047s ]
INFO: [ app_end ] --START--
INFO: Run Behavior\ShowPageTraceBehavior [ RunTime:0.000022s ]
INFO: [ app_end ] --END-- [ RunTime:0.000039s ]

[ 2017-03-03T19:48:10+08:00 ] 183.166.46.42 /Passport/doLogin.html
INFO: [ app_init ] --START--
INFO: Run Behavior\BuildLiteBehavior [ RunTime:0.000007s ]
INFO: [ app_init ] --END-- [ RunTime:0.000051s ]
INFO: [ app_begin ] --START--
INFO: Run Behavior\ReadHtmlCacheBehavior [ RunTime:0.000015s ]
INFO: [ app_begin ] --END-- [ RunTime:0.000029s ]
SQL: SHOW COLUMNS FROM `users` [ RunTime:0.0007s ]
SQL: SELECT * FROM `users` WHERE `username` = 'admin' LIMIT 1   [ RunTime:0.0001s ]
INFO: [ view_parse ] --START--
INFO: [ template_filter ] --START--
INFO: Run Behavior\ContentReplaceBehavior [ RunTime:0.000027s ]
INFO: [ template_filter ] --END-- [ RunTime:0.000062s ]
INFO: Run Behavior\ParseTemplateBehavior [ RunTime:0.341898s ]
INFO: [ view_parse ] --END-- [ RunTime:0.341948s ]
INFO: [ view_filter ] --START--
INFO: Run Behavior\WriteHtmlCacheBehavior [ RunTime:0.000046s ]
INFO: [ view_filter ] --END-- [ RunTime:0.000063s ]

[ 2017-03-03T19:48:16+08:00 ] 183.166.46.42 /Passport/doLogin.html
INFO: [ app_init ] --START--
INFO: Run Behavior\BuildLiteBehavior [ RunTime:0.000010s ]
INFO: [ app_init ] --END-- [ RunTime:0.000064s ]
INFO: [ app_begin ] --START--
INFO: Run Behavior\ReadHtmlCacheBehavior [ RunTime:0.000025s ]
INFO: [ app_begin ] --END-- [ RunTime:0.000073s ]
SQL: SHOW COLUMNS FROM `users` [ RunTime:0.0011s ]
SQL: SELECT * FROM `users` WHERE `username` = 'admin' LIMIT 1   [ RunTime:0.0001s ]
INFO: [ view_parse ] --START--
INFO: [ template_filter ] --START--
INFO: Run Behavior\ContentReplaceBehavior [ RunTime:0.000043s ]
INFO: [ template_filter ] --END-- [ RunTime:0.000075s ]
INFO: Run Behavior\ParseTemplateBehavior [ RunTime:0.001380s ]
INFO: [ view_parse ] --END-- [ RunTime:0.001419s ]
INFO: [ view_filter ] --START--
INFO: Run Behavior\WriteHtmlCacheBehavior [ RunTime:0.000034s ]
INFO: [ view_filter ] --END-- [ RunTime:0.000054s ]

[ 2017-03-03T19:48:24+08:00 ] 183.166.46.42 /Passport/doLogin.html
INFO: [ app_init ] --START--
INFO: Run Behavior\BuildLiteBehavior [ RunTime:0.000009s ]
INFO: [ app_init ] --END-- [ RunTime:0.000063s ]
INFO: [ app_begin ] --START--
INFO: Run Behavior\ReadHtmlCacheBehavior [ RunTime:0.000021s ]
INFO: [ app_begin ] --END-- [ RunTime:0.000043s ]
SQL: SHOW COLUMNS FROM `users` [ RunTime:0.0011s ]
SQL: SELECT * FROM `users` WHERE `username` = 'root' LIMIT 1   [ RunTime:0.0669s ]
NOTIC: [8] Undefined index: usernmae /data/wwwroot/share/Application/Common/Model/PassportModel.class.php 第 117 行.
SQL: UPDATE `users` SET `iden`='272beab49ba2eb87856039b5972ecc49' WHERE `id` = 1 [ RunTime:0.0016s ]
SQL: SELECT * FROM `users` WHERE `iden` = null LIMIT 1   [ RunTime:0.0005s ]
INFO: [ view_parse ] --START--
INFO: [ template_filter ] --START--
INFO: Run Behavior\ContentReplaceBehavior [ RunTime:0.000029s ]
INFO: [ template_filter ] --END-- [ RunTime:0.000054s ]
INFO: Run Behavior\ParseTemplateBehavior [ RunTime:0.001140s ]
INFO: [ view_parse ] --END-- [ RunTime:0.001168s ]
INFO: [ view_filter ] --START--
INFO: Run Behavior\WriteHtmlCacheBehavior [ RunTime:0.000021s ]
INFO: [ view_filter ] --END-- [ RunTime:0.000030s ]
INFO: [ app_end ] --START--
INFO: Run Behavior\ShowPageTraceBehavior [ RunTime:0.000013s ]
INFO: [ app_end ] --END-- [ RunTime:0.000023s ]

[ 2017-03-03T19:48:25+08:00 ] 183.166.46.42 /Index/index.html
INFO: [ app_init ] --START--
INFO: Run Behavior\BuildLiteBehavior [ RunTime:0.000008s ]
INFO: [ app_init ] --END-- [ RunTime:0.000063s ]
INFO: [ app_begin ] --START--
INFO: Run Behavior\ReadHtmlCacheBehavior [ RunTime:0.000023s ]
INFO: [ app_begin ] --END-- [ RunTime:0.000047s ]
SQL: SHOW COLUMNS FROM `users` [ RunTime:0.0007s ]
SQL: SHOW COLUMNS FROM `videos` [ RunTime:0.0003s ]
SQL: SHOW COLUMNS FROM `videos_item` [ RunTime:0.0003s ]
SQL: SHOW COLUMNS FROM `categroies` [ RunTime:0.0003s ]
SQL: SELECT * FROM `videos` ORDER BY ctime desc LIMIT 0,4   [ RunTime:0.0001s ]
SQL: SELECT * FROM `videos` ORDER BY likescount desc,ctime desc LIMIT 0,4   [ RunTime:0.0001s ]
SQL: SELECT * FROM `categroies`  [ RunTime:0.0003s ]
SQL: SELECT * FROM `categroies` WHERE `pid` = 0  [ RunTime:0.0001s ]
SQL: SHOW COLUMNS FROM `videos` [ RunTime:0.0004s ]
SQL: SHOW COLUMNS FROM `categroies_videos` [ RunTime:0.0003s ]
SQL: SELECT * FROM `categroies`  [ RunTime:0.0001s ]
SQL: SELECT DISTINCT v.* FROM categroies_videos cv left join videos as v on v.id=cv.vid  WHERE cv.cid IN ('5','6','7','8','18','19','20','21','22','23') ORDER BY v.likescount DESC , v.ctime DESC LIMIT 0,3   [ RunTime:0.0001s ]
SQL: SELECT DISTINCT v.* FROM categroies_videos cv left join videos as v on v.id=cv.vid  WHERE cv.cid IN ('9','10','11','12','24','25','26','27','28') ORDER BY v.likescount DESC , v.ctime DESC LIMIT 0,3   [ RunTime:0.0001s ]
SQL: SELECT DISTINCT v.* FROM categroies_videos cv left join videos as v on v.id=cv.vid  WHERE cv.cid IN ('13','14','15','29','32') ORDER BY v.likescount DESC , v.ctime DESC LIMIT 0,3   [ RunTime:0.0001s ]
SQL: SELECT DISTINCT v.* FROM categroies_videos cv left join videos as v on v.id=cv.vid  WHERE cv.cid IN ('16','17','30','31') ORDER BY v.likescount DESC , v.ctime DESC LIMIT 0,3   [ RunTime:0.0001s ]
SQL: SELECT DISTINCT v.* FROM categroies_videos cv left join videos as v on v.id=cv.vid  WHERE cv.cid IN ('5','6','7','8','18','19','20','21','22','23') ORDER BY v.likescount DESC , v.ctime DESC LIMIT 0,4   [ RunTime:0.0001s ]
SQL: SELECT DISTINCT v.* FROM categroies_videos cv left join videos as v on v.id=cv.vid  WHERE cv.cid IN ('9','10','11','12','24','25','26','27','28') ORDER BY v.likescount DESC , v.ctime DESC LIMIT 0,4   [ RunTime:0.0001s ]
SQL: SELECT DISTINCT v.* FROM categroies_videos cv left join videos as v on v.id=cv.vid  WHERE cv.cid IN ('13','14','15','29','32') ORDER BY v.likescount DESC , v.ctime DESC LIMIT 0,4   [ RunTime:0.0001s ]
SQL: SELECT DISTINCT v.* FROM categroies_videos cv left join videos as v on v.id=cv.vid  WHERE cv.cid IN ('16','17','30','31') ORDER BY v.likescount DESC , v.ctime DESC LIMIT 0,4   [ RunTime:0.0001s ]
SQL: SHOW COLUMNS FROM `views` [ RunTime:0.0005s ]
SQL: INSERT INTO `views` (`user_name`,`user_agent`,`user_ip`,`vtime`) VALUES ('root','Mozilla/5.0 (Windows NT 10.0; WOW64) AppleWebKit/537.36 (KHTML, like Gecko) Chrome/56.0.2924.87 Safari/537.36','183.166.46.42','1488541705') [ RunTime:0.0965s ]
INFO: [ view_parse ] --START--
INFO: [ template_filter ] --START--
INFO: Run Behavior\ContentReplaceBehavior [ RunTime:0.000115s ]
INFO: [ template_filter ] --END-- [ RunTime:0.000348s ]
INFO: Run Behavior\ParseTemplateBehavior [ RunTime:0.009180s ]
INFO: [ view_parse ] --END-- [ RunTime:0.009207s ]
INFO: [ view_filter ] --START--
INFO: Run Behavior\WriteHtmlCacheBehavior [ RunTime:0.000028s ]
INFO: [ view_filter ] --END-- [ RunTime:0.000040s ]
INFO: [ app_end ] --START--
INFO: Run Behavior\ShowPageTraceBehavior [ RunTime:0.000017s ]
INFO: [ app_end ] --END-- [ RunTime:0.000027s ]

[ 2017-03-03T19:48:35+08:00 ] 183.166.46.42 /Passport/unLogin.html
INFO: [ app_init ] --START--
INFO: Run Behavior\BuildLiteBehavior [ RunTime:0.000008s ]
INFO: [ app_init ] --END-- [ RunTime:0.000087s ]
INFO: [ app_begin ] --START--
INFO: Run Behavior\ReadHtmlCacheBehavior [ RunTime:0.000017s ]
INFO: [ app_begin ] --END-- [ RunTime:0.000033s ]
SQL: SHOW COLUMNS FROM `users` [ RunTime:0.0006s ]
SQL: UPDATE `users` SET `iden`='' WHERE `username` = 'root' [ RunTime:0.2147s ]
INFO: [ view_parse ] --START--
INFO: [ template_filter ] --START--
INFO: Run Behavior\ContentReplaceBehavior [ RunTime:0.000024s ]
INFO: [ template_filter ] --END-- [ RunTime:0.000045s ]
INFO: Run Behavior\ParseTemplateBehavior [ RunTime:0.000858s ]
INFO: [ view_parse ] --END-- [ RunTime:0.000884s ]
INFO: [ view_filter ] --START--
INFO: Run Behavior\WriteHtmlCacheBehavior [ RunTime:0.000020s ]
INFO: [ view_filter ] --END-- [ RunTime:0.000029s ]
INFO: [ app_end ] --START--
INFO: Run Behavior\ShowPageTraceBehavior [ RunTime:0.000013s ]
INFO: [ app_end ] --END-- [ RunTime:0.000021s ]

[ 2017-03-03T19:48:36+08:00 ] 183.166.46.42 /Index/index.html
INFO: [ app_init ] --START--
INFO: Run Behavior\BuildLiteBehavior [ RunTime:0.000009s ]
INFO: [ app_init ] --END-- [ RunTime:0.000061s ]
INFO: [ app_begin ] --START--
INFO: Run Behavior\ReadHtmlCacheBehavior [ RunTime:0.000021s ]
INFO: [ app_begin ] --END-- [ RunTime:0.000043s ]
SQL: SHOW COLUMNS FROM `users` [ RunTime:0.0008s ]
SQL: SELECT * FROM `users` WHERE `iden` = null LIMIT 1   [ RunTime:0.0002s ]
SQL: SHOW COLUMNS FROM `videos` [ RunTime:0.0006s ]
SQL: SHOW COLUMNS FROM `videos_item` [ RunTime:0.0006s ]
SQL: SHOW COLUMNS FROM `categroies` [ RunTime:0.0004s ]
SQL: SELECT * FROM `videos` ORDER BY ctime desc LIMIT 0,4   [ RunTime:0.0003s ]
SQL: SELECT * FROM `videos` ORDER BY likescount desc,ctime desc LIMIT 0,4   [ RunTime:0.0001s ]
SQL: SELECT * FROM `categroies`  [ RunTime:0.0001s ]
SQL: SELECT * FROM `categroies` WHERE `pid` = 0  [ RunTime:0.0001s ]
SQL: SHOW COLUMNS FROM `videos` [ RunTime:0.0005s ]
SQL: SHOW COLUMNS FROM `categroies_videos` [ RunTime:0.0004s ]
SQL: SELECT * FROM `categroies`  [ RunTime:0.0001s ]
SQL: SELECT DISTINCT v.* FROM categroies_videos cv left join videos as v on v.id=cv.vid  WHERE cv.cid IN ('5','6','7','8','18','19','20','21','22','23') ORDER BY v.likescount DESC , v.ctime DESC LIMIT 0,3   [ RunTime:0.0001s ]
SQL: SELECT DISTINCT v.* FROM categroies_videos cv left join videos as v on v.id=cv.vid  WHERE cv.cid IN ('9','10','11','12','24','25','26','27','28') ORDER BY v.likescount DESC , v.ctime DESC LIMIT 0,3   [ RunTime:0.0001s ]
SQL: SELECT DISTINCT v.* FROM categroies_videos cv left join videos as v on v.id=cv.vid  WHERE cv.cid IN ('13','14','15','29','32') ORDER BY v.likescount DESC , v.ctime DESC LIMIT 0,3   [ RunTime:0.0001s ]
SQL: SELECT DISTINCT v.* FROM categroies_videos cv left join videos as v on v.id=cv.vid  WHERE cv.cid IN ('16','17','30','31') ORDER BY v.likescount DESC , v.ctime DESC LIMIT 0,3   [ RunTime:0.0001s ]
SQL: SELECT DISTINCT v.* FROM categroies_videos cv left join videos as v on v.id=cv.vid  WHERE cv.cid IN ('5','6','7','8','18','19','20','21','22','23') ORDER BY v.likescount DESC , v.ctime DESC LIMIT 0,4   [ RunTime:0.0001s ]
SQL: SELECT DISTINCT v.* FROM categroies_videos cv left join videos as v on v.id=cv.vid  WHERE cv.cid IN ('9','10','11','12','24','25','26','27','28') ORDER BY v.likescount DESC , v.ctime DESC LIMIT 0,4   [ RunTime:0.0001s ]
SQL: SELECT DISTINCT v.* FROM categroies_videos cv left join videos as v on v.id=cv.vid  WHERE cv.cid IN ('13','14','15','29','32') ORDER BY v.likescount DESC , v.ctime DESC LIMIT 0,4   [ RunTime:0.0001s ]
SQL: SELECT DISTINCT v.* FROM categroies_videos cv left join videos as v on v.id=cv.vid  WHERE cv.cid IN ('16','17','30','31') ORDER BY v.likescount DESC , v.ctime DESC LIMIT 0,4   [ RunTime:0.0001s ]
SQL: SHOW COLUMNS FROM `views` [ RunTime:0.0005s ]
SQL: INSERT INTO `views` (`user_name`,`user_agent`,`user_ip`,`vtime`) VALUES ('保密','Mozilla/5.0 (Windows NT 10.0; WOW64) AppleWebKit/537.36 (KHTML, like Gecko) Chrome/56.0.2924.87 Safari/537.36','183.166.46.42','1488541716') [ RunTime:0.0006s ]
INFO: [ view_parse ] --START--
INFO: [ template_filter ] --START--
INFO: Run Behavior\ContentReplaceBehavior [ RunTime:0.000114s ]
INFO: [ template_filter ] --END-- [ RunTime:0.000157s ]
INFO: Run Behavior\ParseTemplateBehavior [ RunTime:0.008292s ]
INFO: [ view_parse ] --END-- [ RunTime:0.008327s ]
INFO: [ view_filter ] --START--
INFO: Run Behavior\WriteHtmlCacheBehavior [ RunTime:0.000035s ]
INFO: [ view_filter ] --END-- [ RunTime:0.000051s ]
INFO: [ app_end ] --START--
INFO: Run Behavior\ShowPageTraceBehavior [ RunTime:0.000022s ]
INFO: [ app_end ] --END-- [ RunTime:0.000040s ]

[ 2017-03-03T19:48:38+08:00 ] 183.166.46.42 /Passport/index.html
INFO: [ app_init ] --START--
INFO: Run Behavior\BuildLiteBehavior [ RunTime:0.000008s ]
INFO: [ app_init ] --END-- [ RunTime:0.000061s ]
INFO: [ app_begin ] --START--
INFO: Run Behavior\ReadHtmlCacheBehavior [ RunTime:0.000022s ]
INFO: [ app_begin ] --END-- [ RunTime:0.000044s ]
INFO: [ view_parse ] --START--
INFO: [ template_filter ] --START--
INFO: Run Behavior\ContentReplaceBehavior [ RunTime:0.000038s ]
INFO: [ template_filter ] --END-- [ RunTime:0.000066s ]
INFO: Run Behavior\ParseTemplateBehavior [ RunTime:0.001263s ]
INFO: [ view_parse ] --END-- [ RunTime:0.001291s ]
INFO: [ view_filter ] --START--
INFO: Run Behavior\WriteHtmlCacheBehavior [ RunTime:0.000026s ]
INFO: [ view_filter ] --END-- [ RunTime:0.000041s ]
INFO: [ app_end ] --START--
INFO: Run Behavior\ShowPageTraceBehavior [ RunTime:0.000021s ]
INFO: [ app_end ] --END-- [ RunTime:0.000039s ]

[ 2017-03-03T19:48:39+08:00 ] 183.166.46.42 /Passport/doLogin.html
INFO: [ app_init ] --START--
INFO: Run Behavior\BuildLiteBehavior [ RunTime:0.000008s ]
INFO: [ app_init ] --END-- [ RunTime:0.000063s ]
INFO: [ app_begin ] --START--
INFO: Run Behavior\ReadHtmlCacheBehavior [ RunTime:0.000023s ]
INFO: [ app_begin ] --END-- [ RunTime:0.000046s ]
SQL: SHOW COLUMNS FROM `users` [ RunTime:0.0008s ]
SQL: SELECT * FROM `users` WHERE `username` = 'root' LIMIT 1   [ RunTime:0.0005s ]
NOTIC: [8] Undefined index: usernmae /data/wwwroot/share/Application/Common/Model/PassportModel.class.php 第 117 行.
SQL: UPDATE `users` SET `iden`='0fdda7425da6c694b2c482f79eca9366' WHERE `id` = 1 [ RunTime:0.0005s ]
SQL: SELECT * FROM `users` WHERE `iden` = null LIMIT 1   [ RunTime:0.0003s ]
INFO: [ view_parse ] --START--
INFO: [ template_filter ] --START--
INFO: Run Behavior\ContentReplaceBehavior [ RunTime:0.000032s ]
INFO: [ template_filter ] --END-- [ RunTime:0.000061s ]
INFO: Run Behavior\ParseTemplateBehavior [ RunTime:0.001235s ]
INFO: [ view_parse ] --END-- [ RunTime:0.001263s ]
INFO: [ view_filter ] --START--
INFO: Run Behavior\WriteHtmlCacheBehavior [ RunTime:0.000025s ]
INFO: [ view_filter ] --END-- [ RunTime:0.000038s ]
INFO: [ app_end ] --START--
INFO: Run Behavior\ShowPageTraceBehavior [ RunTime:0.000017s ]
INFO: [ app_end ] --END-- [ RunTime:0.000030s ]

[ 2017-03-03T19:48:40+08:00 ] 183.166.46.42 /Index/index.html
INFO: [ app_init ] --START--
INFO: Run Behavior\BuildLiteBehavior [ RunTime:0.000006s ]
INFO: [ app_init ] --END-- [ RunTime:0.000044s ]
INFO: [ app_begin ] --START--
INFO: Run Behavior\ReadHtmlCacheBehavior [ RunTime:0.000015s ]
INFO: [ app_begin ] --END-- [ RunTime:0.000029s ]
SQL: SHOW COLUMNS FROM `users` [ RunTime:0.0006s ]
SQL: SHOW COLUMNS FROM `videos` [ RunTime:0.0005s ]
SQL: SHOW COLUMNS FROM `videos_item` [ RunTime:0.0004s ]
SQL: SHOW COLUMNS FROM `categroies` [ RunTime:0.0003s ]
SQL: SELECT * FROM `videos` ORDER BY ctime desc LIMIT 0,4   [ RunTime:0.0001s ]
SQL: SELECT * FROM `videos` ORDER BY likescount desc,ctime desc LIMIT 0,4   [ RunTime:0.0001s ]
SQL: SELECT * FROM `categroies`  [ RunTime:0.0001s ]
SQL: SELECT * FROM `categroies` WHERE `pid` = 0  [ RunTime:0.0001s ]
SQL: SHOW COLUMNS FROM `videos` [ RunTime:0.0003s ]
SQL: SHOW COLUMNS FROM `categroies_videos` [ RunTime:0.0003s ]
SQL: SELECT * FROM `categroies`  [ RunTime:0.0001s ]
SQL: SELECT DISTINCT v.* FROM categroies_videos cv left join videos as v on v.id=cv.vid  WHERE cv.cid IN ('5','6','7','8','18','19','20','21','22','23') ORDER BY v.likescount DESC , v.ctime DESC LIMIT 0,3   [ RunTime:0.0001s ]
SQL: SELECT DISTINCT v.* FROM categroies_videos cv left join videos as v on v.id=cv.vid  WHERE cv.cid IN ('9','10','11','12','24','25','26','27','28') ORDER BY v.likescount DESC , v.ctime DESC LIMIT 0,3   [ RunTime:0.0001s ]
SQL: SELECT DISTINCT v.* FROM categroies_videos cv left join videos as v on v.id=cv.vid  WHERE cv.cid IN ('13','14','15','29','32') ORDER BY v.likescount DESC , v.ctime DESC LIMIT 0,3   [ RunTime:0.0001s ]
SQL: SELECT DISTINCT v.* FROM categroies_videos cv left join videos as v on v.id=cv.vid  WHERE cv.cid IN ('16','17','30','31') ORDER BY v.likescount DESC , v.ctime DESC LIMIT 0,3   [ RunTime:0.0001s ]
SQL: SELECT DISTINCT v.* FROM categroies_videos cv left join videos as v on v.id=cv.vid  WHERE cv.cid IN ('5','6','7','8','18','19','20','21','22','23') ORDER BY v.likescount DESC , v.ctime DESC LIMIT 0,4   [ RunTime:0.0001s ]
SQL: SELECT DISTINCT v.* FROM categroies_videos cv left join videos as v on v.id=cv.vid  WHERE cv.cid IN ('9','10','11','12','24','25','26','27','28') ORDER BY v.likescount DESC , v.ctime DESC LIMIT 0,4   [ RunTime:0.0001s ]
SQL: SELECT DISTINCT v.* FROM categroies_videos cv left join videos as v on v.id=cv.vid  WHERE cv.cid IN ('13','14','15','29','32') ORDER BY v.likescount DESC , v.ctime DESC LIMIT 0,4   [ RunTime:0.0001s ]
SQL: SELECT DISTINCT v.* FROM categroies_videos cv left join videos as v on v.id=cv.vid  WHERE cv.cid IN ('16','17','30','31') ORDER BY v.likescount DESC , v.ctime DESC LIMIT 0,4   [ RunTime:0.0001s ]
SQL: SHOW COLUMNS FROM `views` [ RunTime:0.0004s ]
SQL: INSERT INTO `views` (`user_name`,`user_agent`,`user_ip`,`vtime`) VALUES ('root','Mozilla/5.0 (Windows NT 10.0; WOW64) AppleWebKit/537.36 (KHTML, like Gecko) Chrome/56.0.2924.87 Safari/537.36','183.166.46.42','1488541720') [ RunTime:0.0003s ]
INFO: [ view_parse ] --START--
INFO: [ template_filter ] --START--
INFO: Run Behavior\ContentReplaceBehavior [ RunTime:0.000120s ]
INFO: [ template_filter ] --END-- [ RunTime:0.000165s ]
INFO: Run Behavior\ParseTemplateBehavior [ RunTime:0.011045s ]
INFO: [ view_parse ] --END-- [ RunTime:0.011071s ]
INFO: [ view_filter ] --START--
INFO: Run Behavior\WriteHtmlCacheBehavior [ RunTime:0.000034s ]
INFO: [ view_filter ] --END-- [ RunTime:0.000046s ]
INFO: [ app_end ] --START--
INFO: Run Behavior\ShowPageTraceBehavior [ RunTime:0.000026s ]
INFO: [ app_end ] --END-- [ RunTime:0.000041s ]

[ 2017-03-03T19:48:43+08:00 ] 183.166.46.42 /Uploader/index.html
INFO: [ app_init ] --START--
INFO: Run Behavior\BuildLiteBehavior [ RunTime:0.000009s ]
INFO: [ app_init ] --END-- [ RunTime:0.000065s ]
INFO: [ app_begin ] --START--
INFO: Run Behavior\ReadHtmlCacheBehavior [ RunTime:0.000020s ]
INFO: [ app_begin ] --END-- [ RunTime:0.000040s ]
SQL: SHOW COLUMNS FROM `videos` [ RunTime:0.0011s ]
SQL: SHOW COLUMNS FROM `categroies` [ RunTime:0.0005s ]
SQL: SELECT * FROM `categroies`  [ RunTime:0.0001s ]
INFO: [ view_parse ] --START--
INFO: [ template_filter ] --START--
INFO: Run Behavior\ContentReplaceBehavior [ RunTime:0.000109s ]
INFO: [ template_filter ] --END-- [ RunTime:0.000246s ]
INFO: Run Behavior\ParseTemplateBehavior [ RunTime:0.006096s ]
INFO: [ view_parse ] --END-- [ RunTime:0.006126s ]
INFO: [ view_filter ] --START--
INFO: Run Behavior\WriteHtmlCacheBehavior [ RunTime:0.000087s ]
INFO: [ view_filter ] --END-- [ RunTime:0.000125s ]
INFO: [ app_end ] --START--
INFO: Run Behavior\ShowPageTraceBehavior [ RunTime:0.000026s ]
INFO: [ app_end ] --END-- [ RunTime:0.000156s ]

[ 2017-03-03T22:37:59+08:00 ] 61.151.226.202 /Passport/unLogin.html
INFO: [ app_init ] --START--
INFO: Run Behavior\BuildLiteBehavior [ RunTime:0.000009s ]
INFO: [ app_init ] --END-- [ RunTime:0.000062s ]
INFO: [ app_begin ] --START--
INFO: Run Behavior\ReadHtmlCacheBehavior [ RunTime:0.000022s ]
INFO: [ app_begin ] --END-- [ RunTime:0.000039s ]
SQL: SHOW COLUMNS FROM `users` [ RunTime:0.0008s ]
NOTIC: [8] Undefined index: username /data/wwwroot/share/Application/Common/Model/PassportModel.class.php 第 133 行.
SQL: UPDATE `users` SET `iden`='' WHERE `username` = null [ RunTime:0.0003s ]
INFO: [ view_parse ] --START--
INFO: [ template_filter ] --START--
INFO: Run Behavior\ContentReplaceBehavior [ RunTime:0.000031s ]
INFO: [ template_filter ] --END-- [ RunTime:0.000059s ]
INFO: Run Behavior\ParseTemplateBehavior [ RunTime:0.001165s ]
INFO: [ view_parse ] --END-- [ RunTime:0.001186s ]
INFO: [ view_filter ] --START--
INFO: Run Behavior\WriteHtmlCacheBehavior [ RunTime:0.000025s ]
INFO: [ view_filter ] --END-- [ RunTime:0.000033s ]
INFO: [ app_end ] --START--
INFO: Run Behavior\ShowPageTraceBehavior [ RunTime:0.000018s ]
INFO: [ app_end ] --END-- [ RunTime:0.000026s ]

[ 2017-03-03T22:41:23+08:00 ] 101.226.66.180 /Uploader/index.html
INFO: [ app_init ] --START--
INFO: Run Behavior\BuildLiteBehavior [ RunTime:0.000009s ]
INFO: [ app_init ] --END-- [ RunTime:0.000071s ]
INFO: [ app_begin ] --START--
INFO: Run Behavior\ReadHtmlCacheBehavior [ RunTime:0.000027s ]
INFO: [ app_begin ] --END-- [ RunTime:0.000049s ]
SQL: SHOW COLUMNS FROM `users` [ RunTime:0.0010s ]
SQL: SELECT * FROM `users` WHERE `iden` = null LIMIT 1   [ RunTime:0.0001s ]
SQL: SHOW COLUMNS FROM `videos` [ RunTime:0.0007s ]
SQL: SHOW COLUMNS FROM `categroies` [ RunTime:0.0005s ]

[ 2017-03-03T22:50:08+08:00 ] 101.226.64.177 /Search/index.html?keyword%252525253D%2525252525E6%252525252597%25252525258B%2525252525E8%2525252525BD%2525252525AC
INFO: [ app_init ] --START--
INFO: Run Behavior\BuildLiteBehavior [ RunTime:0.000009s ]
INFO: [ app_init ] --END-- [ RunTime:0.000081s ]
INFO: [ app_begin ] --START--
INFO: Run Behavior\ReadHtmlCacheBehavior [ RunTime:0.000035s ]
INFO: [ app_begin ] --END-- [ RunTime:0.000068s ]
SQL: SHOW COLUMNS FROM `users` [ RunTime:0.0123s ]
SQL: SELECT * FROM `users` WHERE `iden` = null LIMIT 1   [ RunTime:0.0004s ]
SQL: SHOW COLUMNS FROM `videos` [ RunTime:0.0009s ]
SQL: SHOW COLUMNS FROM `categroies` [ RunTime:0.0292s ]
SQL: SELECT COUNT(*) AS tp_count FROM `videos` WHERE `name` LIKE '%%' LIMIT 1   [ RunTime:0.0002s ]
SQL: SELECT * FROM `videos` WHERE `name` LIKE '%%' LIMIT 0,9   [ RunTime:0.0001s ]
SQL: SELECT * FROM `categroies` WHERE `pid` <> 0  [ RunTime:0.0001s ]
INFO: [ view_parse ] --START--
INFO: [ template_filter ] --START--
INFO: Run Behavior\ContentReplaceBehavior [ RunTime:0.000499s ]
INFO: [ template_filter ] --END-- [ RunTime:0.000545s ]
INFO: Run Behavior\ParseTemplateBehavior [ RunTime:0.012511s ]
INFO: [ view_parse ] --END-- [ RunTime:0.012557s ]
INFO: [ view_filter ] --START--
INFO: Run Behavior\WriteHtmlCacheBehavior [ RunTime:0.000059s ]
INFO: [ view_filter ] --END-- [ RunTime:0.000078s ]
INFO: [ app_end ] --START--
INFO: Run Behavior\ShowPageTraceBehavior [ RunTime:0.000036s ]
INFO: [ app_end ] --END-- [ RunTime:0.000059s ]

[ 2017-03-03T23:11:15+08:00 ] 180.153.214.178 /Passport/index.html
INFO: [ app_init ] --START--
INFO: Run Behavior\BuildLiteBehavior [ RunTime:0.000007s ]
INFO: [ app_init ] --END-- [ RunTime:0.000042s ]
INFO: [ app_begin ] --START--
INFO: Run Behavior\ReadHtmlCacheBehavior [ RunTime:0.000015s ]
INFO: [ app_begin ] --END-- [ RunTime:0.000029s ]
INFO: [ view_parse ] --START--
INFO: [ template_filter ] --START--
INFO: Run Behavior\ContentReplaceBehavior [ RunTime:0.000034s ]
INFO: [ template_filter ] --END-- [ RunTime:0.000062s ]
INFO: Run Behavior\ParseTemplateBehavior [ RunTime:0.001000s ]
INFO: [ view_parse ] --END-- [ RunTime:0.001025s ]
INFO: [ view_filter ] --START--
INFO: Run Behavior\WriteHtmlCacheBehavior [ RunTime:0.000041s ]
INFO: [ view_filter ] --END-- [ RunTime:0.000056s ]
INFO: [ app_end ] --START--
INFO: Run Behavior\ShowPageTraceBehavior [ RunTime:0.000029s ]
INFO: [ app_end ] --END-- [ RunTime:0.000049s ]

