[ 2017-03-05T02:18:03+08:00 ] 117.185.27.113 /Search/index.html?keyword%252525252525252525252525253D%2525252525252525252525252525E6%252525252525252525252525252597%25252525252525252525252525258B%2525252525252525252525252525E8%2525252525252525252525252525BD%2525252525252525252525252525AC
INFO: [ app_init ] --START--
INFO: Run Behavior\BuildLiteBehavior [ RunTime:0.001206s ]
INFO: [ app_init ] --END-- [ RunTime:0.001276s ]
INFO: [ app_begin ] --START--
INFO: Run Behavior\ReadHtmlCacheBehavior [ RunTime:0.000050s ]
INFO: [ app_begin ] --END-- [ RunTime:0.000071s ]
SQL: SHOW COLUMNS FROM `users` [ RunTime:0.0007s ]
SQL: SELECT * FROM `users` WHERE `iden` = null LIMIT 1   [ RunTime:0.0002s ]
SQL: SHOW COLUMNS FROM `videos` [ RunTime:0.0007s ]
SQL: SHOW COLUMNS FROM `categroies` [ RunTime:0.0005s ]
SQL: SELECT COUNT(*) AS tp_count FROM `videos` WHERE `name` LIKE '%%' LIMIT 1   [ RunTime:0.0001s ]
SQL: SELECT * FROM `videos` WHERE `name` LIKE '%%' LIMIT 0,9   [ RunTime:0.0001s ]
SQL: SELECT * FROM `categroies` WHERE `pid` <> 0  [ RunTime:0.0001s ]
INFO: [ view_parse ] --START--
INFO: [ template_filter ] --START--
INFO: Run Behavior\ContentReplaceBehavior [ RunTime:0.000100s ]
INFO: [ template_filter ] --END-- [ RunTime:0.000136s ]
INFO: Run Behavior\ParseTemplateBehavior [ RunTime:0.005699s ]
INFO: [ view_parse ] --END-- [ RunTime:0.005729s ]
INFO: [ view_filter ] --START--
INFO: Run Behavior\WriteHtmlCacheBehavior [ RunTime:0.000040s ]
INFO: [ view_filter ] --END-- [ RunTime:0.000059s ]
INFO: [ app_end ] --START--
INFO: Run Behavior\ShowPageTraceBehavior [ RunTime:0.000032s ]
INFO: [ app_end ] --END-- [ RunTime:0.000049s ]

[ 2017-03-05T04:38:43+08:00 ] 180.163.2.116 /Search/index.html?keyword%25252525252525252525252525253D%252525252525252525252525252525E6%25252525252525252525252525252597%2525252525252525252525252525258B%252525252525252525252525252525E8%252525252525252525252525252525BD%252525252525252525252525252525AC
INFO: [ app_init ] --START--
INFO: Run Behavior\BuildLiteBehavior [ RunTime:0.000008s ]
INFO: [ app_init ] --END-- [ RunTime:0.000066s ]
INFO: [ app_begin ] --START--
INFO: Run Behavior\ReadHtmlCacheBehavior [ RunTime:0.000028s ]
INFO: [ app_begin ] --END-- [ RunTime:0.000049s ]
SQL: SHOW COLUMNS FROM `users` [ RunTime:0.0010s ]
SQL: SELECT * FROM `users` WHERE `iden` = null LIMIT 1   [ RunTime:0.0001s ]
SQL: SHOW COLUMNS FROM `videos` [ RunTime:0.0005s ]
SQL: SHOW COLUMNS FROM `categroies` [ RunTime:0.0005s ]
SQL: SELECT COUNT(*) AS tp_count FROM `videos` WHERE `name` LIKE '%%' LIMIT 1   [ RunTime:0.0001s ]
SQL: SELECT * FROM `videos` WHERE `name` LIKE '%%' LIMIT 0,9   [ RunTime:0.0001s ]
SQL: SELECT * FROM `categroies` WHERE `pid` <> 0  [ RunTime:0.0001s ]
INFO: [ view_parse ] --START--
INFO: [ template_filter ] --START--
INFO: Run Behavior\ContentReplaceBehavior [ RunTime:0.000118s ]
INFO: [ template_filter ] --END-- [ RunTime:0.000149s ]
INFO: Run Behavior\ParseTemplateBehavior [ RunTime:0.004619s ]
INFO: [ view_parse ] --END-- [ RunTime:0.004647s ]
INFO: [ view_filter ] --START--
INFO: Run Behavior\WriteHtmlCacheBehavior [ RunTime:0.000037s ]
INFO: [ view_filter ] --END-- [ RunTime:0.000053s ]
INFO: [ app_end ] --START--
INFO: Run Behavior\ShowPageTraceBehavior [ RunTime:0.000028s ]
INFO: [ app_end ] --END-- [ RunTime:0.000265s ]

[ 2017-03-05T07:01:12+08:00 ] 101.226.61.206 /Search/index.html?keyword%2525252525252525252525252525253D%25252525252525252525252525252525E6%2525252525252525252525252525252597%252525252525252525252525252525258B%25252525252525252525252525252525E8%25252525252525252525252525252525BD%25252525252525252525252525252525AC
INFO: [ app_init ] --START--
INFO: Run Behavior\BuildLiteBehavior [ RunTime:0.000006s ]
INFO: [ app_init ] --END-- [ RunTime:0.000050s ]
INFO: [ app_begin ] --START--
INFO: Run Behavior\ReadHtmlCacheBehavior [ RunTime:0.000023s ]
INFO: [ app_begin ] --END-- [ RunTime:0.000046s ]
SQL: SHOW COLUMNS FROM `users` [ RunTime:0.0008s ]
SQL: SELECT * FROM `users` WHERE `iden` = null LIMIT 1   [ RunTime:0.0001s ]
SQL: SHOW COLUMNS FROM `videos` [ RunTime:0.0005s ]
SQL: SHOW COLUMNS FROM `categroies` [ RunTime:0.0004s ]
SQL: SELECT COUNT(*) AS tp_count FROM `videos` WHERE `name` LIKE '%%' LIMIT 1   [ RunTime:0.0001s ]
SQL: SELECT * FROM `videos` WHERE `name` LIKE '%%' LIMIT 0,9   [ RunTime:0.0001s ]
SQL: SELECT * FROM `categroies` WHERE `pid` <> 0  [ RunTime:0.0001s ]
INFO: [ view_parse ] --START--
INFO: [ template_filter ] --START--
INFO: Run Behavior\ContentReplaceBehavior [ RunTime:0.000542s ]
INFO: [ template_filter ] --END-- [ RunTime:0.000577s ]
INFO: Run Behavior\ParseTemplateBehavior [ RunTime:0.005108s ]
INFO: [ view_parse ] --END-- [ RunTime:0.005135s ]
INFO: [ view_filter ] --START--
INFO: Run Behavior\WriteHtmlCacheBehavior [ RunTime:0.000049s ]
INFO: [ view_filter ] --END-- [ RunTime:0.000068s ]
INFO: [ app_end ] --START--
INFO: Run Behavior\ShowPageTraceBehavior [ RunTime:0.000034s ]
INFO: [ app_end ] --END-- [ RunTime:0.000058s ]

[ 2017-03-05T10:29:43+08:00 ] 101.226.89.116 /Search/index.html?keyword%252525252525252525252525252525253D%2525252525252525252525252525252525E6%252525252525252525252525252525252597%25252525252525252525252525252525258B%2525252525252525252525252525252525E8%2525252525252525252525252525252525BD%2525252525252525252525252525252525AC
INFO: [ app_init ] --START--
INFO: Run Behavior\BuildLiteBehavior [ RunTime:0.000006s ]
INFO: [ app_init ] --END-- [ RunTime:0.000046s ]
INFO: [ app_begin ] --START--
INFO: Run Behavior\ReadHtmlCacheBehavior [ RunTime:0.000017s ]
INFO: [ app_begin ] --END-- [ RunTime:0.000030s ]
SQL: SHOW COLUMNS FROM `users` [ RunTime:0.0006s ]
SQL: SELECT * FROM `users` WHERE `iden` = null LIMIT 1   [ RunTime:0.0001s ]
SQL: SHOW COLUMNS FROM `videos` [ RunTime:0.0004s ]
SQL: SHOW COLUMNS FROM `categroies` [ RunTime:0.0003s ]
SQL: SELECT COUNT(*) AS tp_count FROM `videos` WHERE `name` LIKE '%%' LIMIT 1   [ RunTime:0.0001s ]
SQL: SELECT * FROM `videos` WHERE `name` LIKE '%%' LIMIT 0,9   [ RunTime:0.0001s ]
SQL: SELECT * FROM `categroies` WHERE `pid` <> 0  [ RunTime:0.0002s ]
INFO: [ view_parse ] --START--
INFO: [ template_filter ] --START--
INFO: Run Behavior\ContentReplaceBehavior [ RunTime:0.000077s ]
INFO: [ template_filter ] --END-- [ RunTime:0.000097s ]
INFO: Run Behavior\ParseTemplateBehavior [ RunTime:0.002914s ]
INFO: [ view_parse ] --END-- [ RunTime:0.002934s ]
INFO: [ view_filter ] --START--
INFO: Run Behavior\WriteHtmlCacheBehavior [ RunTime:0.000026s ]
INFO: [ view_filter ] --END-- [ RunTime:0.000036s ]
INFO: [ app_end ] --START--
INFO: Run Behavior\ShowPageTraceBehavior [ RunTime:0.000019s ]
INFO: [ app_end ] --END-- [ RunTime:0.000029s ]

[ 2017-03-05T13:02:38+08:00 ] 101.226.89.116 /Search/index.html?keyword%25252525252525252525252525252525253D%252525252525252525252525252525252525E6%25252525252525252525252525252525252597%2525252525252525252525252525252525258B%252525252525252525252525252525252525E8%252525252525252525252525252525252525BD%252525252525252525252525252525252525AC
INFO: [ app_init ] --START--
INFO: Run Behavior\BuildLiteBehavior [ RunTime:0.000009s ]
INFO: [ app_init ] --END-- [ RunTime:0.000069s ]
INFO: [ app_begin ] --START--
INFO: Run Behavior\ReadHtmlCacheBehavior [ RunTime:0.000026s ]
INFO: [ app_begin ] --END-- [ RunTime:0.000047s ]
SQL: SHOW COLUMNS FROM `users` [ RunTime:0.0007s ]
SQL: SELECT * FROM `users` WHERE `iden` = null LIMIT 1   [ RunTime:0.0001s ]
SQL: SHOW COLUMNS FROM `videos` [ RunTime:0.0004s ]
SQL: SHOW COLUMNS FROM `categroies` [ RunTime:0.0004s ]
SQL: SELECT COUNT(*) AS tp_count FROM `videos` WHERE `name` LIKE '%%' LIMIT 1   [ RunTime:0.0001s ]
SQL: SELECT * FROM `videos` WHERE `name` LIKE '%%' LIMIT 0,9   [ RunTime:0.0001s ]
SQL: SELECT * FROM `categroies` WHERE `pid` <> 0  [ RunTime:0.0001s ]
INFO: [ view_parse ] --START--
INFO: [ template_filter ] --START--
INFO: Run Behavior\ContentReplaceBehavior [ RunTime:0.000113s ]
INFO: [ template_filter ] --END-- [ RunTime:0.000198s ]
INFO: Run Behavior\ParseTemplateBehavior [ RunTime:0.003310s ]
INFO: [ view_parse ] --END-- [ RunTime:0.003335s ]
INFO: [ view_filter ] --START--
INFO: Run Behavior\WriteHtmlCacheBehavior [ RunTime:0.000033s ]
INFO: [ view_filter ] --END-- [ RunTime:0.000047s ]
INFO: [ app_end ] --START--
INFO: Run Behavior\ShowPageTraceBehavior [ RunTime:0.000028s ]
INFO: [ app_end ] --END-- [ RunTime:0.000046s ]

[ 2017-03-05T16:46:33+08:00 ] 101.226.66.191 /Search/index.html?keyword%2525252525252525252525252525252525253D%25252525252525252525252525252525252525E6%2525252525252525252525252525252525252597%252525252525252525252525252525252525258B%25252525252525252525252525252525252525E8%25252525252525252525252525252525252525BD%25252525252525252525252525252525252525AC
INFO: [ app_init ] --START--
INFO: Run Behavior\BuildLiteBehavior [ RunTime:0.000008s ]
INFO: [ app_init ] --END-- [ RunTime:0.000068s ]
INFO: [ app_begin ] --START--
INFO: Run Behavior\ReadHtmlCacheBehavior [ RunTime:0.000021s ]
INFO: [ app_begin ] --END-- [ RunTime:0.000042s ]
SQL: SHOW COLUMNS FROM `users` [ RunTime:0.0006s ]
SQL: SELECT * FROM `users` WHERE `iden` = null LIMIT 1   [ RunTime:0.0001s ]
SQL: SHOW COLUMNS FROM `videos` [ RunTime:0.0003s ]
SQL: SHOW COLUMNS FROM `categroies` [ RunTime:0.0004s ]
SQL: SELECT COUNT(*) AS tp_count FROM `videos` WHERE `name` LIKE '%%' LIMIT 1   [ RunTime:0.0001s ]
SQL: SELECT * FROM `videos` WHERE `name` LIKE '%%' LIMIT 0,9   [ RunTime:0.0001s ]
SQL: SELECT * FROM `categroies` WHERE `pid` <> 0  [ RunTime:0.0001s ]
INFO: [ view_parse ] --START--
INFO: [ template_filter ] --START--
INFO: Run Behavior\ContentReplaceBehavior [ RunTime:0.000089s ]
INFO: [ template_filter ] --END-- [ RunTime:0.000141s ]
INFO: Run Behavior\ParseTemplateBehavior [ RunTime:0.003710s ]
INFO: [ view_parse ] --END-- [ RunTime:0.003730s ]
INFO: [ view_filter ] --START--
INFO: Run Behavior\WriteHtmlCacheBehavior [ RunTime:0.000030s ]
INFO: [ view_filter ] --END-- [ RunTime:0.000041s ]
INFO: [ app_end ] --START--
INFO: Run Behavior\ShowPageTraceBehavior [ RunTime:0.000084s ]
INFO: [ app_end ] --END-- [ RunTime:0.000095s ]

[ 2017-03-05T19:46:13+08:00 ] 101.226.89.119 /Search/index.html?keyword%252525252525252525252525252525252525253D%2525252525252525252525252525252525252525E6%252525252525252525252525252525252525252597%25252525252525252525252525252525252525258B%2525252525252525252525252525252525252525E8%2525252525252525252525252525252525252525BD%2525252525252525252525252525252525252525AC
INFO: [ app_init ] --START--
INFO: Run Behavior\BuildLiteBehavior [ RunTime:0.000007s ]
INFO: [ app_init ] --END-- [ RunTime:0.000060s ]
INFO: [ app_begin ] --START--
INFO: Run Behavior\ReadHtmlCacheBehavior [ RunTime:0.000021s ]
INFO: [ app_begin ] --END-- [ RunTime:0.000037s ]
SQL: SHOW COLUMNS FROM `users` [ RunTime:0.0006s ]
SQL: SELECT * FROM `users` WHERE `iden` = null LIMIT 1   [ RunTime:0.0001s ]
SQL: SHOW COLUMNS FROM `videos` [ RunTime:0.0004s ]
SQL: SHOW COLUMNS FROM `categroies` [ RunTime:0.0005s ]
SQL: SELECT COUNT(*) AS tp_count FROM `videos` WHERE `name` LIKE '%%' LIMIT 1   [ RunTime:0.0001s ]
SQL: SELECT * FROM `videos` WHERE `name` LIKE '%%' LIMIT 0,9   [ RunTime:0.0001s ]
SQL: SELECT * FROM `categroies` WHERE `pid` <> 0  [ RunTime:0.0001s ]
INFO: [ view_parse ] --START--
INFO: [ template_filter ] --START--
INFO: Run Behavior\ContentReplaceBehavior [ RunTime:0.000083s ]
INFO: [ template_filter ] --END-- [ RunTime:0.000110s ]
INFO: Run Behavior\ParseTemplateBehavior [ RunTime:0.003535s ]
INFO: [ view_parse ] --END-- [ RunTime:0.003563s ]
INFO: [ view_filter ] --START--
INFO: Run Behavior\WriteHtmlCacheBehavior [ RunTime:0.000035s ]
INFO: [ view_filter ] --END-- [ RunTime:0.000050s ]
INFO: [ app_end ] --START--
INFO: Run Behavior\ShowPageTraceBehavior [ RunTime:0.000039s ]
INFO: [ app_end ] --END-- [ RunTime:0.000057s ]

[ 2017-03-05T22:13:15+08:00 ] 117.185.27.113 /Search/index.html?keyword%25252525252525252525252525252525252525253D%252525252525252525252525252525252525252525E6%25252525252525252525252525252525252525252597%2525252525252525252525252525252525252525258B%252525252525252525252525252525252525252525E8%252525252525252525252525252525252525252525BD%252525252525252525252525252525252525252525AC
INFO: [ app_init ] --START--
INFO: Run Behavior\BuildLiteBehavior [ RunTime:0.000010s ]
INFO: [ app_init ] --END-- [ RunTime:0.000072s ]
INFO: [ app_begin ] --START--
INFO: Run Behavior\ReadHtmlCacheBehavior [ RunTime:0.000037s ]
INFO: [ app_begin ] --END-- [ RunTime:0.000082s ]
SQL: SHOW COLUMNS FROM `users` [ RunTime:0.0008s ]
SQL: SELECT * FROM `users` WHERE `iden` = null LIMIT 1   [ RunTime:0.0001s ]
SQL: SHOW COLUMNS FROM `videos` [ RunTime:0.0006s ]
SQL: SHOW COLUMNS FROM `categroies` [ RunTime:0.0006s ]
SQL: SELECT COUNT(*) AS tp_count FROM `videos` WHERE `name` LIKE '%%' LIMIT 1   [ RunTime:0.0001s ]
SQL: SELECT * FROM `videos` WHERE `name` LIKE '%%' LIMIT 0,9   [ RunTime:0.0001s ]
SQL: SELECT * FROM `categroies` WHERE `pid` <> 0  [ RunTime:0.0001s ]
INFO: [ view_parse ] --START--
INFO: [ template_filter ] --START--
INFO: Run Behavior\ContentReplaceBehavior [ RunTime:0.000099s ]
INFO: [ template_filter ] --END-- [ RunTime:0.000135s ]
INFO: Run Behavior\ParseTemplateBehavior [ RunTime:0.004411s ]
INFO: [ view_parse ] --END-- [ RunTime:0.004443s ]
INFO: [ view_filter ] --START--
INFO: Run Behavior\WriteHtmlCacheBehavior [ RunTime:0.000048s ]
INFO: [ view_filter ] --END-- [ RunTime:0.000070s ]
INFO: [ app_end ] --START--
INFO: Run Behavior\ShowPageTraceBehavior [ RunTime:0.000041s ]
INFO: [ app_end ] --END-- [ RunTime:0.000064s ]

