[ 2018-05-10T14:41:19+08:00 ] 172.23.0.1 /
INFO: [ app_init ] --START--
INFO: Run Behavior\BuildLiteBehavior [ RunTime:0.000006s ]
INFO: [ app_init ] --END-- [ RunTime:0.000368s ]
INFO: [ app_begin ] --START--
INFO: Run Behavior\ReadHtmlCacheBehavior [ RunTime:0.000552s ]
INFO: [ app_begin ] --END-- [ RunTime:0.000566s ]
NOTIC: [2] session_start(): Cannot start session when headers already sent /var/www/ThinkPHP/Common/functions.php 第 1263 行.
ERR: SQLSTATE[HY000] [2002] Connection refused
NOTIC: [2] Cannot modify header information - headers already sent by (output started at /var/www/Application/Common/Conf/config.php:1) /var/www/ThinkPHP/Library/Think/Think.class.php 第 229 行.
NOTIC: [2] Cannot modify header information - headers already sent by (output started at /var/www/Application/Common/Conf/config.php:1) /var/www/ThinkPHP/Library/Think/Think.class.php 第 230 行.

[ 2018-05-10T14:41:47+08:00 ] 172.23.0.1 /
INFO: [ app_init ] --START--
INFO: Run Behavior\BuildLiteBehavior [ RunTime:0.000018s ]
INFO: [ app_init ] --END-- [ RunTime:0.000177s ]
INFO: [ app_begin ] --START--
INFO: Run Behavior\ReadHtmlCacheBehavior [ RunTime:0.000082s ]
INFO: [ app_begin ] --END-- [ RunTime:0.000116s ]
NOTIC: [2] session_start(): Cannot start session when headers already sent /var/www/ThinkPHP/Common/functions.php 第 1263 行.
SQL: SHOW COLUMNS FROM `views` [ RunTime:0.0017s ]
SQL: SELECT COUNT(*) AS tp_count FROM `views` LIMIT 1   [ RunTime:0.0011s ]
SQL: SHOW COLUMNS FROM `users` [ RunTime:0.0012s ]
SQL: SELECT * FROM `users` WHERE `iden` = null LIMIT 1   [ RunTime:0.0006s ]
SQL: SHOW COLUMNS FROM `videos` [ RunTime:0.0018s ]
SQL: SHOW COLUMNS FROM `videos_item` [ RunTime:0.0013s ]
SQL: SHOW COLUMNS FROM `categroies` [ RunTime:0.0014s ]
SQL: SELECT * FROM `videos` ORDER BY ctime desc LIMIT 0,4   [ RunTime:0.0008s ]
SQL: SELECT * FROM `videos` ORDER BY views desc,likescount desc,ctime desc LIMIT 0,4   [ RunTime:0.0005s ]
SQL: SELECT * FROM `categroies`  [ RunTime:0.0005s ]
SQL: SELECT * FROM `categroies` WHERE `pid` = 0  [ RunTime:0.0005s ]
SQL: SHOW COLUMNS FROM `videos` [ RunTime:0.0007s ]
SQL: SHOW COLUMNS FROM `categroies_videos` [ RunTime:0.0006s ]
SQL: SELECT * FROM `categroies`  [ RunTime:0.0005s ]
SQL: SELECT DISTINCT v.* FROM categroies_videos cv left join videos as v on v.id=cv.vid  WHERE cv.cid IN ('5','6','7','8','18','19','20','21','22','23') ORDER BY v.likescount DESC , v.ctime DESC LIMIT 0,3   [ RunTime:0.0006s ]
SQL: SELECT DISTINCT v.* FROM categroies_videos cv left join videos as v on v.id=cv.vid  WHERE cv.cid IN ('9','10','11','12','24','25','26','27','28') ORDER BY v.likescount DESC , v.ctime DESC LIMIT 0,3   [ RunTime:0.0014s ]
SQL: SELECT DISTINCT v.* FROM categroies_videos cv left join videos as v on v.id=cv.vid  WHERE cv.cid IN ('13','14','15','29','32') ORDER BY v.likescount DESC , v.ctime DESC LIMIT 0,3   [ RunTime:0.0010s ]
SQL: SELECT DISTINCT v.* FROM categroies_videos cv left join videos as v on v.id=cv.vid  WHERE cv.cid IN ('16','17','30','31') ORDER BY v.likescount DESC , v.ctime DESC LIMIT 0,3   [ RunTime:0.0009s ]
SQL: SELECT DISTINCT v.* FROM categroies_videos cv left join videos as v on v.id=cv.vid  WHERE cv.cid IN ('5','6','7','8','18','19','20','21','22','23') ORDER BY v.likescount DESC , v.ctime DESC LIMIT 0,4   [ RunTime:0.0008s ]
SQL: SELECT DISTINCT v.* FROM categroies_videos cv left join videos as v on v.id=cv.vid  WHERE cv.cid IN ('9','10','11','12','24','25','26','27','28') ORDER BY v.likescount DESC , v.ctime DESC LIMIT 0,4   [ RunTime:0.0007s ]
SQL: SELECT DISTINCT v.* FROM categroies_videos cv left join videos as v on v.id=cv.vid  WHERE cv.cid IN ('13','14','15','29','32') ORDER BY v.likescount DESC , v.ctime DESC LIMIT 0,4   [ RunTime:0.0007s ]
SQL: SELECT DISTINCT v.* FROM categroies_videos cv left join videos as v on v.id=cv.vid  WHERE cv.cid IN ('16','17','30','31') ORDER BY v.likescount DESC , v.ctime DESC LIMIT 0,4   [ RunTime:0.0008s ]
SQL: INSERT INTO `views` (`user_name`,`user_agent`,`user_ip`,`vtime`) VALUES ('保密','Mozilla/5.0 (X11; Linux x86_64) AppleWebKit/537.36 (KHTML, like Gecko) Chrome/66.0.3359.139 Safari/537.36','172.23.0.1','1525934507') [ RunTime:0.0067s ]
INFO: [ view_parse ] --START--
INFO: [ template_filter ] --START--
INFO: Run Behavior\ContentReplaceBehavior [ RunTime:0.000119s ]
INFO: [ template_filter ] --END-- [ RunTime:0.000201s ]
INFO: Run Behavior\ParseTemplateBehavior [ RunTime:0.027375s ]
INFO: [ view_parse ] --END-- [ RunTime:0.027429s ]
INFO: [ view_filter ] --START--
INFO: Run Behavior\WriteHtmlCacheBehavior [ RunTime:0.000434s ]
INFO: [ view_filter ] --END-- [ RunTime:0.000454s ]
NOTIC: [2] Cannot modify header information - headers already sent by (output started at /var/www/Application/Common/Conf/config.php:1) /var/www/ThinkPHP/Library/Think/View.class.php 第 91 行.
NOTIC: [2] Cannot modify header information - headers already sent by (output started at /var/www/Application/Common/Conf/config.php:1) /var/www/ThinkPHP/Library/Think/View.class.php 第 92 行.
NOTIC: [2] Cannot modify header information - headers already sent by (output started at /var/www/Application/Common/Conf/config.php:1) /var/www/ThinkPHP/Library/Think/View.class.php 第 93 行.
INFO: [ app_end ] --START--
INFO: Run Behavior\ShowPageTraceBehavior [ RunTime:0.000760s ]
INFO: [ app_end ] --END-- [ RunTime:0.000785s ]

